Using pre-set license
Built from '2020.3/staging' branch; Version is '2020.3.11f1 (99c7afb366b3) revision 10078127'; Using compiler version '192528614'; Build Type 'Release'
OS: 'Windows 10 Home; OS build 19043.1081; Version 2009; 64bit' Language: 'ko' Physical Memory: 32693 MB
BatchMode: 1, IsHumanControllingUs: 0, StartBugReporterOnCrash: 0, Is64bit: 1, IsPro: 0

 COMMAND LINE ARGUMENTS:
D:\Unity\2020.3.11f1\Editor\Unity.exe
-adb2
-batchMode
-noUpm
-name
AssetImportWorker0
-projectPath
D:/Yeil/3DShootingUnity/3DShooting
-logFile
Logs/AssetImportWorker0.log
-srvPort
13924
Successfully changed project path to: D:/Yeil/3DShootingUnity/3DShooting
D:/Yeil/3DShootingUnity/3DShooting
Using Asset Import Pipeline V2.
Refreshing native plugins compatible for Editor in 24.80 ms, found 2 plugins.
Preloading 0 native plugins for Editor in 0.00 ms.
Initialize engine version: 2020.3.11f1 (99c7afb366b3)
[Subsystems] Discovering subsystems at path D:/Unity/2020.3.11f1/Editor/Data/Resources/UnitySubsystems
[Subsystems] Discovering subsystems at path D:/Yeil/3DShootingUnity/3DShooting/Assets
GfxDevice: creating device client; threaded=0
Direct3D:
    Version:  Direct3D 11.0 [level 11.1]
    Renderer: NVIDIA GeForce GTX 1660 Ti (ID=0x2182)
    Vendor:   
    VRAM:     5991 MB
    Driver:   30.0.14.7111
Initialize mono
Mono path[0] = 'D:/Unity/2020.3.11f1/Editor/Data/Managed'
Mono path[1] = 'D:/Unity/2020.3.11f1/Editor/Data/MonoBleedingEdge/lib/mono/unityjit'
Mono config path = 'D:/Unity/2020.3.11f1/Editor/Data/MonoBleedingEdge/etc'
Using monoOptions --debugger-agent=transport=dt_socket,embedding=1,server=y,suspend=n,address=127.0.0.1:56008
Begin MonoManager ReloadAssembly
Registering precompiled unity dll's ...
Register platform support module: D:/Unity/2020.3.11f1/Editor/Data/PlaybackEngines/WindowsStandaloneSupport/UnityEditor.WindowsStandalone.Extensions.dll
Registered in 0.000970 seconds.
Native extension for WindowsStandalone target not found
Refreshing native plugins compatible for Editor in 24.72 ms, found 2 plugins.
Preloading 0 native plugins for Editor in 0.00 ms.
Mono: successfully reloaded assembly
- Completed reload, in  1.496 seconds
Platform modules already initialized, skipping
Registering precompiled user dll's ...
Registered in 0.002948 seconds.
Begin MonoManager ReloadAssembly
Native extension for WindowsStandalone target not found
Refreshing native plugins compatible for Editor in 0.34 ms, found 2 plugins.
Preloading 0 native plugins for Editor in 0.00 ms.
Mono: successfully reloaded assembly
- Completed reload, in  0.820 seconds
Platform modules already initialized, skipping
========================================================================
Worker process is ready to serve import requests
Launched and connected shader compiler UnityShaderCompiler.exe after 0.04 seconds
Refreshing native plugins compatible for Editor in 0.32 ms, found 2 plugins.
Preloading 0 native plugins for Editor in 0.00 ms.
Unloading 1394 Unused Serialized files (Serialized files now loaded: 0)
System memory in use before: 68.4 MB.
System memory in use after: 68.4 MB.

Unloading 19 unused Assets to reduce memory usage. Loaded Objects now: 1830.
Total: 1.955500 ms (FindLiveObjects: 0.172200 ms CreateObjectMapping: 0.031200 ms MarkObjects: 1.670800 ms  DeleteObjects: 0.080000 ms)

========================================================================
Received Import Request.
  path: Assets/02.Scripts/FollowCamGetAxis.cs
  artifactKey: Guid(9c301febec5cca140a592f0a7c408ed5) Importer(815301076,1909f56bfc062723c751e8b465ee728b)
Start importing Assets/02.Scripts/FollowCamGetAxis.cs using Guid(9c301febec5cca140a592f0a7c408ed5) Importer(815301076,1909f56bfc062723c751e8b465ee728b)  -> (artifact id: '3e50d37fcb14a87d428fe0e4d7f1bc4c') in 0.044616 seconds
  Import took 0.046735 seconds .

========================================================================
Received Import Request.
  Time since last request: 195.790325 seconds.
  path: Assets/02.Scripts/FollowCamGetAxis.cs
  artifactKey: Guid(9c301febec5cca140a592f0a7c408ed5) Importer(815301076,1909f56bfc062723c751e8b465ee728b)
Start importing Assets/02.Scripts/FollowCamGetAxis.cs using Guid(9c301febec5cca140a592f0a7c408ed5) Importer(815301076,1909f56bfc062723c751e8b465ee728b)  -> (artifact id: '4da14aff94bce582a2662a12d0c0d30d') in 0.001630 seconds
  Import took 0.003883 seconds .

========================================================================
Received Import Request.
  Time since last request: 316.423171 seconds.
  path: Assets/02.Scripts/FollowCamGetAxis.cs
  artifactKey: Guid(9c301febec5cca140a592f0a7c408ed5) Importer(815301076,1909f56bfc062723c751e8b465ee728b)
Start importing Assets/02.Scripts/FollowCamGetAxis.cs using Guid(9c301febec5cca140a592f0a7c408ed5) Importer(815301076,1909f56bfc062723c751e8b465ee728b)  -> (artifact id: '936095c0d03bd002b8d23b77660eee43') in 0.001665 seconds
  Import took 0.003973 seconds .

========================================================================
Received Import Request.
  Time since last request: 0.473020 seconds.
  path: Assets/02.Scripts/FollowCamGetAxis.cs
  artifactKey: Guid(9c301febec5cca140a592f0a7c408ed5) Importer(815301076,1909f56bfc062723c751e8b465ee728b)
Start importing Assets/02.Scripts/FollowCamGetAxis.cs using Guid(9c301febec5cca140a592f0a7c408ed5) Importer(815301076,1909f56bfc062723c751e8b465ee728b)  -> (artifact id: '2824267bda9e7f40d40c219380ff0ce7') in 0.001651 seconds
  Import took 0.003858 seconds .

========================================================================
Received Import Request.
  Time since last request: 52.544039 seconds.
  path: Assets/02.Scripts/FollowCamGetAxis.cs
  artifactKey: Guid(9c301febec5cca140a592f0a7c408ed5) Importer(815301076,1909f56bfc062723c751e8b465ee728b)
Start importing Assets/02.Scripts/FollowCamGetAxis.cs using Guid(9c301febec5cca140a592f0a7c408ed5) Importer(815301076,1909f56bfc062723c751e8b465ee728b)  -> (artifact id: 'fcbce63936ee5a8498417e304a4325f2') in 0.002019 seconds
  Import took 0.004912 seconds .

========================================================================
Received Import Request.
  Time since last request: 16.502236 seconds.
  path: Assets/02.Scripts/FollowCamGetAxis.cs
  artifactKey: Guid(9c301febec5cca140a592f0a7c408ed5) Importer(815301076,1909f56bfc062723c751e8b465ee728b)
Start importing Assets/02.Scripts/FollowCamGetAxis.cs using Guid(9c301febec5cca140a592f0a7c408ed5) Importer(815301076,1909f56bfc062723c751e8b465ee728b)  -> (artifact id: '93bbd021b8bac795cf7d69bb1ed81c33') in 0.001724 seconds
  Import took 0.003899 seconds .

========================================================================
Received Import Request.
  Time since last request: 29.412302 seconds.
  path: Assets/02.Scripts/FollowCamGetAxis.cs
  artifactKey: Guid(9c301febec5cca140a592f0a7c408ed5) Importer(815301076,1909f56bfc062723c751e8b465ee728b)
Start importing Assets/02.Scripts/FollowCamGetAxis.cs using Guid(9c301febec5cca140a592f0a7c408ed5) Importer(815301076,1909f56bfc062723c751e8b465ee728b)  -> (artifact id: 'a30ec4ad7c80174790f005a3ba39b12c') in 0.001596 seconds
  Import took 0.003701 seconds .

========================================================================
Received Import Request.
  Time since last request: 2.267753 seconds.
  path: Assets/02.Scripts/FollowCamGetAxis.cs
  artifactKey: Guid(9c301febec5cca140a592f0a7c408ed5) Importer(815301076,1909f56bfc062723c751e8b465ee728b)
Start importing Assets/02.Scripts/FollowCamGetAxis.cs using Guid(9c301febec5cca140a592f0a7c408ed5) Importer(815301076,1909f56bfc062723c751e8b465ee728b)  -> (artifact id: 'cde5ce2deed42b0c1f3079d69729c540') in 0.001700 seconds
  Import took 0.004070 seconds .

========================================================================
Received Import Request.
  Time since last request: 0.585262 seconds.
  path: Assets/02.Scripts/FollowCamGetAxis.cs
  artifactKey: Guid(9c301febec5cca140a592f0a7c408ed5) Importer(815301076,1909f56bfc062723c751e8b465ee728b)
Start importing Assets/02.Scripts/FollowCamGetAxis.cs using Guid(9c301febec5cca140a592f0a7c408ed5) Importer(815301076,1909f56bfc062723c751e8b465ee728b)  -> (artifact id: 'beafce7451ffc04f2a9451b1860342ee') in 0.001579 seconds
  Import took 0.003698 seconds .

========================================================================
Received Import Request.
  Time since last request: 49.394202 seconds.
  path: Assets/02.Scripts/FollowCamGetAxis.cs
  artifactKey: Guid(9c301febec5cca140a592f0a7c408ed5) Importer(815301076,1909f56bfc062723c751e8b465ee728b)
Start importing Assets/02.Scripts/FollowCamGetAxis.cs using Guid(9c301febec5cca140a592f0a7c408ed5) Importer(815301076,1909f56bfc062723c751e8b465ee728b)  -> (artifact id: '9df1254ed8ad4e302df4165ed35834d1') in 0.002146 seconds
  Import took 0.004523 seconds .

========================================================================
Received Import Request.
  Time since last request: 89.140950 seconds.
  path: Assets/02.Scripts/FollowCamGetAxis.cs
  artifactKey: Guid(9c301febec5cca140a592f0a7c408ed5) Importer(815301076,1909f56bfc062723c751e8b465ee728b)
Start importing Assets/02.Scripts/FollowCamGetAxis.cs using Guid(9c301febec5cca140a592f0a7c408ed5) Importer(815301076,1909f56bfc062723c751e8b465ee728b)  -> (artifact id: 'e7c39c1f8cf6fbb2fd7bafd0c16f418b') in 0.001741 seconds
  Import took 0.003916 seconds .

========================================================================
Received Import Request.
  Time since last request: 19.477001 seconds.
  path: Assets/02.Scripts/FollowCamGetAxis.cs
  artifactKey: Guid(9c301febec5cca140a592f0a7c408ed5) Importer(815301076,1909f56bfc062723c751e8b465ee728b)
Start importing Assets/02.Scripts/FollowCamGetAxis.cs using Guid(9c301febec5cca140a592f0a7c408ed5) Importer(815301076,1909f56bfc062723c751e8b465ee728b)  -> (artifact id: '7ad4b002cd4c1a440153fc015e1a1632') in 0.001706 seconds
  Import took 0.004269 seconds .

========================================================================
Received Import Request.
  Time since last request: 19.967915 seconds.
  path: Assets/02.Scripts/FollowCamGetAxis.cs
  artifactKey: Guid(9c301febec5cca140a592f0a7c408ed5) Importer(815301076,1909f56bfc062723c751e8b465ee728b)
Start importing Assets/02.Scripts/FollowCamGetAxis.cs using Guid(9c301febec5cca140a592f0a7c408ed5) Importer(815301076,1909f56bfc062723c751e8b465ee728b)  -> (artifact id: '7354ab3db2926e5abee81302e90dba33') in 0.001894 seconds
  Import took 0.004799 seconds .

========================================================================
Received Import Request.
  Time since last request: 5.250420 seconds.
  path: Assets/02.Scripts/FollowCamGetAxis.cs
  artifactKey: Guid(9c301febec5cca140a592f0a7c408ed5) Importer(815301076,1909f56bfc062723c751e8b465ee728b)
Start importing Assets/02.Scripts/FollowCamGetAxis.cs using Guid(9c301febec5cca140a592f0a7c408ed5) Importer(815301076,1909f56bfc062723c751e8b465ee728b)  -> (artifact id: '2d2022b46fc4707fba710949392d9c78') in 0.001536 seconds
  Import took 0.003589 seconds .

========================================================================
Received Import Request.
  Time since last request: 1.967014 seconds.
  path: Assets/02.Scripts/FollowCamGetAxis.cs
  artifactKey: Guid(9c301febec5cca140a592f0a7c408ed5) Importer(815301076,1909f56bfc062723c751e8b465ee728b)
Start importing Assets/02.Scripts/FollowCamGetAxis.cs using Guid(9c301febec5cca140a592f0a7c408ed5) Importer(815301076,1909f56bfc062723c751e8b465ee728b)  -> (artifact id: '9acd427f6aa2d2a55919599158c4bdbd') in 0.001625 seconds
  Import took 0.003889 seconds .

========================================================================
Received Import Request.
  Time since last request: 72.934712 seconds.
  path: Assets/02.Scripts/FollowCamGetAxis.cs
  artifactKey: Guid(9c301febec5cca140a592f0a7c408ed5) Importer(815301076,1909f56bfc062723c751e8b465ee728b)
Start importing Assets/02.Scripts/FollowCamGetAxis.cs using Guid(9c301febec5cca140a592f0a7c408ed5) Importer(815301076,1909f56bfc062723c751e8b465ee728b)  -> (artifact id: '39f3c080b218279a8d2440b15f7e53c1') in 0.001590 seconds
  Import took 0.003794 seconds .

========================================================================
Received Import Request.
  Time since last request: 19.664592 seconds.
  path: Assets/02.Scripts/FollowCamGetAxis.cs
  artifactKey: Guid(9c301febec5cca140a592f0a7c408ed5) Importer(815301076,1909f56bfc062723c751e8b465ee728b)
Start importing Assets/02.Scripts/FollowCamGetAxis.cs using Guid(9c301febec5cca140a592f0a7c408ed5) Importer(815301076,1909f56bfc062723c751e8b465ee728b)  -> (artifact id: '44ec5b93eb16e6a2f2df8141fc7be244') in 0.001729 seconds
  Import took 0.004077 seconds .

========================================================================
Received Import Request.
  Time since last request: 0.484979 seconds.
  path: Assets/02.Scripts/FollowCamGetAxis.cs
  artifactKey: Guid(9c301febec5cca140a592f0a7c408ed5) Importer(815301076,1909f56bfc062723c751e8b465ee728b)
Start importing Assets/02.Scripts/FollowCamGetAxis.cs using Guid(9c301febec5cca140a592f0a7c408ed5) Importer(815301076,1909f56bfc062723c751e8b465ee728b)  -> (artifact id: 'cd1dbe5c8c75d4d50d1a5e9dadc98f99') in 0.001809 seconds
  Import took 0.004187 seconds .

========================================================================
Received Import Request.
  Time since last request: 15.199001 seconds.
  path: Assets/02.Scripts/FollowCamGetAxis.cs
  artifactKey: Guid(9c301febec5cca140a592f0a7c408ed5) Importer(815301076,1909f56bfc062723c751e8b465ee728b)
Start importing Assets/02.Scripts/FollowCamGetAxis.cs using Guid(9c301febec5cca140a592f0a7c408ed5) Importer(815301076,1909f56bfc062723c751e8b465ee728b)  -> (artifact id: 'fe28e3913573506c162dd81d9e7ccea4') in 0.001812 seconds
  Import took 0.004264 seconds .

========================================================================
Received Import Request.
  Time since last request: 19.269980 seconds.
  path: Assets/02.Scripts/FollowCamGetAxis.cs
  artifactKey: Guid(9c301febec5cca140a592f0a7c408ed5) Importer(815301076,1909f56bfc062723c751e8b465ee728b)
Start importing Assets/02.Scripts/FollowCamGetAxis.cs using Guid(9c301febec5cca140a592f0a7c408ed5) Importer(815301076,1909f56bfc062723c751e8b465ee728b)  -> (artifact id: '220f730bf210fafe2f93fa010f3ca2f8') in 0.001454 seconds
  Import took 0.003545 seconds .

========================================================================
Received Import Request.
  Time since last request: 44.813361 seconds.
  path: Assets/02.Scripts/FollowCamGetAxis.cs
  artifactKey: Guid(9c301febec5cca140a592f0a7c408ed5) Importer(815301076,1909f56bfc062723c751e8b465ee728b)
Start importing Assets/02.Scripts/FollowCamGetAxis.cs using Guid(9c301febec5cca140a592f0a7c408ed5) Importer(815301076,1909f56bfc062723c751e8b465ee728b)  -> (artifact id: 'def2f62ea7a1d45b4a056359b3a09039') in 0.001988 seconds
  Import took 0.004588 seconds .

========================================================================
Received Import Request.
  Time since last request: 12.313214 seconds.
  path: Assets/02.Scripts/FollowCamGetAxis.cs
  artifactKey: Guid(9c301febec5cca140a592f0a7c408ed5) Importer(815301076,1909f56bfc062723c751e8b465ee728b)
Start importing Assets/02.Scripts/FollowCamGetAxis.cs using Guid(9c301febec5cca140a592f0a7c408ed5) Importer(815301076,1909f56bfc062723c751e8b465ee728b)  -> (artifact id: '56e142646bb12d1e8b110a1bef6710bc') in 0.001785 seconds
  Import took 0.004086 seconds .

========================================================================
Received Import Request.
  Time since last request: 1.206170 seconds.
  path: Assets/02.Scripts/FollowCamGetAxis.cs
  artifactKey: Guid(9c301febec5cca140a592f0a7c408ed5) Importer(815301076,1909f56bfc062723c751e8b465ee728b)
Start importing Assets/02.Scripts/FollowCamGetAxis.cs using Guid(9c301febec5cca140a592f0a7c408ed5) Importer(815301076,1909f56bfc062723c751e8b465ee728b)  -> (artifact id: 'a7794e8fe2dc00c96ed480ea2336b749') in 0.001520 seconds
  Import took 0.003653 seconds .

========================================================================
Received Import Request.
  Time since last request: 203.137885 seconds.
  path: Assets/02.Scripts/FollowCamGetAxis.cs
  artifactKey: Guid(9c301febec5cca140a592f0a7c408ed5) Importer(815301076,1909f56bfc062723c751e8b465ee728b)
Start importing Assets/02.Scripts/FollowCamGetAxis.cs using Guid(9c301febec5cca140a592f0a7c408ed5) Importer(815301076,1909f56bfc062723c751e8b465ee728b)  -> (artifact id: '0fba0e8815ae0727f633433ce3b1795e') in 0.002020 seconds
  Import took 0.004391 seconds .

========================================================================
Received Import Request.
  Time since last request: 0.777856 seconds.
  path: Assets/02.Scripts/FollowCamGetAxis.cs
  artifactKey: Guid(9c301febec5cca140a592f0a7c408ed5) Importer(815301076,1909f56bfc062723c751e8b465ee728b)
Start importing Assets/02.Scripts/FollowCamGetAxis.cs using Guid(9c301febec5cca140a592f0a7c408ed5) Importer(815301076,1909f56bfc062723c751e8b465ee728b)  -> (artifact id: 'e57a179cb736f0b63fc50a67c2a8441f') in 0.001792 seconds
  Import took 0.004111 seconds .

========================================================================
Received Import Request.
  Time since last request: 480.705819 seconds.
  path: Assets/02.Scripts/FollowCamGetAxis.cs
  artifactKey: Guid(9c301febec5cca140a592f0a7c408ed5) Importer(815301076,1909f56bfc062723c751e8b465ee728b)
Start importing Assets/02.Scripts/FollowCamGetAxis.cs using Guid(9c301febec5cca140a592f0a7c408ed5) Importer(815301076,1909f56bfc062723c751e8b465ee728b)  -> (artifact id: '9e86c50ac7fd3dc57ee64bd709a7b13c') in 0.003121 seconds
  Import took 0.006241 seconds .

========================================================================
Received Import Request.
  Time since last request: 0.980182 seconds.
  path: Assets/02.Scripts/FollowCamGetAxis.cs
  artifactKey: Guid(9c301febec5cca140a592f0a7c408ed5) Importer(815301076,1909f56bfc062723c751e8b465ee728b)
Start importing Assets/02.Scripts/FollowCamGetAxis.cs using Guid(9c301febec5cca140a592f0a7c408ed5) Importer(815301076,1909f56bfc062723c751e8b465ee728b)  -> (artifact id: '50137e0b1cfbb8570437adc62528a071') in 0.002020 seconds
  Import took 0.004600 seconds .

========================================================================
Received Import Request.
  Time since last request: 17.588429 seconds.
  path: Assets/02.Scripts/FollowCamGetAxis.cs
  artifactKey: Guid(9c301febec5cca140a592f0a7c408ed5) Importer(815301076,1909f56bfc062723c751e8b465ee728b)
Start importing Assets/02.Scripts/FollowCamGetAxis.cs using Guid(9c301febec5cca140a592f0a7c408ed5) Importer(815301076,1909f56bfc062723c751e8b465ee728b)  -> (artifact id: 'b7dca2a1d89f9a974c6bbb629f9ca780') in 0.001548 seconds
  Import took 0.003889 seconds .

========================================================================
Received Import Request.
  Time since last request: 9.030083 seconds.
  path: Assets/02.Scripts/FollowCamGetAxis.cs
  artifactKey: Guid(9c301febec5cca140a592f0a7c408ed5) Importer(815301076,1909f56bfc062723c751e8b465ee728b)
Start importing Assets/02.Scripts/FollowCamGetAxis.cs using Guid(9c301febec5cca140a592f0a7c408ed5) Importer(815301076,1909f56bfc062723c751e8b465ee728b)  -> (artifact id: 'f78adf06a1feec8e2dc343ebb8c57b4b') in 0.001421 seconds
  Import took 0.004125 seconds .

========================================================================
Received Import Request.
  Time since last request: 4.156950 seconds.
  path: Assets/02.Scripts/FollowCamGetAxis.cs
  artifactKey: Guid(9c301febec5cca140a592f0a7c408ed5) Importer(815301076,1909f56bfc062723c751e8b465ee728b)
Start importing Assets/02.Scripts/FollowCamGetAxis.cs using Guid(9c301febec5cca140a592f0a7c408ed5) Importer(815301076,1909f56bfc062723c751e8b465ee728b)  -> (artifact id: '1b2fc2998c7a78d57f5dffa3221fa822') in 0.001777 seconds
  Import took 0.004343 seconds .

========================================================================
Received Import Request.
  Time since last request: 8.338690 seconds.
  path: Assets/02.Scripts/FollowCamGetAxis.cs
  artifactKey: Guid(9c301febec5cca140a592f0a7c408ed5) Importer(815301076,1909f56bfc062723c751e8b465ee728b)
Start importing Assets/02.Scripts/FollowCamGetAxis.cs using Guid(9c301febec5cca140a592f0a7c408ed5) Importer(815301076,1909f56bfc062723c751e8b465ee728b)  -> (artifact id: '95b2f136a35f49b631d175f2b28fff27') in 0.004232 seconds
  Import took 0.007534 seconds .

========================================================================
Received Import Request.
  Time since last request: 12.711927 seconds.
  path: Assets/02.Scripts/FollowCamGetAxis.cs
  artifactKey: Guid(9c301febec5cca140a592f0a7c408ed5) Importer(815301076,1909f56bfc062723c751e8b465ee728b)
Start importing Assets/02.Scripts/FollowCamGetAxis.cs using Guid(9c301febec5cca140a592f0a7c408ed5) Importer(815301076,1909f56bfc062723c751e8b465ee728b)  -> (artifact id: 'a5087daf8374f3f53b67c257732747b5') in 0.001602 seconds
  Import took 0.003806 seconds .

========================================================================
Received Import Request.
  Time since last request: 0.280286 seconds.
  path: Assets/02.Scripts/FollowCamGetAxis.cs
  artifactKey: Guid(9c301febec5cca140a592f0a7c408ed5) Importer(815301076,1909f56bfc062723c751e8b465ee728b)
Start importing Assets/02.Scripts/FollowCamGetAxis.cs using Guid(9c301febec5cca140a592f0a7c408ed5) Importer(815301076,1909f56bfc062723c751e8b465ee728b)  -> (artifact id: 'ab4ace93db00314253c6b54cab8205d2') in 0.001483 seconds
  Import took 0.003853 seconds .

========================================================================
Received Import Request.
  Time since last request: 7.733313 seconds.
  path: Assets/02.Scripts/FollowCamGetAxis.cs
  artifactKey: Guid(9c301febec5cca140a592f0a7c408ed5) Importer(815301076,1909f56bfc062723c751e8b465ee728b)
Start importing Assets/02.Scripts/FollowCamGetAxis.cs using Guid(9c301febec5cca140a592f0a7c408ed5) Importer(815301076,1909f56bfc062723c751e8b465ee728b)  -> (artifact id: '82e8fa93c3117e532bb696e5464de5c8') in 0.001624 seconds
  Import took 0.003697 seconds .

========================================================================
Received Import Request.
  Time since last request: 208.644041 seconds.
  path: Assets/02.Scripts/FollowCamGetAxis.cs
  artifactKey: Guid(9c301febec5cca140a592f0a7c408ed5) Importer(815301076,1909f56bfc062723c751e8b465ee728b)
Start importing Assets/02.Scripts/FollowCamGetAxis.cs using Guid(9c301febec5cca140a592f0a7c408ed5) Importer(815301076,1909f56bfc062723c751e8b465ee728b)  -> (artifact id: '115ea49b6d73db7df82d64c97eb56cb2') in 0.001767 seconds
  Import took 0.004139 seconds .

========================================================================
Received Import Request.
  Time since last request: 25.661557 seconds.
  path: Assets/02.Scripts/FollowCamGetAxis.cs
  artifactKey: Guid(9c301febec5cca140a592f0a7c408ed5) Importer(815301076,1909f56bfc062723c751e8b465ee728b)
Start importing Assets/02.Scripts/FollowCamGetAxis.cs using Guid(9c301febec5cca140a592f0a7c408ed5) Importer(815301076,1909f56bfc062723c751e8b465ee728b)  -> (artifact id: '3184205291922229d57a72b45bb19017') in 0.001486 seconds
  Import took 0.003571 seconds .

========================================================================
Received Import Request.
  Time since last request: 7.530160 seconds.
  path: Assets/02.Scripts/FollowCamGetAxis.cs
  artifactKey: Guid(9c301febec5cca140a592f0a7c408ed5) Importer(815301076,1909f56bfc062723c751e8b465ee728b)
Start importing Assets/02.Scripts/FollowCamGetAxis.cs using Guid(9c301febec5cca140a592f0a7c408ed5) Importer(815301076,1909f56bfc062723c751e8b465ee728b)  -> (artifact id: '339bcba70d8e7536c4df4bac4ff3fddf') in 0.001604 seconds
  Import took 0.003600 seconds .

========================================================================
Received Import Request.
  Time since last request: 8.822797 seconds.
  path: Assets/02.Scripts/FollowCamGetAxis.cs
  artifactKey: Guid(9c301febec5cca140a592f0a7c408ed5) Importer(815301076,1909f56bfc062723c751e8b465ee728b)
Start importing Assets/02.Scripts/FollowCamGetAxis.cs using Guid(9c301febec5cca140a592f0a7c408ed5) Importer(815301076,1909f56bfc062723c751e8b465ee728b)  -> (artifact id: '64a952b3ad10f8b568f6e4d507b1682e') in 0.001474 seconds
  Import took 0.003582 seconds .

========================================================================
Received Import Request.
  Time since last request: 14.206378 seconds.
  path: Assets/02.Scripts/FollowCamGetAxis.cs
  artifactKey: Guid(9c301febec5cca140a592f0a7c408ed5) Importer(815301076,1909f56bfc062723c751e8b465ee728b)
Start importing Assets/02.Scripts/FollowCamGetAxis.cs using Guid(9c301febec5cca140a592f0a7c408ed5) Importer(815301076,1909f56bfc062723c751e8b465ee728b)  -> (artifact id: 'e37a623a9493aca4e708c4fc6876a3b1') in 0.001355 seconds
  Import took 0.003782 seconds .

========================================================================
Received Import Request.
  Time since last request: 0.875872 seconds.
  path: Assets/02.Scripts/FollowCamGetAxis.cs
  artifactKey: Guid(9c301febec5cca140a592f0a7c408ed5) Importer(815301076,1909f56bfc062723c751e8b465ee728b)
Start importing Assets/02.Scripts/FollowCamGetAxis.cs using Guid(9c301febec5cca140a592f0a7c408ed5) Importer(815301076,1909f56bfc062723c751e8b465ee728b)  -> (artifact id: '5f68d94d8a5e042ee499fb96102bde62') in 0.001533 seconds
  Import took 0.003990 seconds .

========================================================================
Received Import Request.
  Time since last request: 257.728151 seconds.
  path: Assets/02.Scripts/FollowCamGetAxis.cs
  artifactKey: Guid(9c301febec5cca140a592f0a7c408ed5) Importer(815301076,1909f56bfc062723c751e8b465ee728b)
Start importing Assets/02.Scripts/FollowCamGetAxis.cs using Guid(9c301febec5cca140a592f0a7c408ed5) Importer(815301076,1909f56bfc062723c751e8b465ee728b)  -> (artifact id: '00000000000000000000000000000000') in 0.000235 seconds
  ERROR: Build asset version error: assets/02.scripts/followcamgetaxis.cs in SourceAssetDB has modification time of '2021-07-01T01:16:15.8551422Z' while content on disk has modification time of '2021-07-01T01:16:16.0665984Z'
  Import took 0.002285 seconds .

========================================================================
Received Import Request.
  Time since last request: 0.022878 seconds.
  path: Assets/02.Scripts/FollowCamGetAxis.cs
  artifactKey: Guid(9c301febec5cca140a592f0a7c408ed5) Importer(815301076,1909f56bfc062723c751e8b465ee728b)
Start importing Assets/02.Scripts/FollowCamGetAxis.cs using Guid(9c301febec5cca140a592f0a7c408ed5) Importer(815301076,1909f56bfc062723c751e8b465ee728b)  -> (artifact id: '00000000000000000000000000000000') in 0.000174 seconds
  ERROR: Build asset version error: assets/02.scripts/followcamgetaxis.cs in SourceAssetDB has modification time of '2021-07-01T01:16:15.8551422Z' while content on disk has modification time of '2021-07-01T01:16:16.0665984Z'
  Import took 0.001836 seconds .

========================================================================
Received Import Request.
  Time since last request: 0.024873 seconds.
  path: Assets/02.Scripts/FollowCamGetAxis.cs
  artifactKey: Guid(9c301febec5cca140a592f0a7c408ed5) Importer(815301076,1909f56bfc062723c751e8b465ee728b)
Start importing Assets/02.Scripts/FollowCamGetAxis.cs using Guid(9c301febec5cca140a592f0a7c408ed5) Importer(815301076,1909f56bfc062723c751e8b465ee728b)  -> (artifact id: 'c0b9f1f223a1a2f3abbcf4c608fd0b34') in 0.001373 seconds
  Import took 0.003533 seconds .

========================================================================
Received Import Request.
  Time since last request: 36.659757 seconds.
  path: Assets/02.Scripts/FollowCamGetAxis.cs
  artifactKey: Guid(9c301febec5cca140a592f0a7c408ed5) Importer(815301076,1909f56bfc062723c751e8b465ee728b)
Start importing Assets/02.Scripts/FollowCamGetAxis.cs using Guid(9c301febec5cca140a592f0a7c408ed5) Importer(815301076,1909f56bfc062723c751e8b465ee728b)  -> (artifact id: '63dbfe9dc69afa35f12e8cd56a7ebab1') in 0.001448 seconds
  Import took 0.003549 seconds .

========================================================================
Received Import Request.
  Time since last request: 0.775104 seconds.
  path: Assets/02.Scripts/FollowCamGetAxis.cs
  artifactKey: Guid(9c301febec5cca140a592f0a7c408ed5) Importer(815301076,1909f56bfc062723c751e8b465ee728b)
Start importing Assets/02.Scripts/FollowCamGetAxis.cs using Guid(9c301febec5cca140a592f0a7c408ed5) Importer(815301076,1909f56bfc062723c751e8b465ee728b)  -> (artifact id: '26d2978a49dae9c9cf2a31bfc5f71663') in 0.001459 seconds
  Import took 0.003517 seconds .

========================================================================
Received Import Request.
  Time since last request: 3.562726 seconds.
  path: Assets/02.Scripts/FollowCamGetAxis.cs
  artifactKey: Guid(9c301febec5cca140a592f0a7c408ed5) Importer(815301076,1909f56bfc062723c751e8b465ee728b)
Start importing Assets/02.Scripts/FollowCamGetAxis.cs using Guid(9c301febec5cca140a592f0a7c408ed5) Importer(815301076,1909f56bfc062723c751e8b465ee728b)  -> (artifact id: '19569642d83492846d4c0a291836e168') in 0.001593 seconds
  Import took 0.003710 seconds .

========================================================================
Received Import Request.
  Time since last request: 6.042061 seconds.
  path: Assets/02.Scripts/FollowCamGetAxis.cs
  artifactKey: Guid(9c301febec5cca140a592f0a7c408ed5) Importer(815301076,1909f56bfc062723c751e8b465ee728b)
Start importing Assets/02.Scripts/FollowCamGetAxis.cs using Guid(9c301febec5cca140a592f0a7c408ed5) Importer(815301076,1909f56bfc062723c751e8b465ee728b)  -> (artifact id: '1252a0132ff90c87644006021faa2c52') in 0.001734 seconds
  Import took 0.004046 seconds .

========================================================================
Received Import Request.
  Time since last request: 12.708490 seconds.
  path: Assets/02.Scripts/FollowCamGetAxis.cs
  artifactKey: Guid(9c301febec5cca140a592f0a7c408ed5) Importer(815301076,1909f56bfc062723c751e8b465ee728b)
Start importing Assets/02.Scripts/FollowCamGetAxis.cs using Guid(9c301febec5cca140a592f0a7c408ed5) Importer(815301076,1909f56bfc062723c751e8b465ee728b)  -> (artifact id: '478b50ac2559a1af239b3b619e569e41') in 0.001395 seconds
  Import took 0.003474 seconds .

========================================================================
Received Import Request.
  Time since last request: 26.729836 seconds.
  path: Assets/02.Scripts/FollowCamGetAxis.cs
  artifactKey: Guid(9c301febec5cca140a592f0a7c408ed5) Importer(815301076,1909f56bfc062723c751e8b465ee728b)
Start importing Assets/02.Scripts/FollowCamGetAxis.cs using Guid(9c301febec5cca140a592f0a7c408ed5) Importer(815301076,1909f56bfc062723c751e8b465ee728b)  -> (artifact id: 'd495f9963f02bd8756fe0dde467232e5') in 0.001382 seconds
  Import took 0.003428 seconds .

========================================================================
Received Import Request.
  Time since last request: 38.264682 seconds.
  path: Assets/02.Scripts/FollowCamGetAxis.cs
  artifactKey: Guid(9c301febec5cca140a592f0a7c408ed5) Importer(815301076,1909f56bfc062723c751e8b465ee728b)
Start importing Assets/02.Scripts/FollowCamGetAxis.cs using Guid(9c301febec5cca140a592f0a7c408ed5) Importer(815301076,1909f56bfc062723c751e8b465ee728b)  -> (artifact id: '0265531c1be78335a925927781f774b8') in 0.001784 seconds
  Import took 0.004190 seconds .

========================================================================
Received Import Request.
  Time since last request: 155.484626 seconds.
  path: Assets/02.Scripts/FollowCamGetAxis.cs
  artifactKey: Guid(9c301febec5cca140a592f0a7c408ed5) Importer(815301076,1909f56bfc062723c751e8b465ee728b)
Start importing Assets/02.Scripts/FollowCamGetAxis.cs using Guid(9c301febec5cca140a592f0a7c408ed5) Importer(815301076,1909f56bfc062723c751e8b465ee728b)  -> (artifact id: '568c8da7b7a773830e15d6f841d920c9') in 0.001543 seconds
  Import took 0.003803 seconds .

========================================================================
Received Import Request.
  Time since last request: 57.912630 seconds.
  path: Assets/02.Scripts/FollowCamGetAxis.cs
  artifactKey: Guid(9c301febec5cca140a592f0a7c408ed5) Importer(815301076,1909f56bfc062723c751e8b465ee728b)
Start importing Assets/02.Scripts/FollowCamGetAxis.cs using Guid(9c301febec5cca140a592f0a7c408ed5) Importer(815301076,1909f56bfc062723c751e8b465ee728b)  -> (artifact id: 'a18963c74801d9d35a46ee497ee239fc') in 0.001635 seconds
  Import took 0.003704 seconds .

========================================================================
Received Import Request.
  Time since last request: 60.330888 seconds.
  path: Assets/02.Scripts/FollowCamGetAxis.cs
  artifactKey: Guid(9c301febec5cca140a592f0a7c408ed5) Importer(815301076,1909f56bfc062723c751e8b465ee728b)
Start importing Assets/02.Scripts/FollowCamGetAxis.cs using Guid(9c301febec5cca140a592f0a7c408ed5) Importer(815301076,1909f56bfc062723c751e8b465ee728b)  -> (artifact id: '6cfcac122370835e4d03b6db4fbdd5a2') in 0.001649 seconds
  Import took 0.003834 seconds .

========================================================================
Received Import Request.
  Time since last request: 30.698933 seconds.
  path: Assets/02.Scripts/FollowCamGetAxis.cs
  artifactKey: Guid(9c301febec5cca140a592f0a7c408ed5) Importer(815301076,1909f56bfc062723c751e8b465ee728b)
Start importing Assets/02.Scripts/FollowCamGetAxis.cs using Guid(9c301febec5cca140a592f0a7c408ed5) Importer(815301076,1909f56bfc062723c751e8b465ee728b)  -> (artifact id: '265261947557df5cd4279af1c9be78f0') in 0.001764 seconds
  Import took 0.004091 seconds .

========================================================================
Received Import Request.
  Time since last request: 0.575964 seconds.
  path: Assets/02.Scripts/FollowCamGetAxis.cs
  artifactKey: Guid(9c301febec5cca140a592f0a7c408ed5) Importer(815301076,1909f56bfc062723c751e8b465ee728b)
Start importing Assets/02.Scripts/FollowCamGetAxis.cs using Guid(9c301febec5cca140a592f0a7c408ed5) Importer(815301076,1909f56bfc062723c751e8b465ee728b)  -> (artifact id: '7c9827fef8a8623f9c171caa6b3b47f5') in 0.001816 seconds
  Import took 0.004104 seconds .

========================================================================
Received Import Request.
  Time since last request: 15.170783 seconds.
  path: Assets/02.Scripts/FollowCamGetAxis.cs
  artifactKey: Guid(9c301febec5cca140a592f0a7c408ed5) Importer(815301076,1909f56bfc062723c751e8b465ee728b)
Start importing Assets/02.Scripts/FollowCamGetAxis.cs using Guid(9c301febec5cca140a592f0a7c408ed5) Importer(815301076,1909f56bfc062723c751e8b465ee728b)  -> (artifact id: '9b63e10eb56f4c56b618d4355a88f781') in 0.001523 seconds
  Import took 0.004076 seconds .

========================================================================
Received Import Request.
  Time since last request: 6.058584 seconds.
  path: Assets/02.Scripts/FollowCamGetAxis.cs
  artifactKey: Guid(9c301febec5cca140a592f0a7c408ed5) Importer(815301076,1909f56bfc062723c751e8b465ee728b)
Start importing Assets/02.Scripts/FollowCamGetAxis.cs using Guid(9c301febec5cca140a592f0a7c408ed5) Importer(815301076,1909f56bfc062723c751e8b465ee728b)  -> (artifact id: 'b3091b585ded06154cb012c6c5ec6ec7') in 0.001495 seconds
  Import took 0.003566 seconds .

========================================================================
Received Import Request.
  Time since last request: 1.865487 seconds.
  path: Assets/02.Scripts/FollowCamGetAxis.cs
  artifactKey: Guid(9c301febec5cca140a592f0a7c408ed5) Importer(815301076,1909f56bfc062723c751e8b465ee728b)
Start importing Assets/02.Scripts/FollowCamGetAxis.cs using Guid(9c301febec5cca140a592f0a7c408ed5) Importer(815301076,1909f56bfc062723c751e8b465ee728b)  -> (artifact id: 'db43a069782ac10678181454bf813387') in 0.001490 seconds
  Import took 0.003757 seconds .

========================================================================
Received Import Request.
  Time since last request: 35.160341 seconds.
  path: Assets/02.Scripts/FollowCamGetAxis.cs
  artifactKey: Guid(9c301febec5cca140a592f0a7c408ed5) Importer(815301076,1909f56bfc062723c751e8b465ee728b)
Start importing Assets/02.Scripts/FollowCamGetAxis.cs using Guid(9c301febec5cca140a592f0a7c408ed5) Importer(815301076,1909f56bfc062723c751e8b465ee728b)  -> (artifact id: 'f7ad4a9b1079f5d58c6132c8159f0244') in 0.001455 seconds
  Import took 0.003657 seconds .

========================================================================
Received Import Request.
  Time since last request: 49.459135 seconds.
  path: Assets/02.Scripts/FollowCamGetAxis.cs
  artifactKey: Guid(9c301febec5cca140a592f0a7c408ed5) Importer(815301076,1909f56bfc062723c751e8b465ee728b)
Start importing Assets/02.Scripts/FollowCamGetAxis.cs using Guid(9c301febec5cca140a592f0a7c408ed5) Importer(815301076,1909f56bfc062723c751e8b465ee728b)  -> (artifact id: '91859a9523d993e4979c3b8352b0b30e') in 0.001499 seconds
  Import took 0.003624 seconds .

========================================================================
Received Import Request.
  Time since last request: 16.281533 seconds.
  path: Assets/02.Scripts/FollowCamGetAxis.cs
  artifactKey: Guid(9c301febec5cca140a592f0a7c408ed5) Importer(815301076,1909f56bfc062723c751e8b465ee728b)
Start importing Assets/02.Scripts/FollowCamGetAxis.cs using Guid(9c301febec5cca140a592f0a7c408ed5) Importer(815301076,1909f56bfc062723c751e8b465ee728b)  -> (artifact id: 'bd52f379e31dffff5b72a4cc13f512c7') in 0.002163 seconds
  Import took 0.004701 seconds .

========================================================================
Received Import Request.
  Time since last request: 5.256344 seconds.
  path: Assets/02.Scripts/FollowCamGetAxis.cs
  artifactKey: Guid(9c301febec5cca140a592f0a7c408ed5) Importer(815301076,1909f56bfc062723c751e8b465ee728b)
Start importing Assets/02.Scripts/FollowCamGetAxis.cs using Guid(9c301febec5cca140a592f0a7c408ed5) Importer(815301076,1909f56bfc062723c751e8b465ee728b)  -> (artifact id: 'bf00d0aab19a0ef4e4a3b92c9fccfcb3') in 0.001778 seconds
  Import took 0.003957 seconds .

========================================================================
Received Import Request.
  Time since last request: 2.372669 seconds.
  path: Assets/02.Scripts/FollowCamGetAxis.cs
  artifactKey: Guid(9c301febec5cca140a592f0a7c408ed5) Importer(815301076,1909f56bfc062723c751e8b465ee728b)
Start importing Assets/02.Scripts/FollowCamGetAxis.cs using Guid(9c301febec5cca140a592f0a7c408ed5) Importer(815301076,1909f56bfc062723c751e8b465ee728b)  -> (artifact id: '0d9787003160cb63a33d437905758289') in 0.001620 seconds
  Import took 0.003939 seconds .

========================================================================
Received Import Request.
  Time since last request: 5.248699 seconds.
  path: Assets/02.Scripts/FollowCamGetAxis.cs
  artifactKey: Guid(9c301febec5cca140a592f0a7c408ed5) Importer(815301076,1909f56bfc062723c751e8b465ee728b)
Start importing Assets/02.Scripts/FollowCamGetAxis.cs using Guid(9c301febec5cca140a592f0a7c408ed5) Importer(815301076,1909f56bfc062723c751e8b465ee728b)  -> (artifact id: 'b1500cbd26ab8df17bec0f4e9da87972') in 0.001415 seconds
  Import took 0.003500 seconds .

========================================================================
Received Import Request.
  Time since last request: 173.718975 seconds.
  path: Assets/02.Scripts/FollowCamGetAxis.cs
  artifactKey: Guid(9c301febec5cca140a592f0a7c408ed5) Importer(815301076,1909f56bfc062723c751e8b465ee728b)
Start importing Assets/02.Scripts/FollowCamGetAxis.cs using Guid(9c301febec5cca140a592f0a7c408ed5) Importer(815301076,1909f56bfc062723c751e8b465ee728b)  -> (artifact id: '84a630e99dba7680fb33e637b49c9dfb') in 0.001519 seconds
  Import took 0.003588 seconds .

========================================================================
Received Import Request.
  Time since last request: 402.372822 seconds.
  path: Assets/02.Scripts/FollowCamGetAxis.cs
  artifactKey: Guid(9c301febec5cca140a592f0a7c408ed5) Importer(815301076,1909f56bfc062723c751e8b465ee728b)
Start importing Assets/02.Scripts/FollowCamGetAxis.cs using Guid(9c301febec5cca140a592f0a7c408ed5) Importer(815301076,1909f56bfc062723c751e8b465ee728b)  -> (artifact id: '19fdc15194676bb47b486f8219623844') in 0.001487 seconds
  Import took 0.003670 seconds .

========================================================================
Received Import Request.
  Time since last request: 13.014826 seconds.
  path: Assets/02.Scripts/FollowCamGetAxis.cs
  artifactKey: Guid(9c301febec5cca140a592f0a7c408ed5) Importer(815301076,1909f56bfc062723c751e8b465ee728b)
Start importing Assets/02.Scripts/FollowCamGetAxis.cs using Guid(9c301febec5cca140a592f0a7c408ed5) Importer(815301076,1909f56bfc062723c751e8b465ee728b)  -> (artifact id: '79d63d5167e22d99f7acd84a4d35ce77') in 0.001527 seconds
  Import took 0.003623 seconds .

========================================================================
Received Import Request.
  Time since last request: 4.365154 seconds.
  path: Assets/02.Scripts/FollowCamGetAxis.cs
  artifactKey: Guid(9c301febec5cca140a592f0a7c408ed5) Importer(815301076,1909f56bfc062723c751e8b465ee728b)
Start importing Assets/02.Scripts/FollowCamGetAxis.cs using Guid(9c301febec5cca140a592f0a7c408ed5) Importer(815301076,1909f56bfc062723c751e8b465ee728b)  -> (artifact id: '834d1a73cb78082337e5950fc2dc401b') in 0.001966 seconds
  Import took 0.004352 seconds .

========================================================================
Received Import Request.
  Time since last request: 0.578081 seconds.
  path: Assets/02.Scripts/FollowCamGetAxis.cs
  artifactKey: Guid(9c301febec5cca140a592f0a7c408ed5) Importer(815301076,1909f56bfc062723c751e8b465ee728b)
Start importing Assets/02.Scripts/FollowCamGetAxis.cs using Guid(9c301febec5cca140a592f0a7c408ed5) Importer(815301076,1909f56bfc062723c751e8b465ee728b)  -> (artifact id: 'aa9ccf0ee74ec50a4739142bb03596bb') in 0.001456 seconds
  Import took 0.003593 seconds .

========================================================================
Received Import Request.
  Time since last request: 206.781438 seconds.
  path: Assets/02.Scripts/FollowCamGetAxis.cs
  artifactKey: Guid(9c301febec5cca140a592f0a7c408ed5) Importer(815301076,1909f56bfc062723c751e8b465ee728b)
Start importing Assets/02.Scripts/FollowCamGetAxis.cs using Guid(9c301febec5cca140a592f0a7c408ed5) Importer(815301076,1909f56bfc062723c751e8b465ee728b)  -> (artifact id: 'eab50d2f342e2a4a36d00ddc7e81d9f0') in 0.001529 seconds
  Import took 0.003718 seconds .

========================================================================
Received Import Request.
  Time since last request: 731.888242 seconds.
  path: Assets/02.Scripts/FollowCamGetAxis.cs
  artifactKey: Guid(9c301febec5cca140a592f0a7c408ed5) Importer(815301076,1909f56bfc062723c751e8b465ee728b)
Start importing Assets/02.Scripts/FollowCamGetAxis.cs using Guid(9c301febec5cca140a592f0a7c408ed5) Importer(815301076,1909f56bfc062723c751e8b465ee728b)  -> (artifact id: '9933840fdd564d93796c264f87cdae0a') in 0.001757 seconds
  Import took 0.004121 seconds .

========================================================================
Received Import Request.
  Time since last request: 65.925663 seconds.
  path: Assets/02.Scripts/FollowCamGetAxis.cs
  artifactKey: Guid(9c301febec5cca140a592f0a7c408ed5) Importer(815301076,1909f56bfc062723c751e8b465ee728b)
Start importing Assets/02.Scripts/FollowCamGetAxis.cs using Guid(9c301febec5cca140a592f0a7c408ed5) Importer(815301076,1909f56bfc062723c751e8b465ee728b)  -> (artifact id: '6db051db9e1d80d43d3a0c153e7b252a') in 0.001385 seconds
  Import took 0.003488 seconds .

========================================================================
Received Import Request.
  Time since last request: 44.331325 seconds.
  path: Assets/02.Scripts/FollowCamGetAxis.cs
  artifactKey: Guid(9c301febec5cca140a592f0a7c408ed5) Importer(815301076,1909f56bfc062723c751e8b465ee728b)
Start importing Assets/02.Scripts/FollowCamGetAxis.cs using Guid(9c301febec5cca140a592f0a7c408ed5) Importer(815301076,1909f56bfc062723c751e8b465ee728b)  -> (artifact id: '3aa4a16e2226e454e9103c9f68dd7d83') in 0.003266 seconds
  Import took 0.006337 seconds .

========================================================================
Received Import Request.
  Time since last request: 228.910756 seconds.
  path: Assets/02.Scripts/FollowCamGetAxis.cs
  artifactKey: Guid(9c301febec5cca140a592f0a7c408ed5) Importer(815301076,1909f56bfc062723c751e8b465ee728b)
Start importing Assets/02.Scripts/FollowCamGetAxis.cs using Guid(9c301febec5cca140a592f0a7c408ed5) Importer(815301076,1909f56bfc062723c751e8b465ee728b)  -> (artifact id: '54467bafcf90f75c6840457f68d6495b') in 0.001812 seconds
  Import took 0.004563 seconds .

========================================================================
Received Import Request.
  Time since last request: 44.195005 seconds.
  path: Assets/02.Scripts/FollowCamGetAxis.cs
  artifactKey: Guid(9c301febec5cca140a592f0a7c408ed5) Importer(815301076,1909f56bfc062723c751e8b465ee728b)
Start importing Assets/02.Scripts/FollowCamGetAxis.cs using Guid(9c301febec5cca140a592f0a7c408ed5) Importer(815301076,1909f56bfc062723c751e8b465ee728b)  -> (artifact id: '097ad342402dad7bd10036befcac5abc') in 0.001597 seconds
  Import took 0.003681 seconds .

========================================================================
Received Import Request.
  Time since last request: 63.103428 seconds.
  path: Assets/02.Scripts/FollowCamGetAxis.cs
  artifactKey: Guid(9c301febec5cca140a592f0a7c408ed5) Importer(815301076,1909f56bfc062723c751e8b465ee728b)
Start importing Assets/02.Scripts/FollowCamGetAxis.cs using Guid(9c301febec5cca140a592f0a7c408ed5) Importer(815301076,1909f56bfc062723c751e8b465ee728b)  -> (artifact id: 'aa04b44106101ce8494f15367f536216') in 0.001448 seconds
  Import took 0.003714 seconds .

========================================================================
Received Import Request.
  Time since last request: 1.174902 seconds.
  path: Assets/02.Scripts/FollowCamGetAxis.cs
  artifactKey: Guid(9c301febec5cca140a592f0a7c408ed5) Importer(815301076,1909f56bfc062723c751e8b465ee728b)
Start importing Assets/02.Scripts/FollowCamGetAxis.cs using Guid(9c301febec5cca140a592f0a7c408ed5) Importer(815301076,1909f56bfc062723c751e8b465ee728b)  -> (artifact id: '72e5a25fa13e96a549badf6b28f90c19') in 0.001493 seconds
  Import took 0.003626 seconds .

========================================================================
Received Import Request.
  Time since last request: 0.770135 seconds.
  path: Assets/02.Scripts/FollowCamGetAxis.cs
  artifactKey: Guid(9c301febec5cca140a592f0a7c408ed5) Importer(815301076,1909f56bfc062723c751e8b465ee728b)
Start importing Assets/02.Scripts/FollowCamGetAxis.cs using Guid(9c301febec5cca140a592f0a7c408ed5) Importer(815301076,1909f56bfc062723c751e8b465ee728b)  -> (artifact id: '0d20ea073f2d11be92866cf5dcb1752e') in 0.001451 seconds
  Import took 0.003502 seconds .

========================================================================
Received Import Request.
  Time since last request: 29.103593 seconds.
  path: Assets/02.Scripts/FollowCamGetAxis.cs
  artifactKey: Guid(9c301febec5cca140a592f0a7c408ed5) Importer(815301076,1909f56bfc062723c751e8b465ee728b)
Start importing Assets/02.Scripts/FollowCamGetAxis.cs using Guid(9c301febec5cca140a592f0a7c408ed5) Importer(815301076,1909f56bfc062723c751e8b465ee728b)  -> (artifact id: '8f08f3c86a86b624b24b65cf9b512426') in 0.001800 seconds
  Import took 0.003948 seconds .

========================================================================
Received Import Request.
  Time since last request: 27.519664 seconds.
  path: Assets/02.Scripts/FollowCamGetAxis.cs
  artifactKey: Guid(9c301febec5cca140a592f0a7c408ed5) Importer(815301076,1909f56bfc062723c751e8b465ee728b)
Start importing Assets/02.Scripts/FollowCamGetAxis.cs using Guid(9c301febec5cca140a592f0a7c408ed5) Importer(815301076,1909f56bfc062723c751e8b465ee728b)  -> (artifact id: 'd198c295e70392129d7b26c5102cad41') in 0.001480 seconds
  Import took 0.003736 seconds .

========================================================================
Received Import Request.
  Time since last request: 20.457148 seconds.
  path: Assets/02.Scripts/FollowCamGetAxis.cs
  artifactKey: Guid(9c301febec5cca140a592f0a7c408ed5) Importer(815301076,1909f56bfc062723c751e8b465ee728b)
Start importing Assets/02.Scripts/FollowCamGetAxis.cs using Guid(9c301febec5cca140a592f0a7c408ed5) Importer(815301076,1909f56bfc062723c751e8b465ee728b)  -> (artifact id: '85c19d371f065377e5b393983795b429') in 0.001623 seconds
  Import took 0.003800 seconds .

========================================================================
Received Import Request.
  Time since last request: 2.283642 seconds.
  path: Assets/02.Scripts/FollowCamGetAxis.cs
  artifactKey: Guid(9c301febec5cca140a592f0a7c408ed5) Importer(815301076,1909f56bfc062723c751e8b465ee728b)
Start importing Assets/02.Scripts/FollowCamGetAxis.cs using Guid(9c301febec5cca140a592f0a7c408ed5) Importer(815301076,1909f56bfc062723c751e8b465ee728b)  -> (artifact id: '67304fea7a513f0ebbc4e51f2691b62b') in 0.001543 seconds
  Import took 0.003782 seconds .

========================================================================
Received Import Request.
  Time since last request: 1.172776 seconds.
  path: Assets/02.Scripts/FollowCamGetAxis.cs
  artifactKey: Guid(9c301febec5cca140a592f0a7c408ed5) Importer(815301076,1909f56bfc062723c751e8b465ee728b)
Start importing Assets/02.Scripts/FollowCamGetAxis.cs using Guid(9c301febec5cca140a592f0a7c408ed5) Importer(815301076,1909f56bfc062723c751e8b465ee728b)  -> (artifact id: 'fd22ec1e64b5cd468683966c48c77c4a') in 0.001368 seconds
  Import took 0.003404 seconds .

========================================================================
Received Import Request.
  Time since last request: 11.212770 seconds.
  path: Assets/02.Scripts/FollowCamGetAxis.cs
  artifactKey: Guid(9c301febec5cca140a592f0a7c408ed5) Importer(815301076,1909f56bfc062723c751e8b465ee728b)
Start importing Assets/02.Scripts/FollowCamGetAxis.cs using Guid(9c301febec5cca140a592f0a7c408ed5) Importer(815301076,1909f56bfc062723c751e8b465ee728b)  -> (artifact id: '2e4d658f3c307a938597d1cddf37aae7') in 0.001507 seconds
  Import took 0.003689 seconds .

========================================================================
Received Import Request.
  Time since last request: 3.264975 seconds.
  path: Assets/02.Scripts/FollowCamGetAxis.cs
  artifactKey: Guid(9c301febec5cca140a592f0a7c408ed5) Importer(815301076,1909f56bfc062723c751e8b465ee728b)
Start importing Assets/02.Scripts/FollowCamGetAxis.cs using Guid(9c301febec5cca140a592f0a7c408ed5) Importer(815301076,1909f56bfc062723c751e8b465ee728b)  -> (artifact id: '1231226580700c7fa61cb6f85b9d6b70') in 0.001954 seconds
  Import took 0.004150 seconds .

========================================================================
Received Import Request.
  Time since last request: 0.874429 seconds.
  path: Assets/02.Scripts/FollowCamGetAxis.cs
  artifactKey: Guid(9c301febec5cca140a592f0a7c408ed5) Importer(815301076,1909f56bfc062723c751e8b465ee728b)
Start importing Assets/02.Scripts/FollowCamGetAxis.cs using Guid(9c301febec5cca140a592f0a7c408ed5) Importer(815301076,1909f56bfc062723c751e8b465ee728b)  -> (artifact id: 'b6230db4f553596c08b9bc1bb5e726dd') in 0.001448 seconds
  Import took 0.003455 seconds .

========================================================================
Received Import Request.
  Time since last request: 79.459180 seconds.
  path: Assets/02.Scripts/FollowCamGetAxis.cs
  artifactKey: Guid(9c301febec5cca140a592f0a7c408ed5) Importer(815301076,1909f56bfc062723c751e8b465ee728b)
Start importing Assets/02.Scripts/FollowCamGetAxis.cs using Guid(9c301febec5cca140a592f0a7c408ed5) Importer(815301076,1909f56bfc062723c751e8b465ee728b)  -> (artifact id: '752865da76125eaa63ced83e8e0fc94d') in 0.001591 seconds
  Import took 0.003679 seconds .

========================================================================
Received Import Request.
  Time since last request: 0.885851 seconds.
  path: Assets/02.Scripts/FollowCamGetAxis.cs
  artifactKey: Guid(9c301febec5cca140a592f0a7c408ed5) Importer(815301076,1909f56bfc062723c751e8b465ee728b)
Start importing Assets/02.Scripts/FollowCamGetAxis.cs using Guid(9c301febec5cca140a592f0a7c408ed5) Importer(815301076,1909f56bfc062723c751e8b465ee728b)  -> (artifact id: '8c23e379da53c520a7213f21f9e8924c') in 0.001448 seconds
  Import took 0.003400 seconds .

========================================================================
Received Import Request.
  Time since last request: 23.539861 seconds.
  path: Assets/02.Scripts/FollowCamGetAxis.cs
  artifactKey: Guid(9c301febec5cca140a592f0a7c408ed5) Importer(815301076,1909f56bfc062723c751e8b465ee728b)
Start importing Assets/02.Scripts/FollowCamGetAxis.cs using Guid(9c301febec5cca140a592f0a7c408ed5) Importer(815301076,1909f56bfc062723c751e8b465ee728b)  -> (artifact id: '162ea1f935a47961de8282672b13a425') in 0.001628 seconds
  Import took 0.003936 seconds .

========================================================================
Received Import Request.
  Time since last request: 19.970585 seconds.
  path: Assets/02.Scripts/FollowCamGetAxis.cs
  artifactKey: Guid(9c301febec5cca140a592f0a7c408ed5) Importer(815301076,1909f56bfc062723c751e8b465ee728b)
Start importing Assets/02.Scripts/FollowCamGetAxis.cs using Guid(9c301febec5cca140a592f0a7c408ed5) Importer(815301076,1909f56bfc062723c751e8b465ee728b)  -> (artifact id: '49f0a8251dfe1a35102ab62e7264f075') in 0.001641 seconds
  Import took 0.004114 seconds .

========================================================================
Received Import Request.
  Time since last request: 59.702605 seconds.
  path: Assets/02.Scripts/FollowCamGetAxis.cs
  artifactKey: Guid(9c301febec5cca140a592f0a7c408ed5) Importer(815301076,1909f56bfc062723c751e8b465ee728b)
Start importing Assets/02.Scripts/FollowCamGetAxis.cs using Guid(9c301febec5cca140a592f0a7c408ed5) Importer(815301076,1909f56bfc062723c751e8b465ee728b)  -> (artifact id: 'd46a218baeec6c1ed045ae5505bff8ce') in 0.001624 seconds
  Import took 0.003895 seconds .

========================================================================
Received Prepare
Registering precompiled user dll's ...
Registered in 0.026222 seconds.
Begin MonoManager ReloadAssembly
Native extension for WindowsStandalone target not found
Refreshing native plugins compatible for Editor in 0.33 ms, found 2 plugins.
Preloading 0 native plugins for Editor in 0.00 ms.
Mono: successfully reloaded assembly
- Completed reload, in  0.745 seconds
Platform modules already initialized, skipping
Refreshing native plugins compatible for Editor in 0.34 ms, found 2 plugins.
Preloading 0 native plugins for Editor in 0.00 ms.
Unloading 1389 Unused Serialized files (Serialized files now loaded: 0)
System memory in use before: 68.3 MB.
System memory in use after: 68.4 MB.

Unloading 14 unused Assets to reduce memory usage. Loaded Objects now: 1833.
Total: 1.631500 ms (FindLiveObjects: 0.169300 ms CreateObjectMapping: 0.038100 ms MarkObjects: 1.374600 ms  DeleteObjects: 0.048500 ms)

========================================================================
Received Prepare
Registering precompiled user dll's ...
Registered in 0.003105 seconds.
Begin MonoManager ReloadAssembly
Native extension for WindowsStandalone target not found
Refreshing native plugins compatible for Editor in 0.38 ms, found 2 plugins.
Preloading 0 native plugins for Editor in 0.00 ms.
Mono: successfully reloaded assembly
- Completed reload, in  0.852 seconds
Platform modules already initialized, skipping
Refreshing native plugins compatible for Editor in 0.35 ms, found 2 plugins.
Preloading 0 native plugins for Editor in 0.00 ms.
Unloading 1414 Unused Serialized files (Serialized files now loaded: 0)
System memory in use before: 74.8 MB.
System memory in use after: 71.7 MB.

Unloading 25 unused Assets to reduce memory usage. Loaded Objects now: 1852.
Total: 3.700200 ms (FindLiveObjects: 0.169800 ms CreateObjectMapping: 0.032000 ms MarkObjects: 1.789800 ms  DeleteObjects: 1.707500 ms)

========================================================================
Received Prepare
Registering precompiled user dll's ...
Registered in 0.002717 seconds.
Begin MonoManager ReloadAssembly
Native extension for WindowsStandalone target not found
Refreshing native plugins compatible for Editor in 0.38 ms, found 2 plugins.
Preloading 0 native plugins for Editor in 0.00 ms.
Mono: successfully reloaded assembly
- Completed reload, in  0.752 seconds
Platform modules already initialized, skipping
Refreshing native plugins compatible for Editor in 0.38 ms, found 2 plugins.
Preloading 0 native plugins for Editor in 0.00 ms.
Unloading 1413 Unused Serialized files (Serialized files now loaded: 0)
System memory in use before: 74.6 MB.
System memory in use after: 71.6 MB.

Unloading 25 unused Assets to reduce memory usage. Loaded Objects now: 1855.
Total: 3.581800 ms (FindLiveObjects: 0.162400 ms CreateObjectMapping: 0.030900 ms MarkObjects: 1.530100 ms  DeleteObjects: 1.857100 ms)

========================================================================
Received Import Request.
  Time since last request: 220.241539 seconds.
  path: Assets/05.Models/unity-chan!/Unity-chan! Model
  artifactKey: Guid(6395fe2434a22ef41b83186b290f8fab) Importer(815301076,1909f56bfc062723c751e8b465ee728b)
Start importing Assets/05.Models/unity-chan!/Unity-chan! Model using Guid(6395fe2434a22ef41b83186b290f8fab) Importer(815301076,1909f56bfc062723c751e8b465ee728b)  -> (artifact id: '4da1c6fc935fe302be838b1c133b3a4e') in 0.004251 seconds
  Import took 0.006691 seconds .

========================================================================
Received Import Request.
  Time since last request: 0.001824 seconds.
  path: Assets/05.Models/unity-chan!/Unity-chan! Model
  artifactKey: Guid(6395fe2434a22ef41b83186b290f8fab) Importer(815301076,1909f56bfc062723c751e8b465ee728b)
Start importing Assets/05.Models/unity-chan!/Unity-chan! Model using Guid(6395fe2434a22ef41b83186b290f8fab) Importer(815301076,1909f56bfc062723c751e8b465ee728b)  -> (artifact id: '4da1c6fc935fe302be838b1c133b3a4e') in 0.001390 seconds
  Import took 0.003108 seconds .

========================================================================
Received Import Request.
  Time since last request: 9.724215 seconds.
  path: Assets/05.Models/unity-chan!/Unity-chan! Model/Art
  artifactKey: Guid(defce7c728fb01d49a7a7e9205dbde77) Importer(815301076,1909f56bfc062723c751e8b465ee728b)
Start importing Assets/05.Models/unity-chan!/Unity-chan! Model/Art using Guid(defce7c728fb01d49a7a7e9205dbde77) Importer(815301076,1909f56bfc062723c751e8b465ee728b)  -> (artifact id: '4aca67682a69ff282d45018f8ab601fd') in 0.001681 seconds
  Import took 0.003890 seconds .

========================================================================
Received Import Request.
  Time since last request: 2.324944 seconds.
  path: Assets/05.Models/unity-chan!/Unity-chan! Model/Art/Models
  artifactKey: Guid(0651926009c11fa4b939d33f086c4028) Importer(815301076,1909f56bfc062723c751e8b465ee728b)
Start importing Assets/05.Models/unity-chan!/Unity-chan! Model/Art/Models using Guid(0651926009c11fa4b939d33f086c4028) Importer(815301076,1909f56bfc062723c751e8b465ee728b)  -> (artifact id: 'e81ab3adb86631fdce5a76506127f157') in 0.002006 seconds
  Import took 0.004283 seconds .

========================================================================
Received Import Request.
  Time since last request: 1.167311 seconds.
  path: Assets/05.Models/unity-chan!/Unity-chan! Model/Art/Models/BoxUnityChan.fbx
  artifactKey: Guid(d6dad0fb52ba12f458cc7ffb66882391) Importer(815301076,1909f56bfc062723c751e8b465ee728b)
Start importing Assets/05.Models/unity-chan!/Unity-chan! Model/Art/Models/BoxUnityChan.fbx using Guid(d6dad0fb52ba12f458cc7ffb66882391) Importer(815301076,1909f56bfc062723c751e8b465ee728b)  -> (artifact id: 'c66ce9670ccc0aa4f3a09ab0cfa52eb8') in 0.395900 seconds
  Import took 0.398999 seconds .

========================================================================
Received Import Request.
  Time since last request: 0.719784 seconds.
  path: Assets/05.Models/unity-chan!/Unity-chan! Model/Art/Models/unitychan.fbx
  artifactKey: Guid(8f0565f23a2b58541a475bd3c1393052) Importer(815301076,1909f56bfc062723c751e8b465ee728b)
Start importing Assets/05.Models/unity-chan!/Unity-chan! Model/Art/Models/unitychan.fbx using Guid(8f0565f23a2b58541a475bd3c1393052) Importer(815301076,1909f56bfc062723c751e8b465ee728b)  -> (artifact id: 'f607da35c5bad361806f4b7298cb8862') in 0.320355 seconds
  Import took 0.325242 seconds .

========================================================================
Received Import Request.
  Time since last request: 3.223054 seconds.
  path: Assets/05.Models/unity-chan!/Unity-chan! Model/Editor
  artifactKey: Guid(0ed7722d085f04820ba89e8fb4d451a2) Importer(815301076,1909f56bfc062723c751e8b465ee728b)
Start importing Assets/05.Models/unity-chan!/Unity-chan! Model/Editor using Guid(0ed7722d085f04820ba89e8fb4d451a2) Importer(815301076,1909f56bfc062723c751e8b465ee728b)  -> (artifact id: '403b72f14aba875b39fef33560e67a06') in 0.001600 seconds
  Import took 0.003804 seconds .

========================================================================
Received Import Request.
  Time since last request: 1.714465 seconds.
  path: Assets/05.Models/unity-chan!/Unity-chan! Model/Documentation
  artifactKey: Guid(aecbc32136ead544e86c327b0a2dad85) Importer(815301076,1909f56bfc062723c751e8b465ee728b)
Start importing Assets/05.Models/unity-chan!/Unity-chan! Model/Documentation using Guid(aecbc32136ead544e86c327b0a2dad85) Importer(815301076,1909f56bfc062723c751e8b465ee728b)  -> (artifact id: 'be9cde70a93c80a3fbb637457ff20db4') in 0.001701 seconds
  Import took 0.004125 seconds .

========================================================================
Received Import Request.
  Time since last request: 1.987035 seconds.
  path: Assets/05.Models/unity-chan!/Unity-chan! Model/Editor/CreateLocatorHere.cs
  artifactKey: Guid(12ec17992da8868439a50d4b342b7cfd) Importer(815301076,1909f56bfc062723c751e8b465ee728b)
Start importing Assets/05.Models/unity-chan!/Unity-chan! Model/Editor/CreateLocatorHere.cs using Guid(12ec17992da8868439a50d4b342b7cfd) Importer(815301076,1909f56bfc062723c751e8b465ee728b)  -> (artifact id: '38747c6fe8f7339347a118b110cb69e1') in 0.001587 seconds
  Import took 0.003942 seconds .

========================================================================
Received Import Request.
  Time since last request: 0.001202 seconds.
  path: Assets/05.Models/unity-chan!/Unity-chan! Model/Editor/CreateLocatorHere.cs
  artifactKey: Guid(12ec17992da8868439a50d4b342b7cfd) Importer(815301076,1909f56bfc062723c751e8b465ee728b)
Start importing Assets/05.Models/unity-chan!/Unity-chan! Model/Editor/CreateLocatorHere.cs using Guid(12ec17992da8868439a50d4b342b7cfd) Importer(815301076,1909f56bfc062723c751e8b465ee728b)  -> (artifact id: '38747c6fe8f7339347a118b110cb69e1') in 0.001362 seconds
  Import took 0.003312 seconds .

========================================================================
Received Import Request.
  Time since last request: 7.408114 seconds.
  path: Assets/05.Models/unity-chan!/Unity-chan! Model/Documentation/ReadMe
  artifactKey: Guid(ecb329de41efa4b2fa04763f1b8ad282) Importer(815301076,1909f56bfc062723c751e8b465ee728b)
Start importing Assets/05.Models/unity-chan!/Unity-chan! Model/Documentation/ReadMe using Guid(ecb329de41efa4b2fa04763f1b8ad282) Importer(815301076,1909f56bfc062723c751e8b465ee728b)  -> (artifact id: '4a0e76bd0f866ba0706930eacbcabd7a') in 0.001715 seconds
  Import took 0.004050 seconds .

========================================================================
Received Import Request.
  Time since last request: 0.359981 seconds.
  path: Assets/05.Models/unity-chan!/Unity-chan! Model/Documentation/UnityChanLicense2.0
  artifactKey: Guid(ad7ee9b345c64894095bcf3c288e6abb) Importer(815301076,1909f56bfc062723c751e8b465ee728b)
Start importing Assets/05.Models/unity-chan!/Unity-chan! Model/Documentation/UnityChanLicense2.0 using Guid(ad7ee9b345c64894095bcf3c288e6abb) Importer(815301076,1909f56bfc062723c751e8b465ee728b)  -> (artifact id: 'f2362c9aaf4a937169a5f246462574e9') in 0.001711 seconds
  Import took 0.004084 seconds .

========================================================================
Received Import Request.
  Time since last request: 4.109053 seconds.
  path: Assets/05.Models/unity-chan!/Unity-chan! Model/Audio
  artifactKey: Guid(c388b2cfb1710a449aeb185fe484b341) Importer(815301076,1909f56bfc062723c751e8b465ee728b)
Start importing Assets/05.Models/unity-chan!/Unity-chan! Model/Audio using Guid(c388b2cfb1710a449aeb185fe484b341) Importer(815301076,1909f56bfc062723c751e8b465ee728b)  -> (artifact id: '5a01da851a5d61a88d022a6c1cbe680b') in 0.001683 seconds
  Import took 0.003961 seconds .

========================================================================
Received Import Request.
  Time since last request: 1.490107 seconds.
  path: Assets/05.Models/unity-chan!/Unity-chan! Model/Documentation/UnityChanLicense2.0/Japanese
  artifactKey: Guid(dbee516262f1b6946905efc2f85c72c2) Importer(815301076,1909f56bfc062723c751e8b465ee728b)
Start importing Assets/05.Models/unity-chan!/Unity-chan! Model/Documentation/UnityChanLicense2.0/Japanese using Guid(dbee516262f1b6946905efc2f85c72c2) Importer(815301076,1909f56bfc062723c751e8b465ee728b)  -> (artifact id: '68180c5c75aeb9aebd0c4cbd7cd4ee1f') in 0.001719 seconds
  Import took 0.003967 seconds .

========================================================================
Received Import Request.
  Time since last request: 0.452886 seconds.
  path: Assets/05.Models/unity-chan!/Unity-chan! Model/Documentation/UnityChanLicense2.0/License Logo
  artifactKey: Guid(6293484343967d84f87c1481f1d67624) Importer(815301076,1909f56bfc062723c751e8b465ee728b)
Start importing Assets/05.Models/unity-chan!/Unity-chan! Model/Documentation/UnityChanLicense2.0/License Logo using Guid(6293484343967d84f87c1481f1d67624) Importer(815301076,1909f56bfc062723c751e8b465ee728b)  -> (artifact id: 'ecb5e8767a61c755dd30f82534360367') in 0.001827 seconds
  Import took 0.004124 seconds .

========================================================================
Received Import Request.
  Time since last request: 6.137452 seconds.
  path: Assets/05.Models/unity-chan!/Unity-chan! Model/Art/Animations
  artifactKey: Guid(74bcda471467838418c210cd804e4978) Importer(815301076,1909f56bfc062723c751e8b465ee728b)
Start importing Assets/05.Models/unity-chan!/Unity-chan! Model/Art/Animations using Guid(74bcda471467838418c210cd804e4978) Importer(815301076,1909f56bfc062723c751e8b465ee728b)  -> (artifact id: '665ed0f0b10487a3bafbde2f2c9d4e0e') in 0.001718 seconds
  Import took 0.004043 seconds .

========================================================================
Received Import Request.
  Time since last request: 4.731747 seconds.
  path: Assets/05.Models/unity-chan!/Unity-chan! Model/Art/UnityChanShader
  artifactKey: Guid(37a9d016da7c84d7d8c3c90eb6399f0a) Importer(815301076,1909f56bfc062723c751e8b465ee728b)
Start importing Assets/05.Models/unity-chan!/Unity-chan! Model/Art/UnityChanShader using Guid(37a9d016da7c84d7d8c3c90eb6399f0a) Importer(815301076,1909f56bfc062723c751e8b465ee728b)  -> (artifact id: '20ac99a28f2af5b80427463571d90317') in 0.001700 seconds
  Import took 0.004028 seconds .

========================================================================
Received Import Request.
  Time since last request: 0.937814 seconds.
  path: Assets/05.Models/unity-chan!/Unity-chan! Model/Art/UnityChanShader/Materials
  artifactKey: Guid(d37ce0e735ec24e67a1d51ad25057fa2) Importer(815301076,1909f56bfc062723c751e8b465ee728b)
Start importing Assets/05.Models/unity-chan!/Unity-chan! Model/Art/UnityChanShader/Materials using Guid(d37ce0e735ec24e67a1d51ad25057fa2) Importer(815301076,1909f56bfc062723c751e8b465ee728b)  -> (artifact id: '29c9d1cf8ae046122dff4826e16af8b1') in 0.001729 seconds
  Import took 0.003918 seconds .

========================================================================
Received Import Request.
  Time since last request: 0.383828 seconds.
  path: Assets/05.Models/unity-chan!/Unity-chan! Model/Art/UnityChanShader/Texture
  artifactKey: Guid(5d48b74ab15384cb4890c8670fa6b180) Importer(815301076,1909f56bfc062723c751e8b465ee728b)
Start importing Assets/05.Models/unity-chan!/Unity-chan! Model/Art/UnityChanShader/Texture using Guid(5d48b74ab15384cb4890c8670fa6b180) Importer(815301076,1909f56bfc062723c751e8b465ee728b)  -> (artifact id: '954d5f10f92eab3b85d9556a2d18c437') in 0.001655 seconds
  Import took 0.003957 seconds .

========================================================================
Received Import Request.
  Time since last request: 0.343835 seconds.
  path: Assets/05.Models/unity-chan!/Unity-chan! Model/Art/UnityChanShader/Shader
  artifactKey: Guid(a848be5814ed24b00a2c07e55604d9f8) Importer(815301076,1909f56bfc062723c751e8b465ee728b)
Start importing Assets/05.Models/unity-chan!/Unity-chan! Model/Art/UnityChanShader/Shader using Guid(a848be5814ed24b00a2c07e55604d9f8) Importer(815301076,1909f56bfc062723c751e8b465ee728b)  -> (artifact id: 'ba8c13f14f5721df7fadd40353fc43a2') in 0.001501 seconds
  Import took 0.003749 seconds .

========================================================================
Received Import Request.
  Time since last request: 1.535707 seconds.
  path: Assets/05.Models/unity-chan!/Unity-chan! Model/Art/Stage
  artifactKey: Guid(5748270dde7fe4817b258c4c0470aed8) Importer(815301076,1909f56bfc062723c751e8b465ee728b)
Start importing Assets/05.Models/unity-chan!/Unity-chan! Model/Art/Stage using Guid(5748270dde7fe4817b258c4c0470aed8) Importer(815301076,1909f56bfc062723c751e8b465ee728b)  -> (artifact id: 'd96c8c0ce6801029939d21cca3e2d20d') in 0.001745 seconds
  Import took 0.004028 seconds .

========================================================================
Received Import Request.
  Time since last request: 6.011177 seconds.
  path: Assets/05.Models/unity-chan!/Unity-chan! Model/Scenes
  artifactKey: Guid(f19d8ba5e85097445bfcd84b267e2cb0) Importer(815301076,1909f56bfc062723c751e8b465ee728b)
Start importing Assets/05.Models/unity-chan!/Unity-chan! Model/Scenes using Guid(f19d8ba5e85097445bfcd84b267e2cb0) Importer(815301076,1909f56bfc062723c751e8b465ee728b)  -> (artifact id: '459f4a456dd2ad37a5800ec14d98790e') in 0.001537 seconds
  Import took 0.004072 seconds .

========================================================================
Received Import Request.
  Time since last request: 2.450280 seconds.
  path: Assets/05.Models/unity-chan!/Unity-chan! Model/Prefabs
  artifactKey: Guid(f875c0a860fab1c498f1ed5edcee2b47) Importer(815301076,1909f56bfc062723c751e8b465ee728b)
Start importing Assets/05.Models/unity-chan!/Unity-chan! Model/Prefabs using Guid(f875c0a860fab1c498f1ed5edcee2b47) Importer(815301076,1909f56bfc062723c751e8b465ee728b)  -> (artifact id: '2c700920a4e942a0b8a1c2cc49452732') in 0.001748 seconds
  Import took 0.003978 seconds .

========================================================================
Received Import Request.
  Time since last request: 0.981143 seconds.
  path: Assets/05.Models/unity-chan!/Unity-chan! Model/Prefabs/BoxUnityChan.prefab
  artifactKey: Guid(6788413dff62c534d8ca610faef3c7a2) Importer(815301076,1909f56bfc062723c751e8b465ee728b)
Start importing Assets/05.Models/unity-chan!/Unity-chan! Model/Prefabs/BoxUnityChan.prefab using Guid(6788413dff62c534d8ca610faef3c7a2) Importer(815301076,1909f56bfc062723c751e8b465ee728b)  -> (artifact id: '72ec6e2c530127db209ed090f61a4719') in 0.020974 seconds
  Import took 0.024440 seconds .

========================================================================
Received Import Request.
  Time since last request: 0.543918 seconds.
  path: Assets/05.Models/unity-chan!/Unity-chan! Model/Prefabs/Directional light for UnityChan.prefab
  artifactKey: Guid(b76c71a1e3f6c4fdab657f4fbf5466de) Importer(815301076,1909f56bfc062723c751e8b465ee728b)
Start importing Assets/05.Models/unity-chan!/Unity-chan! Model/Prefabs/Directional light for UnityChan.prefab using Guid(b76c71a1e3f6c4fdab657f4fbf5466de) Importer(815301076,1909f56bfc062723c751e8b465ee728b)  -> (artifact id: '35484ba1ae8ee5b472a39c2ab3f06f0e') in 0.003121 seconds
  Import took 0.005364 seconds .

========================================================================
Received Import Request.
  Time since last request: 0.008639 seconds.
  path: Assets/05.Models/unity-chan!/Unity-chan! Model/Prefabs/Directional light for UnityChan.prefab
  artifactKey: Guid(b76c71a1e3f6c4fdab657f4fbf5466de) Importer(815301076,1909f56bfc062723c751e8b465ee728b)
Start importing Assets/05.Models/unity-chan!/Unity-chan! Model/Prefabs/Directional light for UnityChan.prefab using Guid(b76c71a1e3f6c4fdab657f4fbf5466de) Importer(815301076,1909f56bfc062723c751e8b465ee728b)  -> (artifact id: '35484ba1ae8ee5b472a39c2ab3f06f0e') in 0.002342 seconds
  Import took 0.004163 seconds .

========================================================================
Received Import Request.
  Time since last request: 0.593453 seconds.
  path: Assets/05.Models/unity-chan!/Unity-chan! Model/Prefabs/Locator_IKtarget.prefab
  artifactKey: Guid(88eeda7d3a9f2492da9213d1c1ab46d0) Importer(815301076,1909f56bfc062723c751e8b465ee728b)
Start importing Assets/05.Models/unity-chan!/Unity-chan! Model/Prefabs/Locator_IKtarget.prefab using Guid(88eeda7d3a9f2492da9213d1c1ab46d0) Importer(815301076,1909f56bfc062723c751e8b465ee728b)  -> (artifact id: 'b7cdfc8ed24031bbdea39fbb5fd720cb') in 0.012688 seconds
  Import took 0.015413 seconds .

========================================================================
Received Import Request.
  Time since last request: 0.577600 seconds.
  path: Assets/05.Models/unity-chan!/Unity-chan! Model/Prefabs/LookPos.prefab
  artifactKey: Guid(6d5bff5837eca402492a89073b17c2e6) Importer(815301076,1909f56bfc062723c751e8b465ee728b)
Start importing Assets/05.Models/unity-chan!/Unity-chan! Model/Prefabs/LookPos.prefab using Guid(6d5bff5837eca402492a89073b17c2e6) Importer(815301076,1909f56bfc062723c751e8b465ee728b)  -> (artifact id: '018d5f1ad59cdf40c886164d554607fc') in 0.002717 seconds
  Import took 0.005036 seconds .

========================================================================
Received Import Request.
  Time since last request: 0.628081 seconds.
  path: Assets/05.Models/unity-chan!/Unity-chan! Model/Prefabs/unitychan.prefab
  artifactKey: Guid(412b92d4feeb9c548bfa98f62c4d1022) Importer(815301076,1909f56bfc062723c751e8b465ee728b)
Start importing Assets/05.Models/unity-chan!/Unity-chan! Model/Prefabs/unitychan.prefab using Guid(412b92d4feeb9c548bfa98f62c4d1022) Importer(815301076,1909f56bfc062723c751e8b465ee728b)  -> (artifact id: '033c4eceb43590bb5e06e8f21adc5250') in 0.118763 seconds
  Import took 0.127345 seconds .

========================================================================
Received Import Request.
  Time since last request: 0.525632 seconds.
  path: Assets/05.Models/unity-chan!/Unity-chan! Model/Prefabs/unitychan_dynamic.prefab
  artifactKey: Guid(49f2055d53eeb4e5a92af590a44bddee) Importer(815301076,1909f56bfc062723c751e8b465ee728b)
Start importing Assets/05.Models/unity-chan!/Unity-chan! Model/Prefabs/unitychan_dynamic.prefab using Guid(49f2055d53eeb4e5a92af590a44bddee) Importer(815301076,1909f56bfc062723c751e8b465ee728b)  -> (artifact id: '44f3dfc0d8a224e3dc83e86fb26931bf') in 0.093279 seconds
  Import took 0.101620 seconds .

========================================================================
Received Import Request.
  Time since last request: 182.146906 seconds.
  path: Assets/03.Prefabs/PlayerUnityChan.prefab
  artifactKey: Guid(555f221d79c8955499690bd4becf3285) Importer(815301076,1909f56bfc062723c751e8b465ee728b)
Start importing Assets/03.Prefabs/PlayerUnityChan.prefab using Guid(555f221d79c8955499690bd4becf3285) Importer(815301076,1909f56bfc062723c751e8b465ee728b)  -> (artifact id: 'e591225c2b18dc048cb13b6411fec8a1') in 0.046913 seconds
  Import took 0.051958 seconds .

========================================================================
Received Import Request.
  Time since last request: 12.550692 seconds.
  path: Assets/03.Prefabs/TestPlayer.prefab
  artifactKey: Guid(84a6e3215614990459de4fb57784286b) Importer(815301076,1909f56bfc062723c751e8b465ee728b)
Start importing Assets/03.Prefabs/TestPlayer.prefab using Guid(84a6e3215614990459de4fb57784286b) Importer(815301076,1909f56bfc062723c751e8b465ee728b)  -> (artifact id: 'f2ee0007d4cead8607272e1c7d24a166') in 0.008120 seconds
  Import took 0.010663 seconds .

========================================================================
Received Import Request.
  Time since last request: 0.319395 seconds.
  path: Assets/03.Prefabs/Player.prefab
  artifactKey: Guid(3934a0e8b80924e43b8c515c131cb934) Importer(815301076,1909f56bfc062723c751e8b465ee728b)
Start importing Assets/03.Prefabs/Player.prefab using Guid(3934a0e8b80924e43b8c515c131cb934) Importer(815301076,1909f56bfc062723c751e8b465ee728b)  -> (artifact id: 'b75d5b45485c7ac66a51bb682a918132') in 0.006657 seconds
  Import took 0.009178 seconds .

========================================================================
Received Prepare
Registering precompiled user dll's ...
Registered in 0.002811 seconds.
Begin MonoManager ReloadAssembly
Native extension for WindowsStandalone target not found
Refreshing native plugins compatible for Editor in 0.38 ms, found 2 plugins.
Preloading 0 native plugins for Editor in 0.00 ms.
Mono: successfully reloaded assembly
- Completed reload, in  0.732 seconds
Platform modules already initialized, skipping
Refreshing native plugins compatible for Editor in 0.38 ms, found 2 plugins.
Preloading 0 native plugins for Editor in 0.00 ms.
Unloading 1413 Unused Serialized files (Serialized files now loaded: 0)
System memory in use before: 92.1 MB.
System memory in use after: 90.9 MB.

Unloading 20 unused Assets to reduce memory usage. Loaded Objects now: 1879.
Total: 2.485300 ms (FindLiveObjects: 0.185100 ms CreateObjectMapping: 0.031200 ms MarkObjects: 1.426500 ms  DeleteObjects: 0.841700 ms)

========================================================================
Received Prepare
Registering precompiled user dll's ...
Registered in 0.002839 seconds.
Begin MonoManager ReloadAssembly
Native extension for WindowsStandalone target not found
Refreshing native plugins compatible for Editor in 0.38 ms, found 2 plugins.
Preloading 0 native plugins for Editor in 0.00 ms.
Mono: successfully reloaded assembly
- Completed reload, in  0.739 seconds
Platform modules already initialized, skipping
Refreshing native plugins compatible for Editor in 0.39 ms, found 2 plugins.
Preloading 0 native plugins for Editor in 0.00 ms.
Unloading 1406 Unused Serialized files (Serialized files now loaded: 0)
System memory in use before: 91.3 MB.
System memory in use after: 90.2 MB.

Unloading 18 unused Assets to reduce memory usage. Loaded Objects now: 1882.
Total: 2.511000 ms (FindLiveObjects: 0.141000 ms CreateObjectMapping: 0.031800 ms MarkObjects: 1.442600 ms  DeleteObjects: 0.894600 ms)

========================================================================
Received Prepare
Registering precompiled user dll's ...
Registered in 0.002636 seconds.
Begin MonoManager ReloadAssembly
Native extension for WindowsStandalone target not found
Refreshing native plugins compatible for Editor in 0.39 ms, found 2 plugins.
Preloading 0 native plugins for Editor in 0.00 ms.
Mono: successfully reloaded assembly
- Completed reload, in  0.741 seconds
Platform modules already initialized, skipping
Refreshing native plugins compatible for Editor in 0.39 ms, found 2 plugins.
Preloading 0 native plugins for Editor in 0.00 ms.
Unloading 1406 Unused Serialized files (Serialized files now loaded: 0)
System memory in use before: 91.3 MB.
System memory in use after: 90.2 MB.

Unloading 18 unused Assets to reduce memory usage. Loaded Objects now: 1885.
Total: 2.815300 ms (FindLiveObjects: 0.165200 ms CreateObjectMapping: 0.030800 ms MarkObjects: 1.715600 ms  DeleteObjects: 0.902600 ms)

========================================================================
Received Prepare
Registering precompiled user dll's ...
Registered in 0.002774 seconds.
Begin MonoManager ReloadAssembly
Native extension for WindowsStandalone target not found
Refreshing native plugins compatible for Editor in 0.39 ms, found 2 plugins.
Preloading 0 native plugins for Editor in 0.00 ms.
Mono: successfully reloaded assembly
- Completed reload, in  0.748 seconds
Platform modules already initialized, skipping
Refreshing native plugins compatible for Editor in 0.38 ms, found 2 plugins.
Preloading 0 native plugins for Editor in 0.00 ms.
Unloading 1406 Unused Serialized files (Serialized files now loaded: 0)
System memory in use before: 91.4 MB.
System memory in use after: 90.2 MB.

Unloading 18 unused Assets to reduce memory usage. Loaded Objects now: 1888.
Total: 2.607800 ms (FindLiveObjects: 0.158700 ms CreateObjectMapping: 0.034100 ms MarkObjects: 1.427300 ms  DeleteObjects: 0.987000 ms)

========================================================================
Received Prepare
Registering precompiled user dll's ...
Registered in 0.002605 seconds.
Begin MonoManager ReloadAssembly
Native extension for WindowsStandalone target not found
Refreshing native plugins compatible for Editor in 0.40 ms, found 2 plugins.
Preloading 0 native plugins for Editor in 0.00 ms.
Mono: successfully reloaded assembly
- Completed reload, in  0.730 seconds
Platform modules already initialized, skipping
Refreshing native plugins compatible for Editor in 0.40 ms, found 2 plugins.
Preloading 0 native plugins for Editor in 0.00 ms.
Unloading 1406 Unused Serialized files (Serialized files now loaded: 0)
System memory in use before: 91.3 MB.
System memory in use after: 90.2 MB.

Unloading 18 unused Assets to reduce memory usage. Loaded Objects now: 1891.
Total: 2.667800 ms (FindLiveObjects: 0.168600 ms CreateObjectMapping: 0.028700 ms MarkObjects: 1.413500 ms  DeleteObjects: 1.056100 ms)

========================================================================
Received Prepare
Registering precompiled user dll's ...
Registered in 0.002629 seconds.
Begin MonoManager ReloadAssembly
Native extension for WindowsStandalone target not found
Refreshing native plugins compatible for Editor in 0.38 ms, found 2 plugins.
Preloading 0 native plugins for Editor in 0.00 ms.
Mono: successfully reloaded assembly
- Completed reload, in  0.723 seconds
Platform modules already initialized, skipping
Refreshing native plugins compatible for Editor in 0.39 ms, found 2 plugins.
Preloading 0 native plugins for Editor in 0.00 ms.
Unloading 1406 Unused Serialized files (Serialized files now loaded: 0)
System memory in use before: 91.4 MB.
System memory in use after: 90.2 MB.

Unloading 18 unused Assets to reduce memory usage. Loaded Objects now: 1894.
Total: 2.949700 ms (FindLiveObjects: 0.178100 ms CreateObjectMapping: 0.031800 ms MarkObjects: 1.769900 ms  DeleteObjects: 0.968400 ms)

========================================================================
Received Import Request.
  Time since last request: 535.919696 seconds.
  path: Assets/02.Scripts/Player
  artifactKey: Guid(38163da7e4e96904b89f9c92137069d4) Importer(815301076,1909f56bfc062723c751e8b465ee728b)
Start importing Assets/02.Scripts/Player using Guid(38163da7e4e96904b89f9c92137069d4) Importer(815301076,1909f56bfc062723c751e8b465ee728b)  -> (artifact id: '9ab657adf87460481cf6105efddafe5c') in 0.003812 seconds
  Import took 0.006700 seconds .

========================================================================
Received Import Request.
  Time since last request: 83.307199 seconds.
  path: Assets/02.Scripts/New Folder
  artifactKey: Guid(66a87c90243b814438df9195ffb62773) Importer(815301076,1909f56bfc062723c751e8b465ee728b)
Start importing Assets/02.Scripts/New Folder using Guid(66a87c90243b814438df9195ffb62773) Importer(815301076,1909f56bfc062723c751e8b465ee728b)  -> (artifact id: '46cdbd9de7e79e1ec5cdfd1ee4d0046c') in 0.003186 seconds
  Import took 0.007323 seconds .

========================================================================
Received Import Request.
  Time since last request: 2.625360 seconds.
  path: Assets/02.Scripts/Common
  artifactKey: Guid(66a87c90243b814438df9195ffb62773) Importer(815301076,1909f56bfc062723c751e8b465ee728b)
Start importing Assets/02.Scripts/Common using Guid(66a87c90243b814438df9195ffb62773) Importer(815301076,1909f56bfc062723c751e8b465ee728b)  -> (artifact id: 'a1ab92f15d66c801704bfc07fdf75629') in 0.001616 seconds
  Import took 0.003955 seconds .

========================================================================
Received Import Request.
  Time since last request: 13.152775 seconds.
  path: Assets/02.Scripts/FollowCam.cs
  artifactKey: Guid(394ed5911b5b84647ba440554397d1cf) Importer(815301076,1909f56bfc062723c751e8b465ee728b)
Start importing Assets/02.Scripts/FollowCam.cs using Guid(394ed5911b5b84647ba440554397d1cf) Importer(815301076,1909f56bfc062723c751e8b465ee728b)  -> (artifact id: 'd30dbaa83ebaef7ca41396988fe784af') in 0.001701 seconds
  Import took 0.003979 seconds .

========================================================================
Received Import Request.
  Time since last request: 0.002021 seconds.
  path: Assets/02.Scripts/FollowCam.cs
  artifactKey: Guid(394ed5911b5b84647ba440554397d1cf) Importer(815301076,1909f56bfc062723c751e8b465ee728b)
Start importing Assets/02.Scripts/FollowCam.cs using Guid(394ed5911b5b84647ba440554397d1cf) Importer(815301076,1909f56bfc062723c751e8b465ee728b)  -> (artifact id: 'd30dbaa83ebaef7ca41396988fe784af') in 0.001480 seconds
  Import took 0.003566 seconds .

========================================================================
Received Prepare
Registering precompiled user dll's ...
Registered in 0.003622 seconds.
Begin MonoManager ReloadAssembly
Native extension for WindowsStandalone target not found
Refreshing native plugins compatible for Editor in 0.44 ms, found 2 plugins.
Preloading 0 native plugins for Editor in 0.00 ms.
Mono: successfully reloaded assembly
- Completed reload, in  0.824 seconds
Platform modules already initialized, skipping
Refreshing native plugins compatible for Editor in 0.39 ms, found 2 plugins.
Preloading 0 native plugins for Editor in 0.00 ms.
Unloading 1406 Unused Serialized files (Serialized files now loaded: 0)
System memory in use before: 91.4 MB.
System memory in use after: 90.2 MB.

Unloading 18 unused Assets to reduce memory usage. Loaded Objects now: 1897.
Total: 2.727100 ms (FindLiveObjects: 0.186300 ms CreateObjectMapping: 0.031400 ms MarkObjects: 1.446100 ms  DeleteObjects: 1.062400 ms)

========================================================================
Received Import Request.
  Time since last request: 6.315801 seconds.
  path: Assets/02.Scripts/PlayerCtrl.cs
  artifactKey: Guid(75e1de64edcf02f4eb86c548747a4f96) Importer(815301076,1909f56bfc062723c751e8b465ee728b)
Start importing Assets/02.Scripts/PlayerCtrl.cs using Guid(75e1de64edcf02f4eb86c548747a4f96) Importer(815301076,1909f56bfc062723c751e8b465ee728b)  -> (artifact id: '925e788ffeb90ebf0917509851369ab9') in 0.003747 seconds
  Import took 0.005969 seconds .

========================================================================
Received Import Request.
  Time since last request: 0.070016 seconds.
  path: Assets/02.Scripts/PlayerCtrlShoulder.cs
  artifactKey: Guid(d2e5d0aa9d1a27b47b20726241e95b09) Importer(815301076,1909f56bfc062723c751e8b465ee728b)
Start importing Assets/02.Scripts/PlayerCtrlShoulder.cs using Guid(d2e5d0aa9d1a27b47b20726241e95b09) Importer(815301076,1909f56bfc062723c751e8b465ee728b)  -> (artifact id: '7840f972c8f6d456e9a1c6c141f92a4c') in 0.001692 seconds
  Import took 0.003916 seconds .

========================================================================
Received Import Request.
  Time since last request: 0.000320 seconds.
  path: Assets/02.Scripts/PlayerCtrlShoulder.cs
  artifactKey: Guid(d2e5d0aa9d1a27b47b20726241e95b09) Importer(815301076,1909f56bfc062723c751e8b465ee728b)
Start importing Assets/02.Scripts/PlayerCtrlShoulder.cs using Guid(d2e5d0aa9d1a27b47b20726241e95b09) Importer(815301076,1909f56bfc062723c751e8b465ee728b)  -> (artifact id: '7840f972c8f6d456e9a1c6c141f92a4c') in 0.001275 seconds
  Import took 0.003090 seconds .

========================================================================
Received Prepare
Registering precompiled user dll's ...
Registered in 0.002696 seconds.
Begin MonoManager ReloadAssembly
Native extension for WindowsStandalone target not found
Refreshing native plugins compatible for Editor in 0.39 ms, found 2 plugins.
Preloading 0 native plugins for Editor in 0.00 ms.
Mono: successfully reloaded assembly
- Completed reload, in  0.737 seconds
Platform modules already initialized, skipping
Refreshing native plugins compatible for Editor in 0.55 ms, found 2 plugins.
Preloading 0 native plugins for Editor in 0.00 ms.
Unloading 1406 Unused Serialized files (Serialized files now loaded: 0)
System memory in use before: 91.4 MB.
System memory in use after: 90.2 MB.

Unloading 18 unused Assets to reduce memory usage. Loaded Objects now: 1900.
Total: 2.685600 ms (FindLiveObjects: 0.181600 ms CreateObjectMapping: 0.031500 ms MarkObjects: 1.534400 ms  DeleteObjects: 0.937300 ms)

========================================================================
Received Import Request.
  Time since last request: 13.888425 seconds.
  path: Assets/02.Scripts/Player/PlayerAD.asmdef
  artifactKey: Guid(4641d72c22c4aad4e957bf9aaf9565b9) Importer(815301076,1909f56bfc062723c751e8b465ee728b)
Start importing Assets/02.Scripts/Player/PlayerAD.asmdef using Guid(4641d72c22c4aad4e957bf9aaf9565b9) Importer(815301076,1909f56bfc062723c751e8b465ee728b)  -> (artifact id: '7ee283ca6c5279646860ea20fb62f06a') in 0.006122 seconds
  Import took 0.008970 seconds .

========================================================================
Received Import Request.
  Time since last request: 0.036931 seconds.
  path: Assets/02.Scripts/Player/PlayerAD.asmdef
  artifactKey: Guid(4641d72c22c4aad4e957bf9aaf9565b9) Importer(815301076,1909f56bfc062723c751e8b465ee728b)
Start importing Assets/02.Scripts/Player/PlayerAD.asmdef using Guid(4641d72c22c4aad4e957bf9aaf9565b9) Importer(815301076,1909f56bfc062723c751e8b465ee728b)  -> (artifact id: '7ee283ca6c5279646860ea20fb62f06a') in 0.001683 seconds
  Import took 0.004144 seconds .

