Using pre-set license
Built from '2020.3/staging' branch; Version is '2020.3.11f1 (99c7afb366b3) revision 10078127'; Using compiler version '192528614'; Build Type 'Release'
OS: 'Windows 10 Pro; OS build 19042.1052; Version 2009; 64bit' Language: 'ko' Physical Memory: 3985 MB
BatchMode: 1, IsHumanControllingUs: 0, StartBugReporterOnCrash: 0, Is64bit: 1, IsPro: 0

 COMMAND LINE ARGUMENTS:
C:\Program Files\Unity\Hub\Editor\2020.3.11f1\Editor\Unity.exe
-adb2
-batchMode
-noUpm
-name
AssetImportWorker3
-projectPath
D:/LILY/UnityEngine/3DShootingUnity/3DShooting
-logFile
Logs/AssetImportWorker3.log
-srvPort
53754
Successfully changed project path to: D:/LILY/UnityEngine/3DShootingUnity/3DShooting
D:/LILY/UnityEngine/3DShootingUnity/3DShooting
Using Asset Import Pipeline V2.
Refreshing native plugins compatible for Editor in 75.04 ms, found 2 plugins.
Preloading 0 native plugins for Editor in 0.00 ms.
Initialize engine version: 2020.3.11f1 (99c7afb366b3)
[Subsystems] Discovering subsystems at path C:/Program Files/Unity/Hub/Editor/2020.3.11f1/Editor/Data/Resources/UnitySubsystems
[Subsystems] Discovering subsystems at path D:/LILY/UnityEngine/3DShootingUnity/3DShooting/Assets
GfxDevice: creating device client; threaded=0
Direct3D:
    Version:  Direct3D 11.0 [level 11.0]
    Renderer: NVIDIA GeForce GTS 450 (ID=0x1245)
    Vendor:   
    VRAM:     458 MB
    Driver:   23.21.13.9135
Initialize mono
Mono path[0] = 'C:/Program Files/Unity/Hub/Editor/2020.3.11f1/Editor/Data/Managed'
Mono path[1] = 'C:/Program Files/Unity/Hub/Editor/2020.3.11f1/Editor/Data/MonoBleedingEdge/lib/mono/unityjit'
Mono config path = 'C:/Program Files/Unity/Hub/Editor/2020.3.11f1/Editor/Data/MonoBleedingEdge/etc'
Using monoOptions --debugger-agent=transport=dt_socket,embedding=1,server=y,suspend=n,address=127.0.0.1:56136
Begin MonoManager ReloadAssembly
Registering precompiled unity dll's ...
Register platform support module: C:/Program Files/Unity/Hub/Editor/2020.3.11f1/Editor/Data/PlaybackEngines/WindowsStandaloneSupport/UnityEditor.WindowsStandalone.Extensions.dll
Registered in 0.007856 seconds.
Native extension for WindowsStandalone target not found
Refreshing native plugins compatible for Editor in 317.80 ms, found 2 plugins.
Preloading 0 native plugins for Editor in 0.00 ms.
Mono: successfully reloaded assembly
- Completed reload, in  9.187 seconds
Platform modules already initialized, skipping
Registering precompiled user dll's ...
Registered in 0.168291 seconds.
Begin MonoManager ReloadAssembly
Native extension for WindowsStandalone target not found
Refreshing native plugins compatible for Editor in 0.73 ms, found 2 plugins.
Preloading 0 native plugins for Editor in 0.00 ms.
Mono: successfully reloaded assembly
- Completed reload, in  3.095 seconds
Platform modules already initialized, skipping
========================================================================
Worker process is ready to serve import requests
Launched and connected shader compiler UnityShaderCompiler.exe after 0.19 seconds
Refreshing native plugins compatible for Editor in 0.59 ms, found 2 plugins.
Preloading 0 native plugins for Editor in 0.00 ms.
Unloading 1420 Unused Serialized files (Serialized files now loaded: 0)
System memory in use before: 73.3 MB.
System memory in use after: 73.3 MB.

Unloading 19 unused Assets to reduce memory usage. Loaded Objects now: 1860.
Total: 6.600700 ms (FindLiveObjects: 0.233300 ms CreateObjectMapping: 0.079200 ms MarkObjects: 4.892600 ms  DeleteObjects: 1.392300 ms)

========================================================================
Received Import Request.
  path: Assets/02.Scripts/Common/GameManager.cs
  artifactKey: Guid(8d14679a93f7daa41baa1a698dd72456) Importer(815301076,1909f56bfc062723c751e8b465ee728b)
Start importing Assets/02.Scripts/Common/GameManager.cs using Guid(8d14679a93f7daa41baa1a698dd72456) Importer(815301076,1909f56bfc062723c751e8b465ee728b)  -> (artifact id: '6e40d89f063b66127e0bcb15271c1438') in 0.100953 seconds
  Import took 0.155248 seconds .

========================================================================
Received Import Request.
  Time since last request: 0.001073 seconds.
  path: Assets/02.Scripts/Player/PlayerCtrlGetAxis.cs
  artifactKey: Guid(68dd24b92d5a2f04d8687e54e5c33a41) Importer(815301076,1909f56bfc062723c751e8b465ee728b)
Start importing Assets/02.Scripts/Player/PlayerCtrlGetAxis.cs using Guid(68dd24b92d5a2f04d8687e54e5c33a41) Importer(815301076,1909f56bfc062723c751e8b465ee728b)  -> (artifact id: '00000000000000000000000000000000') in 0.000405 seconds
  ERROR: Build asset version error: assets/02.scripts/player/playerctrlgetaxis.cs in SourceAssetDB has modification time of '2021-07-01T23:38:58.002892Z' while content on disk has modification time of '2021-07-02T00:08:53.1200627Z'
  Import took 0.003238 seconds .

========================================================================
Received Import Request.
  Time since last request: 0.001539 seconds.
  path: Assets/02.Scripts/Common
  artifactKey: Guid(66a87c90243b814438df9195ffb62773) Importer(815301076,1909f56bfc062723c751e8b465ee728b)
Start importing Assets/02.Scripts/Common using Guid(66a87c90243b814438df9195ffb62773) Importer(815301076,1909f56bfc062723c751e8b465ee728b)  -> (artifact id: '058121e38dd743dcbd702f95edeef4b0') in 0.015304 seconds
  Import took 0.030665 seconds .

========================================================================
Received Import Request.
  Time since last request: 0.000945 seconds.
  path: Assets/03.Prefabs
  artifactKey: Guid(ddc10af4469138d439762822ec2fc1f7) Importer(815301076,1909f56bfc062723c751e8b465ee728b)
Start importing Assets/03.Prefabs using Guid(ddc10af4469138d439762822ec2fc1f7) Importer(815301076,1909f56bfc062723c751e8b465ee728b)  -> (artifact id: '188dd4c47fa4ac22f7f45f13ee4760a7') in 0.014567 seconds
  Import took 0.044590 seconds .

========================================================================
Received Import Request.
  Time since last request: 0.003108 seconds.
  path: Assets/02.Scripts/Common/CamDataInfo.cs
  artifactKey: Guid(593a6b9217e6b66408efb04829bc1f4b) Importer(815301076,1909f56bfc062723c751e8b465ee728b)
Start importing Assets/02.Scripts/Common/CamDataInfo.cs using Guid(593a6b9217e6b66408efb04829bc1f4b) Importer(815301076,1909f56bfc062723c751e8b465ee728b)  -> (artifact id: 'a4539eda8327efc0fb8893979c067881') in 0.045558 seconds
  Import took 0.073235 seconds .

========================================================================
Received Import Request.
  Time since last request: 0.000284 seconds.
  path: Assets/02.Scripts/Player
  artifactKey: Guid(38163da7e4e96904b89f9c92137069d4) Importer(815301076,1909f56bfc062723c751e8b465ee728b)
Start importing Assets/02.Scripts/Player using Guid(38163da7e4e96904b89f9c92137069d4) Importer(815301076,1909f56bfc062723c751e8b465ee728b)  -> (artifact id: 'acfd377e63c574e10a87f1a8070bc56c') in 0.234459 seconds
  Import took 0.243529 seconds .

========================================================================
Received Import Request.
  Time since last request: 0.001300 seconds.
  path: Assets/02.Scripts/Common/FollowCamGetAxis.cs
  artifactKey: Guid(9c301febec5cca140a592f0a7c408ed5) Importer(815301076,1909f56bfc062723c751e8b465ee728b)
Start importing Assets/02.Scripts/Common/FollowCamGetAxis.cs using Guid(9c301febec5cca140a592f0a7c408ed5) Importer(815301076,1909f56bfc062723c751e8b465ee728b)  -> (artifact id: '27d094e00463df311ffca28f351883fa') in 0.074816 seconds
  Import took 0.137520 seconds .

========================================================================
Received Import Request.
  Time since last request: 0.001013 seconds.
  path: Assets/02.Scripts/Player/PlayerCtrlTopDown.cs
  artifactKey: Guid(38a87bd8b3a33634da9294c19f7019f3) Importer(815301076,1909f56bfc062723c751e8b465ee728b)
Start importing Assets/02.Scripts/Player/PlayerCtrlTopDown.cs using Guid(38a87bd8b3a33634da9294c19f7019f3) Importer(815301076,1909f56bfc062723c751e8b465ee728b)  -> (artifact id: '8afef5732a167d953a522ec11c7b658c') in 0.014730 seconds
  Import took 0.037138 seconds .

========================================================================
Received Import Request.
  Time since last request: 0.000513 seconds.
  path: Assets/02.Scripts/Common/CommonAD.asmdef
  artifactKey: Guid(47304e0648350704f8cfe0d546040194) Importer(815301076,1909f56bfc062723c751e8b465ee728b)
Start importing Assets/02.Scripts/Common/CommonAD.asmdef using Guid(47304e0648350704f8cfe0d546040194) Importer(815301076,1909f56bfc062723c751e8b465ee728b)  -> (artifact id: '947333666e0bdd040f1e2491dbbc0a0f') in 0.041265 seconds
  Import took 0.074429 seconds .

========================================================================
Received Import Request.
  Time since last request: 0.000341 seconds.
  path: Assets/02.Scripts/Common/FollowCamTopDown.cs
  artifactKey: Guid(739234d8d6746c74f9e8371c85986353) Importer(815301076,1909f56bfc062723c751e8b465ee728b)
Start importing Assets/02.Scripts/Common/FollowCamTopDown.cs using Guid(739234d8d6746c74f9e8371c85986353) Importer(815301076,1909f56bfc062723c751e8b465ee728b)  -> (artifact id: '34592ada1ea724c4746ee527ecb42ead') in 0.063026 seconds
  Import took 0.088527 seconds .

========================================================================
Received Import Request.
  Time since last request: 0.000292 seconds.
  path: Assets/02.Scripts
  artifactKey: Guid(9b12d14a8ed1a514eb0de879eecc52a0) Importer(815301076,1909f56bfc062723c751e8b465ee728b)
Start importing Assets/02.Scripts using Guid(9b12d14a8ed1a514eb0de879eecc52a0) Importer(815301076,1909f56bfc062723c751e8b465ee728b)  -> (artifact id: '9ade35c5d634a0a1aa14f8e8a05d26a2') in 0.015820 seconds
  Import took 0.048274 seconds .

========================================================================
Received Prepare
Registering precompiled user dll's ...
Registered in 0.118132 seconds.
Begin MonoManager ReloadAssembly
Native extension for WindowsStandalone target not found
Refreshing native plugins compatible for Editor in 0.96 ms, found 2 plugins.
Preloading 0 native plugins for Editor in 0.00 ms.
Mono: successfully reloaded assembly
- Completed reload, in  2.148 seconds
Platform modules already initialized, skipping
Refreshing native plugins compatible for Editor in 0.79 ms, found 2 plugins.
Preloading 0 native plugins for Editor in 0.00 ms.
Unloading 1404 Unused Serialized files (Serialized files now loaded: 0)
System memory in use before: 72.1 MB.
System memory in use after: 72.2 MB.

Unloading 14 unused Assets to reduce memory usage. Loaded Objects now: 1863.
Total: 23.672100 ms (FindLiveObjects: 1.779800 ms CreateObjectMapping: 2.131300 ms MarkObjects: 17.548400 ms  DeleteObjects: 2.209300 ms)

========================================================================
Received Prepare
Registering precompiled user dll's ...
Registered in 0.492369 seconds.
Begin MonoManager ReloadAssembly
Native extension for WindowsStandalone target not found
Refreshing native plugins compatible for Editor in 0.58 ms, found 2 plugins.
Preloading 0 native plugins for Editor in 0.00 ms.
Mono: successfully reloaded assembly
- Completed reload, in  2.638 seconds
Platform modules already initialized, skipping
Refreshing native plugins compatible for Editor in 0.60 ms, found 2 plugins.
Preloading 0 native plugins for Editor in 0.00 ms.
Unloading 1404 Unused Serialized files (Serialized files now loaded: 0)
System memory in use before: 72.1 MB.
System memory in use after: 72.2 MB.

Unloading 14 unused Assets to reduce memory usage. Loaded Objects now: 1866.
Total: 3.374300 ms (FindLiveObjects: 0.331300 ms CreateObjectMapping: 0.074900 ms MarkObjects: 2.753200 ms  DeleteObjects: 0.212800 ms)

========================================================================
Received Import Request.
  Time since last request: 222.489251 seconds.
  path: Assets/03.Prefabs/TestPlayer.prefab
  artifactKey: Guid(84a6e3215614990459de4fb57784286b) Importer(815301076,1909f56bfc062723c751e8b465ee728b)
Start importing Assets/03.Prefabs/TestPlayer.prefab using Guid(84a6e3215614990459de4fb57784286b) Importer(815301076,1909f56bfc062723c751e8b465ee728b)  -> (artifact id: '71f0efa81e911596bb3a5aa4ef5d8f39') in 0.317871 seconds
  Import took 0.421847 seconds .

========================================================================
Received Import Request.
  Time since last request: 0.224277 seconds.
  path: Assets/03.Prefabs/PlayerUnityChan.prefab
  artifactKey: Guid(555f221d79c8955499690bd4becf3285) Importer(815301076,1909f56bfc062723c751e8b465ee728b)
Start importing Assets/03.Prefabs/PlayerUnityChan.prefab using Guid(555f221d79c8955499690bd4becf3285) Importer(815301076,1909f56bfc062723c751e8b465ee728b)  -> (artifact id: 'be77a2131ff5722301dd8c49d4b5de30') in 1.111654 seconds
  Import took 1.238197 seconds .

========================================================================
Received Import Request.
  Time since last request: 0.000291 seconds.
  path: Assets/03.Prefabs/PlayerRobot.prefab
  artifactKey: Guid(bfb09228e2d070d49a063ceadb7336e1) Importer(815301076,1909f56bfc062723c751e8b465ee728b)
Start importing Assets/03.Prefabs/PlayerRobot.prefab using Guid(bfb09228e2d070d49a063ceadb7336e1) Importer(815301076,1909f56bfc062723c751e8b465ee728b)  -> (artifact id: 'e9e8e88f24898d3ea7ab394cc4fa5909') in 0.304560 seconds
  Import took 0.334630 seconds .

========================================================================
Received Import Request.
  Time since last request: 11.046854 seconds.
  path: Assets/03.Prefabs/PlayerRobot.prefab
  artifactKey: Guid(bfb09228e2d070d49a063ceadb7336e1) Importer(815301076,1909f56bfc062723c751e8b465ee728b)
Start importing Assets/03.Prefabs/PlayerRobot.prefab using Guid(bfb09228e2d070d49a063ceadb7336e1) Importer(815301076,1909f56bfc062723c751e8b465ee728b)  -> (artifact id: '8946d54cef57539342c940ec235ddb80') in 0.082800 seconds
  Import took 0.103255 seconds .

========================================================================
Received Prepare
Registering precompiled user dll's ...
Registered in 0.221707 seconds.
Begin MonoManager ReloadAssembly
Native extension for WindowsStandalone target not found
Refreshing native plugins compatible for Editor in 0.54 ms, found 2 plugins.
Preloading 0 native plugins for Editor in 0.00 ms.
Mono: successfully reloaded assembly
- Completed reload, in  1.706 seconds
Platform modules already initialized, skipping
Refreshing native plugins compatible for Editor in 0.57 ms, found 2 plugins.
Preloading 0 native plugins for Editor in 0.00 ms.
Unloading 1404 Unused Serialized files (Serialized files now loaded: 0)
System memory in use before: 89.1 MB.
System memory in use after: 89.2 MB.

Unloading 15 unused Assets to reduce memory usage. Loaded Objects now: 1879.
Total: 2.698500 ms (FindLiveObjects: 0.266500 ms CreateObjectMapping: 0.074200 ms MarkObjects: 2.228000 ms  DeleteObjects: 0.127600 ms)

========================================================================
Received Prepare
Registering precompiled user dll's ...
Registered in 0.009268 seconds.
Begin MonoManager ReloadAssembly
Native extension for WindowsStandalone target not found
Refreshing native plugins compatible for Editor in 0.53 ms, found 2 plugins.
Preloading 0 native plugins for Editor in 0.00 ms.
Mono: successfully reloaded assembly
- Completed reload, in  1.513 seconds
Platform modules already initialized, skipping
Refreshing native plugins compatible for Editor in 0.60 ms, found 2 plugins.
Preloading 0 native plugins for Editor in 0.00 ms.
Unloading 1404 Unused Serialized files (Serialized files now loaded: 0)
System memory in use before: 89.1 MB.
System memory in use after: 89.2 MB.

Unloading 14 unused Assets to reduce memory usage. Loaded Objects now: 1882.
Total: 2.745500 ms (FindLiveObjects: 0.170800 ms CreateObjectMapping: 0.068100 ms MarkObjects: 2.381500 ms  DeleteObjects: 0.122900 ms)

========================================================================
Received Prepare
Registering precompiled user dll's ...
Registered in 0.007143 seconds.
Begin MonoManager ReloadAssembly
Native extension for WindowsStandalone target not found
Refreshing native plugins compatible for Editor in 0.53 ms, found 2 plugins.
Preloading 0 native plugins for Editor in 0.00 ms.
Mono: successfully reloaded assembly
- Completed reload, in  1.545 seconds
Platform modules already initialized, skipping
Refreshing native plugins compatible for Editor in 0.55 ms, found 2 plugins.
Preloading 0 native plugins for Editor in 0.00 ms.
Unloading 1404 Unused Serialized files (Serialized files now loaded: 0)
System memory in use before: 89.1 MB.
System memory in use after: 89.2 MB.

Unloading 14 unused Assets to reduce memory usage. Loaded Objects now: 1885.
Total: 2.555800 ms (FindLiveObjects: 0.173500 ms CreateObjectMapping: 0.068000 ms MarkObjects: 2.190100 ms  DeleteObjects: 0.122600 ms)

========================================================================
Received Prepare
Registering precompiled user dll's ...
Registered in 0.006289 seconds.
Begin MonoManager ReloadAssembly
Native extension for WindowsStandalone target not found
Refreshing native plugins compatible for Editor in 0.56 ms, found 2 plugins.
Preloading 0 native plugins for Editor in 0.00 ms.
Mono: successfully reloaded assembly
- Completed reload, in  1.494 seconds
Platform modules already initialized, skipping
Refreshing native plugins compatible for Editor in 0.55 ms, found 2 plugins.
Preloading 0 native plugins for Editor in 0.00 ms.
Unloading 1404 Unused Serialized files (Serialized files now loaded: 0)
System memory in use before: 89.1 MB.
System memory in use after: 89.2 MB.

Unloading 14 unused Assets to reduce memory usage. Loaded Objects now: 1888.
Total: 2.829600 ms (FindLiveObjects: 0.179900 ms CreateObjectMapping: 0.068700 ms MarkObjects: 2.476500 ms  DeleteObjects: 0.102800 ms)

========================================================================
Received Prepare
Registering precompiled user dll's ...
Registered in 0.005771 seconds.
Begin MonoManager ReloadAssembly
Native extension for WindowsStandalone target not found
Refreshing native plugins compatible for Editor in 0.55 ms, found 2 plugins.
Preloading 0 native plugins for Editor in 0.00 ms.
Mono: successfully reloaded assembly
- Completed reload, in  1.832 seconds
Platform modules already initialized, skipping
Refreshing native plugins compatible for Editor in 0.56 ms, found 2 plugins.
Preloading 0 native plugins for Editor in 0.00 ms.
Unloading 1404 Unused Serialized files (Serialized files now loaded: 0)
System memory in use before: 89.2 MB.
System memory in use after: 89.2 MB.

Unloading 14 unused Assets to reduce memory usage. Loaded Objects now: 1891.
Total: 2.556800 ms (FindLiveObjects: 0.189200 ms CreateObjectMapping: 0.070500 ms MarkObjects: 2.163700 ms  DeleteObjects: 0.131200 ms)

========================================================================
Received Import Request.
  Time since last request: 271.170078 seconds.
  path: Assets/03.Prefabs/PlayerRobot.prefab
  artifactKey: Guid(bfb09228e2d070d49a063ceadb7336e1) Importer(815301076,1909f56bfc062723c751e8b465ee728b)
Start importing Assets/03.Prefabs/PlayerRobot.prefab using Guid(bfb09228e2d070d49a063ceadb7336e1) Importer(815301076,1909f56bfc062723c751e8b465ee728b)  -> (artifact id: '291151990c9ac73075fbfceaf8e2c3cc') in 0.424186 seconds
  Import took 0.474351 seconds .

========================================================================
Received Import Request.
  Time since last request: 56.908961 seconds.
  path: Assets/03.Prefabs/PlayerRobot.prefab
  artifactKey: Guid(bfb09228e2d070d49a063ceadb7336e1) Importer(815301076,1909f56bfc062723c751e8b465ee728b)
Start importing Assets/03.Prefabs/PlayerRobot.prefab using Guid(bfb09228e2d070d49a063ceadb7336e1) Importer(815301076,1909f56bfc062723c751e8b465ee728b)  -> (artifact id: 'd20fda1767d04efd02f5fcd00267eb90') in 0.305450 seconds
  Import took 0.337323 seconds .

========================================================================
Received Prepare
Registering precompiled user dll's ...
Registered in 0.030720 seconds.
Begin MonoManager ReloadAssembly
Native extension for WindowsStandalone target not found
Refreshing native plugins compatible for Editor in 0.53 ms, found 2 plugins.
Preloading 0 native plugins for Editor in 0.00 ms.
Mono: successfully reloaded assembly
- Completed reload, in  1.874 seconds
Platform modules already initialized, skipping
Refreshing native plugins compatible for Editor in 0.92 ms, found 2 plugins.
Preloading 0 native plugins for Editor in 0.00 ms.
Unloading 1404 Unused Serialized files (Serialized files now loaded: 0)
System memory in use before: 89.2 MB.
System memory in use after: 89.3 MB.

Unloading 14 unused Assets to reduce memory usage. Loaded Objects now: 1895.
Total: 2.950500 ms (FindLiveObjects: 0.188800 ms CreateObjectMapping: 0.071100 ms MarkObjects: 2.543900 ms  DeleteObjects: 0.144500 ms)

========================================================================
Received Prepare
Registering precompiled user dll's ...
Registered in 0.045186 seconds.
Begin MonoManager ReloadAssembly
Native extension for WindowsStandalone target not found
Refreshing native plugins compatible for Editor in 0.63 ms, found 2 plugins.
Preloading 0 native plugins for Editor in 0.00 ms.
Mono: successfully reloaded assembly
- Completed reload, in  3.549 seconds
Platform modules already initialized, skipping
Refreshing native plugins compatible for Editor in 0.59 ms, found 2 plugins.
Preloading 0 native plugins for Editor in 0.00 ms.
Unloading 1404 Unused Serialized files (Serialized files now loaded: 0)
System memory in use before: 89.2 MB.
System memory in use after: 89.3 MB.

Unloading 14 unused Assets to reduce memory usage. Loaded Objects now: 1898.
Total: 13.910800 ms (FindLiveObjects: 0.213400 ms CreateObjectMapping: 0.073600 ms MarkObjects: 12.495200 ms  DeleteObjects: 1.126200 ms)

========================================================================
Received Prepare
Registering precompiled user dll's ...
Registered in 0.215242 seconds.
Begin MonoManager ReloadAssembly
Native extension for WindowsStandalone target not found
Refreshing native plugins compatible for Editor in 0.52 ms, found 2 plugins.
Preloading 0 native plugins for Editor in 0.00 ms.
Mono: successfully reloaded assembly
- Completed reload, in  2.528 seconds
Platform modules already initialized, skipping
Refreshing native plugins compatible for Editor in 0.57 ms, found 2 plugins.
Preloading 0 native plugins for Editor in 0.00 ms.
Unloading 1404 Unused Serialized files (Serialized files now loaded: 0)
System memory in use before: 89.2 MB.
System memory in use after: 89.3 MB.

Unloading 14 unused Assets to reduce memory usage. Loaded Objects now: 1901.
Total: 3.458000 ms (FindLiveObjects: 0.217500 ms CreateObjectMapping: 0.071600 ms MarkObjects: 2.955400 ms  DeleteObjects: 0.210800 ms)

========================================================================
Received Import Request.
  Time since last request: 296.476404 seconds.
  path: Assets/03.Prefabs/Player.prefab
  artifactKey: Guid(3934a0e8b80924e43b8c515c131cb934) Importer(815301076,1909f56bfc062723c751e8b465ee728b)
Start importing Assets/03.Prefabs/Player.prefab using Guid(3934a0e8b80924e43b8c515c131cb934) Importer(815301076,1909f56bfc062723c751e8b465ee728b)  -> (artifact id: '5967bbab870f5cb06c4131d52618895d') in 1.174930 seconds
  Import took 1.323576 seconds .

========================================================================
Received Import Request.
  Time since last request: 41.773494 seconds.
  path: Assets/03.Prefabs/PlayerRobot.prefab
  artifactKey: Guid(bfb09228e2d070d49a063ceadb7336e1) Importer(815301076,1909f56bfc062723c751e8b465ee728b)
Start importing Assets/03.Prefabs/PlayerRobot.prefab using Guid(bfb09228e2d070d49a063ceadb7336e1) Importer(815301076,1909f56bfc062723c751e8b465ee728b)  -> (artifact id: 'ed4a8e5dd436c94208810e8ab5c21a81') in 0.454819 seconds
  Import took 0.512490 seconds .

========================================================================
Received Prepare
Registering precompiled user dll's ...
Registered in 0.120858 seconds.
Begin MonoManager ReloadAssembly
Native extension for WindowsStandalone target not found
Refreshing native plugins compatible for Editor in 0.56 ms, found 2 plugins.
Preloading 0 native plugins for Editor in 0.00 ms.
Mono: successfully reloaded assembly
- Completed reload, in  1.519 seconds
Platform modules already initialized, skipping
Refreshing native plugins compatible for Editor in 0.74 ms, found 2 plugins.
Preloading 0 native plugins for Editor in 0.00 ms.
Unloading 1404 Unused Serialized files (Serialized files now loaded: 0)
System memory in use before: 89.2 MB.
System memory in use after: 89.3 MB.

Unloading 15 unused Assets to reduce memory usage. Loaded Objects now: 1905.
Total: 2.585000 ms (FindLiveObjects: 0.178400 ms CreateObjectMapping: 0.068800 ms MarkObjects: 2.207600 ms  DeleteObjects: 0.128400 ms)

========================================================================
Received Prepare
Registering precompiled user dll's ...
Registered in 0.194884 seconds.
Begin MonoManager ReloadAssembly
Native extension for WindowsStandalone target not found
Refreshing native plugins compatible for Editor in 0.62 ms, found 2 plugins.
Preloading 0 native plugins for Editor in 0.00 ms.
Mono: successfully reloaded assembly
- Completed reload, in  2.232 seconds
Platform modules already initialized, skipping
Refreshing native plugins compatible for Editor in 0.53 ms, found 2 plugins.
Preloading 0 native plugins for Editor in 0.00 ms.
Unloading 1404 Unused Serialized files (Serialized files now loaded: 0)
System memory in use before: 89.2 MB.
System memory in use after: 89.3 MB.

Unloading 14 unused Assets to reduce memory usage. Loaded Objects now: 1908.
Total: 4.708900 ms (FindLiveObjects: 0.216900 ms CreateObjectMapping: 0.072900 ms MarkObjects: 4.284600 ms  DeleteObjects: 0.132100 ms)

========================================================================
Received Prepare
Registering precompiled user dll's ...
Registered in 0.087495 seconds.
Begin MonoManager ReloadAssembly
Native extension for WindowsStandalone target not found
Refreshing native plugins compatible for Editor in 0.90 ms, found 2 plugins.
Preloading 0 native plugins for Editor in 0.00 ms.
Mono: successfully reloaded assembly
- Completed reload, in  1.677 seconds
Platform modules already initialized, skipping
Refreshing native plugins compatible for Editor in 0.85 ms, found 2 plugins.
Preloading 0 native plugins for Editor in 0.00 ms.
Unloading 1404 Unused Serialized files (Serialized files now loaded: 0)
System memory in use before: 89.2 MB.
System memory in use after: 89.3 MB.

Unloading 14 unused Assets to reduce memory usage. Loaded Objects now: 1911.
Total: 3.087000 ms (FindLiveObjects: 0.266600 ms CreateObjectMapping: 0.075700 ms MarkObjects: 2.511400 ms  DeleteObjects: 0.230900 ms)

========================================================================
Received Prepare
Registering precompiled user dll's ...
Registered in 0.005733 seconds.
Begin MonoManager ReloadAssembly
Native extension for WindowsStandalone target not found
Refreshing native plugins compatible for Editor in 0.53 ms, found 2 plugins.
Preloading 0 native plugins for Editor in 0.00 ms.
Mono: successfully reloaded assembly
- Completed reload, in  1.493 seconds
Platform modules already initialized, skipping
Refreshing native plugins compatible for Editor in 0.55 ms, found 2 plugins.
Preloading 0 native plugins for Editor in 0.00 ms.
Unloading 1404 Unused Serialized files (Serialized files now loaded: 0)
System memory in use before: 89.2 MB.
System memory in use after: 89.3 MB.

Unloading 14 unused Assets to reduce memory usage. Loaded Objects now: 1914.
Total: 2.581800 ms (FindLiveObjects: 0.192000 ms CreateObjectMapping: 0.068600 ms MarkObjects: 2.187800 ms  DeleteObjects: 0.132000 ms)

========================================================================
Received Prepare
Registering precompiled user dll's ...
Registered in 0.216617 seconds.
Begin MonoManager ReloadAssembly
Native extension for WindowsStandalone target not found
Refreshing native plugins compatible for Editor in 0.63 ms, found 2 plugins.
Preloading 0 native plugins for Editor in 0.00 ms.
Mono: successfully reloaded assembly
- Completed reload, in  2.402 seconds
Platform modules already initialized, skipping
Refreshing native plugins compatible for Editor in 0.60 ms, found 2 plugins.
Preloading 0 native plugins for Editor in 0.00 ms.
Unloading 1404 Unused Serialized files (Serialized files now loaded: 0)
System memory in use before: 89.2 MB.
System memory in use after: 89.3 MB.

Unloading 14 unused Assets to reduce memory usage. Loaded Objects now: 1917.
Total: 2.960600 ms (FindLiveObjects: 0.198700 ms CreateObjectMapping: 0.082400 ms MarkObjects: 2.563700 ms  DeleteObjects: 0.113900 ms)

========================================================================
Received Prepare
Registering precompiled user dll's ...
Registered in 0.078283 seconds.
Begin MonoManager ReloadAssembly
Native extension for WindowsStandalone target not found
Refreshing native plugins compatible for Editor in 0.53 ms, found 2 plugins.
Preloading 0 native plugins for Editor in 0.00 ms.
Mono: successfully reloaded assembly
- Completed reload, in  1.627 seconds
Platform modules already initialized, skipping
Refreshing native plugins compatible for Editor in 0.69 ms, found 2 plugins.
Preloading 0 native plugins for Editor in 0.00 ms.
Unloading 1404 Unused Serialized files (Serialized files now loaded: 0)
System memory in use before: 89.2 MB.
System memory in use after: 89.3 MB.

Unloading 14 unused Assets to reduce memory usage. Loaded Objects now: 1920.
Total: 5.884900 ms (FindLiveObjects: 0.267000 ms CreateObjectMapping: 0.072900 ms MarkObjects: 5.380900 ms  DeleteObjects: 0.161000 ms)

========================================================================
Received Prepare
Registering precompiled user dll's ...
Registered in 0.056282 seconds.
Begin MonoManager ReloadAssembly
Native extension for WindowsStandalone target not found
Refreshing native plugins compatible for Editor in 2.00 ms, found 2 plugins.
Preloading 0 native plugins for Editor in 0.00 ms.
Mono: successfully reloaded assembly
- Completed reload, in 11.950 seconds
Platform modules already initialized, skipping
Refreshing native plugins compatible for Editor in 0.57 ms, found 2 plugins.
Preloading 0 native plugins for Editor in 0.00 ms.
Unloading 1408 Unused Serialized files (Serialized files now loaded: 0)
System memory in use before: 89.6 MB.
System memory in use after: 89.7 MB.

Unloading 14 unused Assets to reduce memory usage. Loaded Objects now: 1927.
Total: 16.601300 ms (FindLiveObjects: 0.706400 ms CreateObjectMapping: 0.072600 ms MarkObjects: 14.353900 ms  DeleteObjects: 1.465800 ms)

========================================================================
Received Import Request.
  Time since last request: 1447.090782 seconds.
  path: Assets/Plugins
  artifactKey: Guid(949d630bca4cb2a41832d341b8779ad7) Importer(815301076,1909f56bfc062723c751e8b465ee728b)
Start importing Assets/Plugins using Guid(949d630bca4cb2a41832d341b8779ad7) Importer(815301076,1909f56bfc062723c751e8b465ee728b)  -> (artifact id: 'f56c0b8ca28e581f1ef9d668e270b40d') in 0.037718 seconds
  Import took 0.044286 seconds .

========================================================================
Received Prepare
Registering precompiled user dll's ...
Registered in 0.200300 seconds.
Begin MonoManager ReloadAssembly
Native extension for WindowsStandalone target not found
Refreshing native plugins compatible for Editor in 0.56 ms, found 2 plugins.
Preloading 0 native plugins for Editor in 0.00 ms.
Mono: successfully reloaded assembly
- Completed reload, in  3.952 seconds
Platform modules already initialized, skipping
Refreshing native plugins compatible for Editor in 0.99 ms, found 2 plugins.
Preloading 0 native plugins for Editor in 0.00 ms.
Unloading 1408 Unused Serialized files (Serialized files now loaded: 0)
System memory in use before: 89.6 MB.
System memory in use after: 89.7 MB.

Unloading 14 unused Assets to reduce memory usage. Loaded Objects now: 1930.
Total: 2.621900 ms (FindLiveObjects: 0.188900 ms CreateObjectMapping: 0.071800 ms MarkObjects: 2.236400 ms  DeleteObjects: 0.122900 ms)

========================================================================
Received Import Request.
  Time since last request: 25.137018 seconds.
  path: Assets/02.Scripts/Plugins/Pixelplacement
  artifactKey: Guid(f4916723e2bafd9458e6e2525960e8f3) Importer(815301076,1909f56bfc062723c751e8b465ee728b)
Start importing Assets/02.Scripts/Plugins/Pixelplacement using Guid(f4916723e2bafd9458e6e2525960e8f3) Importer(815301076,1909f56bfc062723c751e8b465ee728b)  -> (artifact id: 'fee6af785cf81db33efcd48afee06500') in 0.021049 seconds
  Import took 0.025098 seconds .

========================================================================
Received Import Request.
  Time since last request: 0.017034 seconds.
  path: Assets/02.Scripts/Plugins/Pixelplacement
  artifactKey: Guid(f4916723e2bafd9458e6e2525960e8f3) Importer(815301076,1909f56bfc062723c751e8b465ee728b)
Start importing Assets/02.Scripts/Plugins/Pixelplacement using Guid(f4916723e2bafd9458e6e2525960e8f3) Importer(815301076,1909f56bfc062723c751e8b465ee728b)  -> (artifact id: 'fee6af785cf81db33efcd48afee06500') in 0.019249 seconds
  Import took 0.025016 seconds .

========================================================================
Received Import Request.
  Time since last request: 1.166617 seconds.
  path: Assets/02.Scripts/Plugins/Pixelplacement/iTween
  artifactKey: Guid(cdec2ea3b78d84a408035ead930da27f) Importer(815301076,1909f56bfc062723c751e8b465ee728b)
Start importing Assets/02.Scripts/Plugins/Pixelplacement/iTween using Guid(cdec2ea3b78d84a408035ead930da27f) Importer(815301076,1909f56bfc062723c751e8b465ee728b)  -> (artifact id: '26a4891b1c9f8a37e34dae18b0852594') in 0.016399 seconds
  Import took 0.020028 seconds .

========================================================================
Received Import Request.
  Time since last request: 1.870487 seconds.
  path: Assets/02.Scripts/Plugins/Pixelplacement/iTween/ReadMe!
  artifactKey: Guid(2d2cb0af9aa924b12bd57127320643a3) Importer(815301076,1909f56bfc062723c751e8b465ee728b)
Start importing Assets/02.Scripts/Plugins/Pixelplacement/iTween/ReadMe! using Guid(2d2cb0af9aa924b12bd57127320643a3) Importer(815301076,1909f56bfc062723c751e8b465ee728b)  -> (artifact id: '70458d52df2949a4488b987cbaacd939') in 0.018245 seconds
  Import took 0.021785 seconds .

========================================================================
Received Import Request.
  Time since last request: 0.335408 seconds.
  path: Assets/02.Scripts/Plugins/Pixelplacement/iTween/Sample
  artifactKey: Guid(2b4957ecfb9d44cb59b99d2305c1848c) Importer(815301076,1909f56bfc062723c751e8b465ee728b)
Start importing Assets/02.Scripts/Plugins/Pixelplacement/iTween/Sample using Guid(2b4957ecfb9d44cb59b99d2305c1848c) Importer(815301076,1909f56bfc062723c751e8b465ee728b)  -> (artifact id: '957809c2cb994c8a2b15e1a7cafead65') in 0.019016 seconds
  Import took 0.025410 seconds .

========================================================================
Received Import Request.
  Time since last request: 0.835638 seconds.
  path: Assets/02.Scripts/Plugins/Pixelplacement/iTween/Sample/MoveSample.cs
  artifactKey: Guid(93cb45d44c16f45a4bbd5099fe096c20) Importer(815301076,1909f56bfc062723c751e8b465ee728b)
Start importing Assets/02.Scripts/Plugins/Pixelplacement/iTween/Sample/MoveSample.cs using Guid(93cb45d44c16f45a4bbd5099fe096c20) Importer(815301076,1909f56bfc062723c751e8b465ee728b)  -> (artifact id: '9ba17bd2518049cf5d87fb9a37f7ddcc') in 0.019859 seconds
  Import took 0.024041 seconds .

========================================================================
Received Import Request.
  Time since last request: 0.552622 seconds.
  path: Assets/02.Scripts/Plugins/Pixelplacement/iTween/Sample/RotateSample.cs
  artifactKey: Guid(d6bc01eb564f142a1ada6ced5215636a) Importer(815301076,1909f56bfc062723c751e8b465ee728b)
Start importing Assets/02.Scripts/Plugins/Pixelplacement/iTween/Sample/RotateSample.cs using Guid(d6bc01eb564f142a1ada6ced5215636a) Importer(815301076,1909f56bfc062723c751e8b465ee728b)  -> (artifact id: 'eeb99687df5a86eb6c88f17a910e8905') in 0.022369 seconds
  Import took 0.026322 seconds .

========================================================================
Received Import Request.
  Time since last request: 3.477044 seconds.
  path: Assets/02.Scripts/Plugins/Pixelplacement/iTween/Sample/SampleInfo.cs
  artifactKey: Guid(5273cf41de20842a5917d8346dffe707) Importer(815301076,1909f56bfc062723c751e8b465ee728b)
Start importing Assets/02.Scripts/Plugins/Pixelplacement/iTween/Sample/SampleInfo.cs using Guid(5273cf41de20842a5917d8346dffe707) Importer(815301076,1909f56bfc062723c751e8b465ee728b)  -> (artifact id: '43e3e8febe2af6bbc3a39cd367095af5') in 0.027014 seconds
  Import took 0.030679 seconds .

========================================================================
Received Import Request.
  Time since last request: 5.293658 seconds.
  path: Assets/02.Scripts/Plugins/Pixelplacement/iTween/Images
  artifactKey: Guid(20f5496af0a1a4ac1bcc8850db15c00a) Importer(815301076,1909f56bfc062723c751e8b465ee728b)
Start importing Assets/02.Scripts/Plugins/Pixelplacement/iTween/Images using Guid(20f5496af0a1a4ac1bcc8850db15c00a) Importer(815301076,1909f56bfc062723c751e8b465ee728b)  -> (artifact id: '26d4467b348d21878c212ff992cbd37f') in 1.928570 seconds
  Import took 1.934087 seconds .

========================================================================
Received Import Request.
  Time since last request: 0.976282 seconds.
  path: Assets/02.Scripts/Plugins/Pixelplacement/iTween/Images/iTweenNews.png
  artifactKey: Guid(70ae88ee4c1a745d0819de61ec68af19) Importer(815301076,1909f56bfc062723c751e8b465ee728b)
Start importing Assets/02.Scripts/Plugins/Pixelplacement/iTween/Images/iTweenNews.png using Guid(70ae88ee4c1a745d0819de61ec68af19) Importer(815301076,1909f56bfc062723c751e8b465ee728b)  -> (artifact id: 'f680db3ec60f079633e64a2d1dca2e14') in 2.644505 seconds
  Import took 2.648521 seconds .

========================================================================
Received Import Request.
  Time since last request: 4.627008 seconds.
  path: Assets/02.Scripts/Plugins/Pixelplacement/iTween/ReadMe!/ReadMe!.txt
  artifactKey: Guid(b68b11cac1ab04f95985e32ea67b8435) Importer(815301076,1909f56bfc062723c751e8b465ee728b)
Start importing Assets/02.Scripts/Plugins/Pixelplacement/iTween/ReadMe!/ReadMe!.txt using Guid(b68b11cac1ab04f95985e32ea67b8435) Importer(815301076,1909f56bfc062723c751e8b465ee728b)  -> (artifact id: 'f05bf2137c2998aab91beb51d3e37b11') in 0.036653 seconds
  Import took 0.041924 seconds .

========================================================================
Received Import Request.
  Time since last request: 183.033638 seconds.
  path: Assets/02.Scripts/Plugins/Pixelplacement/iTween/iTween.cs
  artifactKey: Guid(521257714fc9e437a9163df2d37f2ea2) Importer(815301076,1909f56bfc062723c751e8b465ee728b)
Start importing Assets/02.Scripts/Plugins/Pixelplacement/iTween/iTween.cs using Guid(521257714fc9e437a9163df2d37f2ea2) Importer(815301076,1909f56bfc062723c751e8b465ee728b)  -> (artifact id: '61e9755aa9ea5f9aca2cf31bfbf9597f') in 0.010028 seconds
  Import took 0.074066 seconds .

========================================================================
Received Import Request.
  Time since last request: 118.067624 seconds.
  path: Assets/02.Scripts/Plugins/Pixelplacement/iTween/Sample/Sample.unity
  artifactKey: Guid(17c6d1d46ed4a4cd19bb7f7a231386ba) Importer(815301076,1909f56bfc062723c751e8b465ee728b)
Start importing Assets/02.Scripts/Plugins/Pixelplacement/iTween/Sample/Sample.unity using Guid(17c6d1d46ed4a4cd19bb7f7a231386ba) Importer(815301076,1909f56bfc062723c751e8b465ee728b)  -> (artifact id: 'e8fee21044f97e7612117766a79cb22e') in 0.252329 seconds
  Import took 0.257583 seconds .

========================================================================
Received Prepare
Registering precompiled user dll's ...
Registered in 0.027740 seconds.
Begin MonoManager ReloadAssembly
Native extension for WindowsStandalone target not found
Refreshing native plugins compatible for Editor in 0.67 ms, found 2 plugins.
Preloading 0 native plugins for Editor in 0.00 ms.
Mono: successfully reloaded assembly
- Completed reload, in  2.938 seconds
Platform modules already initialized, skipping
Refreshing native plugins compatible for Editor in 0.58 ms, found 2 plugins.
Preloading 0 native plugins for Editor in 0.00 ms.
Unloading 1408 Unused Serialized files (Serialized files now loaded: 0)
System memory in use before: 89.6 MB.
System memory in use after: 89.7 MB.

Unloading 14 unused Assets to reduce memory usage. Loaded Objects now: 1937.
Total: 4.823800 ms (FindLiveObjects: 0.277000 ms CreateObjectMapping: 0.089100 ms MarkObjects: 4.235400 ms  DeleteObjects: 0.219800 ms)

========================================================================
Received Prepare
Registering precompiled user dll's ...
Registered in 0.005956 seconds.
Begin MonoManager ReloadAssembly
Native extension for WindowsStandalone target not found
Refreshing native plugins compatible for Editor in 0.79 ms, found 2 plugins.
Preloading 0 native plugins for Editor in 0.00 ms.
Mono: successfully reloaded assembly
- Completed reload, in  2.656 seconds
Platform modules already initialized, skipping
Refreshing native plugins compatible for Editor in 0.69 ms, found 2 plugins.
Preloading 0 native plugins for Editor in 0.00 ms.
Unloading 1408 Unused Serialized files (Serialized files now loaded: 0)
System memory in use before: 89.6 MB.
System memory in use after: 89.7 MB.

Unloading 14 unused Assets to reduce memory usage. Loaded Objects now: 1940.
Total: 3.312100 ms (FindLiveObjects: 0.213500 ms CreateObjectMapping: 0.353300 ms MarkObjects: 2.633600 ms  DeleteObjects: 0.109700 ms)

========================================================================
Received Prepare
Registering precompiled user dll's ...
Registered in 0.226994 seconds.
Begin MonoManager ReloadAssembly
Native extension for WindowsStandalone target not found
Refreshing native plugins compatible for Editor in 1.19 ms, found 2 plugins.
Preloading 0 native plugins for Editor in 0.00 ms.
Mono: successfully reloaded assembly
- Completed reload, in  3.850 seconds
Platform modules already initialized, skipping
Refreshing native plugins compatible for Editor in 0.54 ms, found 2 plugins.
Preloading 0 native plugins for Editor in 0.00 ms.
Unloading 1408 Unused Serialized files (Serialized files now loaded: 0)
System memory in use before: 89.6 MB.
System memory in use after: 89.7 MB.

Unloading 14 unused Assets to reduce memory usage. Loaded Objects now: 1943.
Total: 3.666000 ms (FindLiveObjects: 0.236500 ms CreateObjectMapping: 0.072500 ms MarkObjects: 2.597900 ms  DeleteObjects: 0.757300 ms)

========================================================================
Received Prepare
Registering precompiled user dll's ...
Registered in 0.081259 seconds.
Begin MonoManager ReloadAssembly
Native extension for WindowsStandalone target not found
Refreshing native plugins compatible for Editor in 0.68 ms, found 2 plugins.
Preloading 0 native plugins for Editor in 0.00 ms.
Mono: successfully reloaded assembly
- Completed reload, in  1.896 seconds
Platform modules already initialized, skipping
Refreshing native plugins compatible for Editor in 0.75 ms, found 2 plugins.
Preloading 0 native plugins for Editor in 0.00 ms.
Unloading 1408 Unused Serialized files (Serialized files now loaded: 0)
System memory in use before: 89.6 MB.
System memory in use after: 89.7 MB.

Unloading 14 unused Assets to reduce memory usage. Loaded Objects now: 1946.
Total: 10.906900 ms (FindLiveObjects: 0.401800 ms CreateObjectMapping: 0.076300 ms MarkObjects: 6.346500 ms  DeleteObjects: 4.076500 ms)

========================================================================
Received Prepare
Registering precompiled user dll's ...
Registered in 0.071883 seconds.
Begin MonoManager ReloadAssembly
Native extension for WindowsStandalone target not found
Refreshing native plugins compatible for Editor in 0.69 ms, found 2 plugins.
Preloading 0 native plugins for Editor in 0.00 ms.
Mono: successfully reloaded assembly
- Completed reload, in  1.741 seconds
Platform modules already initialized, skipping
Refreshing native plugins compatible for Editor in 0.62 ms, found 2 plugins.
Preloading 0 native plugins for Editor in 0.00 ms.
Unloading 1408 Unused Serialized files (Serialized files now loaded: 0)
System memory in use before: 89.6 MB.
System memory in use after: 89.7 MB.

Unloading 14 unused Assets to reduce memory usage. Loaded Objects now: 1949.
Total: 3.496400 ms (FindLiveObjects: 0.264500 ms CreateObjectMapping: 0.074800 ms MarkObjects: 2.952000 ms  DeleteObjects: 0.203000 ms)

========================================================================
Received Prepare
Registering precompiled user dll's ...
Registered in 0.095924 seconds.
Begin MonoManager ReloadAssembly
Native extension for WindowsStandalone target not found
Refreshing native plugins compatible for Editor in 0.97 ms, found 2 plugins.
Preloading 0 native plugins for Editor in 0.00 ms.
Mono: successfully reloaded assembly
- Completed reload, in  2.052 seconds
Platform modules already initialized, skipping
Refreshing native plugins compatible for Editor in 0.92 ms, found 2 plugins.
Preloading 0 native plugins for Editor in 0.00 ms.
Unloading 1408 Unused Serialized files (Serialized files now loaded: 0)
System memory in use before: 89.6 MB.
System memory in use after: 89.7 MB.

Unloading 14 unused Assets to reduce memory usage. Loaded Objects now: 1952.
Total: 2.823600 ms (FindLiveObjects: 0.212500 ms CreateObjectMapping: 0.070600 ms MarkObjects: 2.272900 ms  DeleteObjects: 0.265300 ms)

========================================================================
Received Prepare
Registering precompiled user dll's ...
Registered in 0.005611 seconds.
Begin MonoManager ReloadAssembly
Native extension for WindowsStandalone target not found
Refreshing native plugins compatible for Editor in 0.67 ms, found 2 plugins.
Preloading 0 native plugins for Editor in 0.00 ms.
Mono: successfully reloaded assembly
- Completed reload, in  2.037 seconds
Platform modules already initialized, skipping
Refreshing native plugins compatible for Editor in 0.58 ms, found 2 plugins.
Preloading 0 native plugins for Editor in 0.00 ms.
Unloading 1408 Unused Serialized files (Serialized files now loaded: 0)
System memory in use before: 89.7 MB.
System memory in use after: 89.7 MB.

Unloading 14 unused Assets to reduce memory usage. Loaded Objects now: 1955.
Total: 2.675900 ms (FindLiveObjects: 0.193500 ms CreateObjectMapping: 0.071800 ms MarkObjects: 2.277100 ms  DeleteObjects: 0.131300 ms)

========================================================================
Received Import Request.
  Time since last request: 5945.006732 seconds.
  path: Assets/02.Scripts/Player/PlayerCtrlGetAxis.cs
  artifactKey: Guid(68dd24b92d5a2f04d8687e54e5c33a41) Importer(815301076,1909f56bfc062723c751e8b465ee728b)
Start importing Assets/02.Scripts/Player/PlayerCtrlGetAxis.cs using Guid(68dd24b92d5a2f04d8687e54e5c33a41) Importer(815301076,1909f56bfc062723c751e8b465ee728b)  -> (artifact id: 'ac552f18a27421daaae3056c43552959') in 0.028850 seconds
  Import took 0.035214 seconds .

========================================================================
Received Prepare
Registering precompiled user dll's ...
Registered in 0.155017 seconds.
Begin MonoManager ReloadAssembly
Native extension for WindowsStandalone target not found
Refreshing native plugins compatible for Editor in 0.55 ms, found 2 plugins.
Preloading 0 native plugins for Editor in 0.00 ms.
Mono: successfully reloaded assembly
- Completed reload, in  2.397 seconds
Platform modules already initialized, skipping
Refreshing native plugins compatible for Editor in 0.54 ms, found 2 plugins.
Preloading 0 native plugins for Editor in 0.00 ms.
Unloading 1408 Unused Serialized files (Serialized files now loaded: 0)
System memory in use before: 89.7 MB.
System memory in use after: 89.7 MB.

Unloading 14 unused Assets to reduce memory usage. Loaded Objects now: 1958.
Total: 3.610600 ms (FindLiveObjects: 0.261700 ms CreateObjectMapping: 0.075900 ms MarkObjects: 3.109800 ms  DeleteObjects: 0.160200 ms)

========================================================================
Received Prepare
Registering precompiled user dll's ...
Registered in 0.006074 seconds.
Begin MonoManager ReloadAssembly
Native extension for WindowsStandalone target not found
Refreshing native plugins compatible for Editor in 0.62 ms, found 2 plugins.
Preloading 0 native plugins for Editor in 0.00 ms.
Mono: successfully reloaded assembly
- Completed reload, in  1.579 seconds
Platform modules already initialized, skipping
Refreshing native plugins compatible for Editor in 0.56 ms, found 2 plugins.
Preloading 0 native plugins for Editor in 0.00 ms.
Unloading 1408 Unused Serialized files (Serialized files now loaded: 0)
System memory in use before: 89.7 MB.
System memory in use after: 89.7 MB.

Unloading 14 unused Assets to reduce memory usage. Loaded Objects now: 1961.
Total: 2.515600 ms (FindLiveObjects: 0.193100 ms CreateObjectMapping: 0.069500 ms MarkObjects: 2.137400 ms  DeleteObjects: 0.113400 ms)

========================================================================
Received Prepare
Registering precompiled user dll's ...
Registered in 0.009386 seconds.
Begin MonoManager ReloadAssembly
Native extension for WindowsStandalone target not found
Refreshing native plugins compatible for Editor in 0.62 ms, found 2 plugins.
Preloading 0 native plugins for Editor in 0.00 ms.
Mono: successfully reloaded assembly
- Completed reload, in  1.615 seconds
Platform modules already initialized, skipping
Refreshing native plugins compatible for Editor in 0.55 ms, found 2 plugins.
Preloading 0 native plugins for Editor in 0.00 ms.
Unloading 1408 Unused Serialized files (Serialized files now loaded: 0)
System memory in use before: 89.7 MB.
System memory in use after: 89.7 MB.

Unloading 14 unused Assets to reduce memory usage. Loaded Objects now: 1964.
Total: 2.621400 ms (FindLiveObjects: 0.201500 ms CreateObjectMapping: 0.069900 ms MarkObjects: 2.217400 ms  DeleteObjects: 0.130600 ms)

========================================================================
Received Prepare
Registering precompiled user dll's ...
Registered in 0.038666 seconds.
Begin MonoManager ReloadAssembly
Native extension for WindowsStandalone target not found
Refreshing native plugins compatible for Editor in 0.59 ms, found 2 plugins.
Preloading 0 native plugins for Editor in 0.00 ms.
Mono: successfully reloaded assembly
- Completed reload, in  2.175 seconds
Platform modules already initialized, skipping
Refreshing native plugins compatible for Editor in 0.56 ms, found 2 plugins.
Preloading 0 native plugins for Editor in 0.00 ms.
Unloading 1408 Unused Serialized files (Serialized files now loaded: 0)
System memory in use before: 89.7 MB.
System memory in use after: 89.7 MB.

Unloading 14 unused Assets to reduce memory usage. Loaded Objects now: 1967.
Total: 3.737100 ms (FindLiveObjects: 0.251000 ms CreateObjectMapping: 0.070000 ms MarkObjects: 3.237800 ms  DeleteObjects: 0.175500 ms)

========================================================================
Received Prepare
Registering precompiled user dll's ...
Registered in 0.079571 seconds.
Begin MonoManager ReloadAssembly
Native extension for WindowsStandalone target not found
Refreshing native plugins compatible for Editor in 0.53 ms, found 2 plugins.
Preloading 0 native plugins for Editor in 0.00 ms.
Mono: successfully reloaded assembly
- Completed reload, in  1.760 seconds
Platform modules already initialized, skipping
Refreshing native plugins compatible for Editor in 0.54 ms, found 2 plugins.
Preloading 0 native plugins for Editor in 0.00 ms.
Unloading 1408 Unused Serialized files (Serialized files now loaded: 0)
System memory in use before: 89.7 MB.
System memory in use after: 89.8 MB.

Unloading 14 unused Assets to reduce memory usage. Loaded Objects now: 1970.
Total: 3.275900 ms (FindLiveObjects: 0.266100 ms CreateObjectMapping: 0.070800 ms MarkObjects: 2.740700 ms  DeleteObjects: 0.196400 ms)

========================================================================
Received Prepare
Registering precompiled user dll's ...
Registered in 0.089561 seconds.
Begin MonoManager ReloadAssembly
Native extension for WindowsStandalone target not found
Refreshing native plugins compatible for Editor in 1.01 ms, found 2 plugins.
Preloading 0 native plugins for Editor in 0.00 ms.
Mono: successfully reloaded assembly
- Completed reload, in  2.892 seconds
Platform modules already initialized, skipping
Refreshing native plugins compatible for Editor in 0.80 ms, found 2 plugins.
Preloading 0 native plugins for Editor in 0.00 ms.
Unloading 1408 Unused Serialized files (Serialized files now loaded: 0)
System memory in use before: 89.7 MB.
System memory in use after: 89.8 MB.

Unloading 14 unused Assets to reduce memory usage. Loaded Objects now: 1973.
Total: 12.416100 ms (FindLiveObjects: 0.244300 ms CreateObjectMapping: 0.454300 ms MarkObjects: 11.004100 ms  DeleteObjects: 0.710800 ms)

========================================================================
Received Prepare
Registering precompiled user dll's ...
Registered in 0.201923 seconds.
Begin MonoManager ReloadAssembly
Native extension for WindowsStandalone target not found
Refreshing native plugins compatible for Editor in 0.79 ms, found 2 plugins.
Preloading 0 native plugins for Editor in 0.00 ms.
Mono: successfully reloaded assembly
- Completed reload, in  2.375 seconds
Platform modules already initialized, skipping
Refreshing native plugins compatible for Editor in 0.88 ms, found 2 plugins.
Preloading 0 native plugins for Editor in 0.00 ms.
Unloading 1408 Unused Serialized files (Serialized files now loaded: 0)
System memory in use before: 89.7 MB.
System memory in use after: 89.8 MB.

Unloading 14 unused Assets to reduce memory usage. Loaded Objects now: 1976.
Total: 4.093400 ms (FindLiveObjects: 0.237200 ms CreateObjectMapping: 0.073000 ms MarkObjects: 3.611400 ms  DeleteObjects: 0.169100 ms)

========================================================================
Received Prepare
Registering precompiled user dll's ...
Registered in 0.061904 seconds.
Begin MonoManager ReloadAssembly
Native extension for WindowsStandalone target not found
Refreshing native plugins compatible for Editor in 0.66 ms, found 2 plugins.
Preloading 0 native plugins for Editor in 0.00 ms.
Mono: successfully reloaded assembly
- Completed reload, in  3.130 seconds
Platform modules already initialized, skipping
Refreshing native plugins compatible for Editor in 0.57 ms, found 2 plugins.
Preloading 0 native plugins for Editor in 0.00 ms.
Unloading 1408 Unused Serialized files (Serialized files now loaded: 0)
System memory in use before: 89.7 MB.
System memory in use after: 89.8 MB.

Unloading 14 unused Assets to reduce memory usage. Loaded Objects now: 1979.
Total: 2.820500 ms (FindLiveObjects: 0.264100 ms CreateObjectMapping: 0.072700 ms MarkObjects: 2.363000 ms  DeleteObjects: 0.117900 ms)

========================================================================
Received Prepare
Registering precompiled user dll's ...
Registered in 0.006629 seconds.
Begin MonoManager ReloadAssembly
Native extension for WindowsStandalone target not found
Refreshing native plugins compatible for Editor in 0.53 ms, found 2 plugins.
Preloading 0 native plugins for Editor in 0.00 ms.
Mono: successfully reloaded assembly
- Completed reload, in  1.574 seconds
Platform modules already initialized, skipping
Refreshing native plugins compatible for Editor in 0.56 ms, found 2 plugins.
Preloading 0 native plugins for Editor in 0.00 ms.
Unloading 1408 Unused Serialized files (Serialized files now loaded: 0)
System memory in use before: 89.7 MB.
System memory in use after: 89.8 MB.

Unloading 14 unused Assets to reduce memory usage. Loaded Objects now: 1982.
Total: 2.611700 ms (FindLiveObjects: 0.197000 ms CreateObjectMapping: 0.069800 ms MarkObjects: 2.230500 ms  DeleteObjects: 0.112200 ms)

========================================================================
Received Prepare
Registering precompiled user dll's ...
Registered in 0.059927 seconds.
Begin MonoManager ReloadAssembly
Native extension for WindowsStandalone target not found
Refreshing native plugins compatible for Editor in 0.75 ms, found 2 plugins.
Preloading 0 native plugins for Editor in 0.00 ms.
Mono: successfully reloaded assembly
- Completed reload, in  2.219 seconds
Platform modules already initialized, skipping
Refreshing native plugins compatible for Editor in 1.90 ms, found 2 plugins.
Preloading 0 native plugins for Editor in 0.00 ms.
Unloading 1408 Unused Serialized files (Serialized files now loaded: 0)
System memory in use before: 89.7 MB.
System memory in use after: 89.8 MB.

Unloading 14 unused Assets to reduce memory usage. Loaded Objects now: 1985.
Total: 4.039800 ms (FindLiveObjects: 0.291100 ms CreateObjectMapping: 0.075200 ms MarkObjects: 3.555900 ms  DeleteObjects: 0.115200 ms)

========================================================================
Received Import Request.
  Time since last request: 2455.210417 seconds.
  path: Assets/02.Scripts/Player/PlayerAD.asmdef
  artifactKey: Guid(4641d72c22c4aad4e957bf9aaf9565b9) Importer(815301076,1909f56bfc062723c751e8b465ee728b)
Start importing Assets/02.Scripts/Player/PlayerAD.asmdef using Guid(4641d72c22c4aad4e957bf9aaf9565b9) Importer(815301076,1909f56bfc062723c751e8b465ee728b)  -> (artifact id: '3459bca258c91012b1b92c2541caf2a0') in 0.030943 seconds
  Import took 0.036492 seconds .

========================================================================
Received Import Request.
  Time since last request: 0.033742 seconds.
  path: Assets/02.Scripts/Player/PlayerAD.asmdef
  artifactKey: Guid(4641d72c22c4aad4e957bf9aaf9565b9) Importer(815301076,1909f56bfc062723c751e8b465ee728b)
Start importing Assets/02.Scripts/Player/PlayerAD.asmdef using Guid(4641d72c22c4aad4e957bf9aaf9565b9) Importer(815301076,1909f56bfc062723c751e8b465ee728b)  -> (artifact id: '3459bca258c91012b1b92c2541caf2a0') in 0.014589 seconds
  Import took 0.018522 seconds .

========================================================================
Received Import Request.
  Time since last request: 10.376219 seconds.
  path: Assets/02.Scripts/Player/PlayerCtrlGetAxis.cs
  artifactKey: Guid(68dd24b92d5a2f04d8687e54e5c33a41) Importer(815301076,1909f56bfc062723c751e8b465ee728b)
Start importing Assets/02.Scripts/Player/PlayerCtrlGetAxis.cs using Guid(68dd24b92d5a2f04d8687e54e5c33a41) Importer(815301076,1909f56bfc062723c751e8b465ee728b)  -> (artifact id: 'f1c84dde6a0c39f4ef8f1d7a75a3690f') in 0.010974 seconds
  Import took 0.014625 seconds .

========================================================================
Received Import Request.
  Time since last request: 0.023491 seconds.
  path: Assets/02.Scripts/Player/PlayerCtrlGetAxis.cs
  artifactKey: Guid(68dd24b92d5a2f04d8687e54e5c33a41) Importer(815301076,1909f56bfc062723c751e8b465ee728b)
Start importing Assets/02.Scripts/Player/PlayerCtrlGetAxis.cs using Guid(68dd24b92d5a2f04d8687e54e5c33a41) Importer(815301076,1909f56bfc062723c751e8b465ee728b)  -> (artifact id: 'f1c84dde6a0c39f4ef8f1d7a75a3690f') in 0.009631 seconds
  Import took 0.014075 seconds .

========================================================================
Received Import Request.
  Time since last request: 285.019205 seconds.
  path: Assets/03.Prefabs/PlayerRobot.prefab
  artifactKey: Guid(bfb09228e2d070d49a063ceadb7336e1) Importer(815301076,1909f56bfc062723c751e8b465ee728b)
Start importing Assets/03.Prefabs/PlayerRobot.prefab using Guid(bfb09228e2d070d49a063ceadb7336e1) Importer(815301076,1909f56bfc062723c751e8b465ee728b)  -> (artifact id: '9d05c5cf544a19ee72815e692ae122da') in 6.657215 seconds
  Import took 6.688548 seconds .

========================================================================
Received Import Request.
  Time since last request: 0.000237 seconds.
  path: Assets/03.Prefabs/PlayerRobot.prefab
  artifactKey: Guid(bfb09228e2d070d49a063ceadb7336e1) Importer(815301076,1909f56bfc062723c751e8b465ee728b)
Start importing Assets/03.Prefabs/PlayerRobot.prefab using Guid(bfb09228e2d070d49a063ceadb7336e1) Importer(815301076,1909f56bfc062723c751e8b465ee728b)  -> (artifact id: 'f2717c8f27b5c274de375188060e1cbc') in 0.124677 seconds
  Import took 0.213398 seconds .

========================================================================
Received Import Request.
  Time since last request: 0.048086 seconds.
  path: Assets/03.Prefabs/PlayerRobot.prefab
  artifactKey: Guid(bfb09228e2d070d49a063ceadb7336e1) Importer(815301076,1909f56bfc062723c751e8b465ee728b)
Start importing Assets/03.Prefabs/PlayerRobot.prefab using Guid(bfb09228e2d070d49a063ceadb7336e1) Importer(815301076,1909f56bfc062723c751e8b465ee728b)  -> (artifact id: 'acd9e5d92e5833e426ee893fe1fc527e') in 0.084626 seconds
  Import took 0.141957 seconds .

========================================================================
Received Import Request.
  Time since last request: 150.873026 seconds.
  path: Assets/03.Prefabs/PlayerRobot.prefab
  artifactKey: Guid(bfb09228e2d070d49a063ceadb7336e1) Importer(815301076,1909f56bfc062723c751e8b465ee728b)
Start importing Assets/03.Prefabs/PlayerRobot.prefab using Guid(bfb09228e2d070d49a063ceadb7336e1) Importer(815301076,1909f56bfc062723c751e8b465ee728b)  -> (artifact id: '59fe93b24563ea72bdf9ac974c8c827a') in 0.929716 seconds
  Import took 0.953678 seconds .

========================================================================
Received Import Request.
  Time since last request: 8.501437 seconds.
  path: Assets/03.Prefabs/PlayerRobot.prefab
  artifactKey: Guid(bfb09228e2d070d49a063ceadb7336e1) Importer(815301076,1909f56bfc062723c751e8b465ee728b)
Start importing Assets/03.Prefabs/PlayerRobot.prefab using Guid(bfb09228e2d070d49a063ceadb7336e1) Importer(815301076,1909f56bfc062723c751e8b465ee728b)  -> (artifact id: '0541f2c8d2487863305c90b238bce6b3') in 0.079095 seconds
  Import took 0.101094 seconds .

========================================================================
Received Prepare
Registering precompiled user dll's ...
Registered in 0.052545 seconds.
Begin MonoManager ReloadAssembly
Native extension for WindowsStandalone target not found
Refreshing native plugins compatible for Editor in 0.96 ms, found 2 plugins.
Preloading 0 native plugins for Editor in 0.00 ms.
Mono: successfully reloaded assembly
- Completed reload, in  3.388 seconds
Platform modules already initialized, skipping
Refreshing native plugins compatible for Editor in 0.56 ms, found 2 plugins.
Preloading 0 native plugins for Editor in 0.00 ms.
Unloading 1408 Unused Serialized files (Serialized files now loaded: 0)
System memory in use before: 89.7 MB.
System memory in use after: 89.8 MB.

Unloading 14 unused Assets to reduce memory usage. Loaded Objects now: 1989.
Total: 4.106700 ms (FindLiveObjects: 0.229300 ms CreateObjectMapping: 0.075700 ms MarkObjects: 3.581000 ms  DeleteObjects: 0.218700 ms)

========================================================================
Received Import Request.
  Time since last request: 122.797669 seconds.
  path: Assets/03.Prefabs/PlayerRobot.prefab
  artifactKey: Guid(bfb09228e2d070d49a063ceadb7336e1) Importer(815301076,1909f56bfc062723c751e8b465ee728b)
Start importing Assets/03.Prefabs/PlayerRobot.prefab using Guid(bfb09228e2d070d49a063ceadb7336e1) Importer(815301076,1909f56bfc062723c751e8b465ee728b)  -> (artifact id: '4bd1cb5da9facaa5d3f5907a8558c99b') in 0.701110 seconds
  Import took 0.708481 seconds .

========================================================================
Received Import Request.
  Time since last request: 0.878651 seconds.
  path: Assets/03.Prefabs/PlayerRobot.prefab
  artifactKey: Guid(bfb09228e2d070d49a063ceadb7336e1) Importer(815301076,1909f56bfc062723c751e8b465ee728b)
Start importing Assets/03.Prefabs/PlayerRobot.prefab using Guid(bfb09228e2d070d49a063ceadb7336e1) Importer(815301076,1909f56bfc062723c751e8b465ee728b)  -> (artifact id: '870902c004cf8863cab3d65ef1da7e29') in 0.076506 seconds
  Import took 0.082118 seconds .

========================================================================
Received Import Request.
  Time since last request: 3.757823 seconds.
  path: Assets/03.Prefabs/PlayerRobot.prefab
  artifactKey: Guid(bfb09228e2d070d49a063ceadb7336e1) Importer(815301076,1909f56bfc062723c751e8b465ee728b)
Start importing Assets/03.Prefabs/PlayerRobot.prefab using Guid(bfb09228e2d070d49a063ceadb7336e1) Importer(815301076,1909f56bfc062723c751e8b465ee728b)  -> (artifact id: 'dcbce3f2da670256598aeb74f745133a') in 0.066081 seconds
  Import took 0.072586 seconds .

========================================================================
Received Prepare
Registering precompiled user dll's ...
Registered in 0.028023 seconds.
Begin MonoManager ReloadAssembly
Native extension for WindowsStandalone target not found
Refreshing native plugins compatible for Editor in 0.65 ms, found 2 plugins.
Preloading 0 native plugins for Editor in 0.00 ms.
Mono: successfully reloaded assembly
- Completed reload, in  1.852 seconds
Platform modules already initialized, skipping
Refreshing native plugins compatible for Editor in 0.54 ms, found 2 plugins.
Preloading 0 native plugins for Editor in 0.00 ms.
Unloading 1408 Unused Serialized files (Serialized files now loaded: 0)
System memory in use before: 89.8 MB.
System memory in use after: 89.9 MB.

Unloading 14 unused Assets to reduce memory usage. Loaded Objects now: 1993.
Total: 2.641200 ms (FindLiveObjects: 0.195200 ms CreateObjectMapping: 0.072800 ms MarkObjects: 2.247100 ms  DeleteObjects: 0.124300 ms)

========================================================================
Received Prepare
Registering precompiled user dll's ...
Registered in 0.219160 seconds.
Begin MonoManager ReloadAssembly
Native extension for WindowsStandalone target not found
Refreshing native plugins compatible for Editor in 0.55 ms, found 2 plugins.
Preloading 0 native plugins for Editor in 0.00 ms.
Mono: successfully reloaded assembly
- Completed reload, in  1.553 seconds
Platform modules already initialized, skipping
Refreshing native plugins compatible for Editor in 0.78 ms, found 2 plugins.
Preloading 0 native plugins for Editor in 0.00 ms.
Unloading 1408 Unused Serialized files (Serialized files now loaded: 0)
System memory in use before: 89.8 MB.
System memory in use after: 89.9 MB.

Unloading 14 unused Assets to reduce memory usage. Loaded Objects now: 1996.
Total: 4.042200 ms (FindLiveObjects: 0.275000 ms CreateObjectMapping: 0.120000 ms MarkObjects: 3.487500 ms  DeleteObjects: 0.156800 ms)

========================================================================
Received Prepare
Registering precompiled user dll's ...
Registered in 0.667308 seconds.
Begin MonoManager ReloadAssembly
Native extension for WindowsStandalone target not found
Refreshing native plugins compatible for Editor in 0.84 ms, found 2 plugins.
Preloading 0 native plugins for Editor in 0.00 ms.
Mono: successfully reloaded assembly
- Completed reload, in  3.994 seconds
Platform modules already initialized, skipping
Refreshing native plugins compatible for Editor in 0.60 ms, found 2 plugins.
Preloading 0 native plugins for Editor in 0.00 ms.
Unloading 1408 Unused Serialized files (Serialized files now loaded: 0)
System memory in use before: 89.8 MB.
System memory in use after: 89.9 MB.

Unloading 14 unused Assets to reduce memory usage. Loaded Objects now: 1999.
Total: 15.073600 ms (FindLiveObjects: 0.298500 ms CreateObjectMapping: 0.074500 ms MarkObjects: 13.231100 ms  DeleteObjects: 1.466600 ms)

========================================================================
Received Prepare
Registering precompiled user dll's ...
Registered in 0.135232 seconds.
Begin MonoManager ReloadAssembly
Native extension for WindowsStandalone target not found
Refreshing native plugins compatible for Editor in 0.52 ms, found 2 plugins.
Preloading 0 native plugins for Editor in 0.00 ms.
Mono: successfully reloaded assembly
- Completed reload, in  1.845 seconds
Platform modules already initialized, skipping
Refreshing native plugins compatible for Editor in 0.72 ms, found 2 plugins.
Preloading 0 native plugins for Editor in 0.00 ms.
Unloading 1408 Unused Serialized files (Serialized files now loaded: 0)
System memory in use before: 89.8 MB.
System memory in use after: 89.9 MB.

Unloading 14 unused Assets to reduce memory usage. Loaded Objects now: 2002.
Total: 7.391600 ms (FindLiveObjects: 0.315400 ms CreateObjectMapping: 0.090500 ms MarkObjects: 6.812100 ms  DeleteObjects: 0.170300 ms)

========================================================================
Received Prepare
Registering precompiled user dll's ...
Registered in 0.006802 seconds.
Begin MonoManager ReloadAssembly
Native extension for WindowsStandalone target not found
Refreshing native plugins compatible for Editor in 0.74 ms, found 2 plugins.
Preloading 0 native plugins for Editor in 0.00 ms.
Mono: successfully reloaded assembly
- Completed reload, in  2.069 seconds
Platform modules already initialized, skipping
Refreshing native plugins compatible for Editor in 0.58 ms, found 2 plugins.
Preloading 0 native plugins for Editor in 0.00 ms.
Unloading 1408 Unused Serialized files (Serialized files now loaded: 0)
System memory in use before: 89.8 MB.
System memory in use after: 89.9 MB.

Unloading 14 unused Assets to reduce memory usage. Loaded Objects now: 2005.
Total: 3.445200 ms (FindLiveObjects: 0.203400 ms CreateObjectMapping: 0.072400 ms MarkObjects: 3.059900 ms  DeleteObjects: 0.107400 ms)

========================================================================
Received Prepare
Registering precompiled user dll's ...
Registered in 0.028098 seconds.
Begin MonoManager ReloadAssembly
Native extension for WindowsStandalone target not found
Refreshing native plugins compatible for Editor in 0.91 ms, found 2 plugins.
Preloading 0 native plugins for Editor in 0.00 ms.
Mono: successfully reloaded assembly
- Completed reload, in  4.074 seconds
Platform modules already initialized, skipping
Refreshing native plugins compatible for Editor in 0.78 ms, found 2 plugins.
Preloading 0 native plugins for Editor in 0.00 ms.
Unloading 1408 Unused Serialized files (Serialized files now loaded: 0)
System memory in use before: 89.8 MB.
System memory in use after: 89.9 MB.

Unloading 14 unused Assets to reduce memory usage. Loaded Objects now: 2008.
Total: 21.589800 ms (FindLiveObjects: 0.686600 ms CreateObjectMapping: 0.103800 ms MarkObjects: 17.904200 ms  DeleteObjects: 2.887100 ms)

========================================================================
Received Prepare
Registering precompiled user dll's ...
Registered in 0.536604 seconds.
Begin MonoManager ReloadAssembly
Native extension for WindowsStandalone target not found
Refreshing native plugins compatible for Editor in 0.58 ms, found 2 plugins.
Preloading 0 native plugins for Editor in 0.00 ms.
Mono: successfully reloaded assembly
- Completed reload, in  4.637 seconds
Platform modules already initialized, skipping
Refreshing native plugins compatible for Editor in 0.62 ms, found 2 plugins.
Preloading 0 native plugins for Editor in 0.00 ms.
Unloading 1408 Unused Serialized files (Serialized files now loaded: 0)
System memory in use before: 89.8 MB.
System memory in use after: 89.9 MB.

Unloading 14 unused Assets to reduce memory usage. Loaded Objects now: 2011.
Total: 2.761700 ms (FindLiveObjects: 0.196600 ms CreateObjectMapping: 0.074200 ms MarkObjects: 2.388100 ms  DeleteObjects: 0.101100 ms)

========================================================================
Received Prepare
Registering precompiled user dll's ...
Registered in 0.023444 seconds.
Begin MonoManager ReloadAssembly
Native extension for WindowsStandalone target not found
Refreshing native plugins compatible for Editor in 0.71 ms, found 2 plugins.
Preloading 0 native plugins for Editor in 0.00 ms.
Mono: successfully reloaded assembly
- Completed reload, in  2.037 seconds
Platform modules already initialized, skipping
Refreshing native plugins compatible for Editor in 0.56 ms, found 2 plugins.
Preloading 0 native plugins for Editor in 0.00 ms.
Unloading 1408 Unused Serialized files (Serialized files now loaded: 0)
System memory in use before: 89.8 MB.
System memory in use after: 89.9 MB.

Unloading 14 unused Assets to reduce memory usage. Loaded Objects now: 2014.
Total: 3.032600 ms (FindLiveObjects: 0.214600 ms CreateObjectMapping: 0.070000 ms MarkObjects: 2.637400 ms  DeleteObjects: 0.108500 ms)

========================================================================
Received Prepare
Registering precompiled user dll's ...
Registered in 0.120556 seconds.
Begin MonoManager ReloadAssembly
Native extension for WindowsStandalone target not found
Refreshing native plugins compatible for Editor in 0.57 ms, found 2 plugins.
Preloading 0 native plugins for Editor in 0.00 ms.
Mono: successfully reloaded assembly
- Completed reload, in  1.693 seconds
Platform modules already initialized, skipping
Refreshing native plugins compatible for Editor in 0.56 ms, found 2 plugins.
Preloading 0 native plugins for Editor in 0.00 ms.
Unloading 1408 Unused Serialized files (Serialized files now loaded: 0)
System memory in use before: 89.8 MB.
System memory in use after: 89.9 MB.

Unloading 14 unused Assets to reduce memory usage. Loaded Objects now: 2017.
Total: 3.999700 ms (FindLiveObjects: 0.301400 ms CreateObjectMapping: 0.078700 ms MarkObjects: 3.499700 ms  DeleteObjects: 0.117600 ms)

========================================================================
Received Prepare
Registering precompiled user dll's ...
Registered in 0.087319 seconds.
Begin MonoManager ReloadAssembly
Native extension for WindowsStandalone target not found
Refreshing native plugins compatible for Editor in 0.58 ms, found 2 plugins.
Preloading 0 native plugins for Editor in 0.00 ms.
Mono: successfully reloaded assembly
- Completed reload, in  1.740 seconds
Platform modules already initialized, skipping
Refreshing native plugins compatible for Editor in 0.57 ms, found 2 plugins.
Preloading 0 native plugins for Editor in 0.00 ms.
Unloading 1408 Unused Serialized files (Serialized files now loaded: 0)
System memory in use before: 89.8 MB.
System memory in use after: 89.9 MB.

Unloading 14 unused Assets to reduce memory usage. Loaded Objects now: 2020.
Total: 2.642000 ms (FindLiveObjects: 0.213200 ms CreateObjectMapping: 0.076500 ms MarkObjects: 2.234700 ms  DeleteObjects: 0.115700 ms)

========================================================================
Received Prepare
Registering precompiled user dll's ...
Registered in 0.099322 seconds.
Begin MonoManager ReloadAssembly
Native extension for WindowsStandalone target not found
Refreshing native plugins compatible for Editor in 0.63 ms, found 2 plugins.
Preloading 0 native plugins for Editor in 0.00 ms.
Mono: successfully reloaded assembly
- Completed reload, in  2.284 seconds
Platform modules already initialized, skipping
Refreshing native plugins compatible for Editor in 1.01 ms, found 2 plugins.
Preloading 0 native plugins for Editor in 0.00 ms.
Unloading 1408 Unused Serialized files (Serialized files now loaded: 0)
System memory in use before: 89.8 MB.
System memory in use after: 89.9 MB.

Unloading 14 unused Assets to reduce memory usage. Loaded Objects now: 2023.
Total: 4.221400 ms (FindLiveObjects: 0.283500 ms CreateObjectMapping: 0.071800 ms MarkObjects: 3.635400 ms  DeleteObjects: 0.228100 ms)

========================================================================
Received Prepare
Registering precompiled user dll's ...
Registered in 0.227180 seconds.
Begin MonoManager ReloadAssembly
Native extension for WindowsStandalone target not found
Refreshing native plugins compatible for Editor in 0.70 ms, found 2 plugins.
Preloading 0 native plugins for Editor in 0.00 ms.
Mono: successfully reloaded assembly
- Completed reload, in  2.394 seconds
Platform modules already initialized, skipping
Refreshing native plugins compatible for Editor in 0.59 ms, found 2 plugins.
Preloading 0 native plugins for Editor in 0.00 ms.
Unloading 1408 Unused Serialized files (Serialized files now loaded: 0)
System memory in use before: 89.8 MB.
System memory in use after: 89.9 MB.

Unloading 14 unused Assets to reduce memory usage. Loaded Objects now: 2026.
Total: 3.162600 ms (FindLiveObjects: 0.254200 ms CreateObjectMapping: 0.077000 ms MarkObjects: 2.644000 ms  DeleteObjects: 0.185000 ms)

========================================================================
Received Prepare
Registering precompiled user dll's ...
Registered in 0.082026 seconds.
Begin MonoManager ReloadAssembly
Native extension for WindowsStandalone target not found
Refreshing native plugins compatible for Editor in 0.56 ms, found 2 plugins.
Preloading 0 native plugins for Editor in 0.00 ms.
Mono: successfully reloaded assembly
- Completed reload, in  2.527 seconds
Platform modules already initialized, skipping
Refreshing native plugins compatible for Editor in 2.35 ms, found 2 plugins.
Preloading 0 native plugins for Editor in 0.00 ms.
Unloading 1408 Unused Serialized files (Serialized files now loaded: 0)
System memory in use before: 89.8 MB.
System memory in use after: 89.9 MB.

Unloading 14 unused Assets to reduce memory usage. Loaded Objects now: 2029.
Total: 3.538500 ms (FindLiveObjects: 0.389700 ms CreateObjectMapping: 0.083200 ms MarkObjects: 2.941400 ms  DeleteObjects: 0.121700 ms)

========================================================================
Received Prepare
Registering precompiled user dll's ...
Registered in 0.233172 seconds.
Begin MonoManager ReloadAssembly
Native extension for WindowsStandalone target not found
Refreshing native plugins compatible for Editor in 0.61 ms, found 2 plugins.
Preloading 0 native plugins for Editor in 0.00 ms.
Mono: successfully reloaded assembly
- Completed reload, in  3.130 seconds
Platform modules already initialized, skipping
Refreshing native plugins compatible for Editor in 0.54 ms, found 2 plugins.
Preloading 0 native plugins for Editor in 0.00 ms.
Unloading 1408 Unused Serialized files (Serialized files now loaded: 0)
System memory in use before: 89.8 MB.
System memory in use after: 89.9 MB.

Unloading 14 unused Assets to reduce memory usage. Loaded Objects now: 2032.
Total: 3.930400 ms (FindLiveObjects: 0.220700 ms CreateObjectMapping: 0.073500 ms MarkObjects: 3.522400 ms  DeleteObjects: 0.111300 ms)

========================================================================
Received Prepare
Registering precompiled user dll's ...
Registered in 0.121836 seconds.
Begin MonoManager ReloadAssembly
Native extension for WindowsStandalone target not found
Refreshing native plugins compatible for Editor in 0.56 ms, found 2 plugins.
Preloading 0 native plugins for Editor in 0.00 ms.
Mono: successfully reloaded assembly
- Completed reload, in  1.721 seconds
Platform modules already initialized, skipping
Refreshing native plugins compatible for Editor in 0.59 ms, found 2 plugins.
Preloading 0 native plugins for Editor in 0.00 ms.
Unloading 1408 Unused Serialized files (Serialized files now loaded: 0)
System memory in use before: 89.8 MB.
System memory in use after: 89.9 MB.

Unloading 14 unused Assets to reduce memory usage. Loaded Objects now: 2035.
Total: 3.713000 ms (FindLiveObjects: 0.237700 ms CreateObjectMapping: 0.073400 ms MarkObjects: 3.264000 ms  DeleteObjects: 0.135700 ms)

========================================================================
Received Prepare
Registering precompiled user dll's ...
Registered in 0.071475 seconds.
Begin MonoManager ReloadAssembly
Native extension for WindowsStandalone target not found
Refreshing native plugins compatible for Editor in 0.65 ms, found 2 plugins.
Preloading 0 native plugins for Editor in 0.00 ms.
Mono: successfully reloaded assembly
- Completed reload, in  1.814 seconds
Platform modules already initialized, skipping
Refreshing native plugins compatible for Editor in 0.57 ms, found 2 plugins.
Preloading 0 native plugins for Editor in 0.00 ms.
Unloading 1408 Unused Serialized files (Serialized files now loaded: 0)
System memory in use before: 89.9 MB.
System memory in use after: 89.9 MB.

Unloading 14 unused Assets to reduce memory usage. Loaded Objects now: 2038.
Total: 3.440000 ms (FindLiveObjects: 0.257300 ms CreateObjectMapping: 0.116600 ms MarkObjects: 2.947400 ms  DeleteObjects: 0.116200 ms)

========================================================================
Received Prepare
Registering precompiled user dll's ...
Registered in 0.095874 seconds.
Begin MonoManager ReloadAssembly
Native extension for WindowsStandalone target not found
Refreshing native plugins compatible for Editor in 0.84 ms, found 2 plugins.
Preloading 0 native plugins for Editor in 0.00 ms.
Mono: successfully reloaded assembly
- Completed reload, in  3.003 seconds
Platform modules already initialized, skipping
Refreshing native plugins compatible for Editor in 0.61 ms, found 2 plugins.
Preloading 0 native plugins for Editor in 0.00 ms.
Unloading 1408 Unused Serialized files (Serialized files now loaded: 0)
System memory in use before: 89.9 MB.
System memory in use after: 89.9 MB.

Unloading 14 unused Assets to reduce memory usage. Loaded Objects now: 2041.
Total: 7.777400 ms (FindLiveObjects: 0.922400 ms CreateObjectMapping: 0.091900 ms MarkObjects: 6.264100 ms  DeleteObjects: 0.495600 ms)

========================================================================
Received Prepare
Registering precompiled user dll's ...
Registered in 0.206692 seconds.
Begin MonoManager ReloadAssembly
Native extension for WindowsStandalone target not found
Refreshing native plugins compatible for Editor in 0.61 ms, found 2 plugins.
Preloading 0 native plugins for Editor in 0.00 ms.
Mono: successfully reloaded assembly
- Completed reload, in  2.312 seconds
Platform modules already initialized, skipping
Refreshing native plugins compatible for Editor in 0.56 ms, found 2 plugins.
Preloading 0 native plugins for Editor in 0.00 ms.
Unloading 1408 Unused Serialized files (Serialized files now loaded: 0)
System memory in use before: 89.9 MB.
System memory in use after: 89.9 MB.

Unloading 14 unused Assets to reduce memory usage. Loaded Objects now: 2044.
Total: 4.861600 ms (FindLiveObjects: 0.218300 ms CreateObjectMapping: 0.072100 ms MarkObjects: 4.306600 ms  DeleteObjects: 0.262300 ms)

========================================================================
Received Import Request.
  Time since last request: 2338.569756 seconds.
  path: ProjectSettings/TagManager.asset
  artifactKey: Guid(00000000000000003000000000000000) Importer(815301076,1909f56bfc062723c751e8b465ee728b)
Start importing ProjectSettings/TagManager.asset using Guid(00000000000000003000000000000000) Importer(815301076,1909f56bfc062723c751e8b465ee728b)  -> (artifact id: '19f067e19cb065db2f41935e8ac5812b') in 1.604150 seconds
  Import took 1.651062 seconds .

========================================================================
Received Prepare
Registering precompiled user dll's ...
Registered in 0.272881 seconds.
Begin MonoManager ReloadAssembly
Native extension for WindowsStandalone target not found
Refreshing native plugins compatible for Editor in 0.55 ms, found 2 plugins.
Preloading 0 native plugins for Editor in 0.00 ms.
Mono: successfully reloaded assembly
- Completed reload, in  3.836 seconds
Platform modules already initialized, skipping
Refreshing native plugins compatible for Editor in 0.59 ms, found 2 plugins.
Preloading 0 native plugins for Editor in 0.00 ms.
Unloading 1408 Unused Serialized files (Serialized files now loaded: 0)
System memory in use before: 89.9 MB.
System memory in use after: 90.0 MB.

Unloading 15 unused Assets to reduce memory usage. Loaded Objects now: 2047.
Total: 8.937800 ms (FindLiveObjects: 0.724900 ms CreateObjectMapping: 0.083400 ms MarkObjects: 7.597000 ms  DeleteObjects: 0.530200 ms)

========================================================================
Received Prepare
Registering precompiled user dll's ...
Registered in 0.219892 seconds.
Begin MonoManager ReloadAssembly
Native extension for WindowsStandalone target not found
Refreshing native plugins compatible for Editor in 0.81 ms, found 2 plugins.
Preloading 0 native plugins for Editor in 0.00 ms.
Mono: successfully reloaded assembly
- Completed reload, in  2.991 seconds
Platform modules already initialized, skipping
Refreshing native plugins compatible for Editor in 0.56 ms, found 2 plugins.
Preloading 0 native plugins for Editor in 0.00 ms.
Unloading 1408 Unused Serialized files (Serialized files now loaded: 0)
System memory in use before: 89.9 MB.
System memory in use after: 90.0 MB.

Unloading 14 unused Assets to reduce memory usage. Loaded Objects now: 2050.
Total: 6.127800 ms (FindLiveObjects: 0.246400 ms CreateObjectMapping: 0.071600 ms MarkObjects: 5.390900 ms  DeleteObjects: 0.416800 ms)

========================================================================
Received Prepare
Registering precompiled user dll's ...
Registered in 0.070124 seconds.
Begin MonoManager ReloadAssembly
Native extension for WindowsStandalone target not found
Refreshing native plugins compatible for Editor in 0.74 ms, found 2 plugins.
Preloading 0 native plugins for Editor in 0.00 ms.
Mono: successfully reloaded assembly
- Completed reload, in  2.452 seconds
Platform modules already initialized, skipping
Refreshing native plugins compatible for Editor in 0.60 ms, found 2 plugins.
Preloading 0 native plugins for Editor in 0.00 ms.
Unloading 1408 Unused Serialized files (Serialized files now loaded: 0)
System memory in use before: 89.9 MB.
System memory in use after: 90.0 MB.

Unloading 14 unused Assets to reduce memory usage. Loaded Objects now: 2053.
Total: 10.180900 ms (FindLiveObjects: 0.258400 ms CreateObjectMapping: 0.075100 ms MarkObjects: 8.803200 ms  DeleteObjects: 1.042000 ms)

========================================================================
Received Prepare
Registering precompiled user dll's ...
Registered in 0.153891 seconds.
Begin MonoManager ReloadAssembly
Native extension for WindowsStandalone target not found
Refreshing native plugins compatible for Editor in 0.58 ms, found 2 plugins.
Preloading 0 native plugins for Editor in 0.00 ms.
Mono: successfully reloaded assembly
- Completed reload, in  2.613 seconds
Platform modules already initialized, skipping
Refreshing native plugins compatible for Editor in 0.62 ms, found 2 plugins.
Preloading 0 native plugins for Editor in 0.00 ms.
Unloading 1408 Unused Serialized files (Serialized files now loaded: 0)
System memory in use before: 89.9 MB.
System memory in use after: 90.0 MB.

Unloading 14 unused Assets to reduce memory usage. Loaded Objects now: 2056.
Total: 15.889500 ms (FindLiveObjects: 0.284800 ms CreateObjectMapping: 0.072200 ms MarkObjects: 14.600800 ms  DeleteObjects: 0.929500 ms)

========================================================================
Received Prepare
Registering precompiled user dll's ...
Registered in 0.097474 seconds.
Begin MonoManager ReloadAssembly
Native extension for WindowsStandalone target not found
Refreshing native plugins compatible for Editor in 0.63 ms, found 2 plugins.
Preloading 0 native plugins for Editor in 0.00 ms.
Mono: successfully reloaded assembly
- Completed reload, in  2.251 seconds
Platform modules already initialized, skipping
Refreshing native plugins compatible for Editor in 0.54 ms, found 2 plugins.
Preloading 0 native plugins for Editor in 0.00 ms.
Unloading 1408 Unused Serialized files (Serialized files now loaded: 0)
System memory in use before: 89.9 MB.
System memory in use after: 90.0 MB.

Unloading 14 unused Assets to reduce memory usage. Loaded Objects now: 2059.
Total: 2.816500 ms (FindLiveObjects: 0.207400 ms CreateObjectMapping: 0.095100 ms MarkObjects: 2.400600 ms  DeleteObjects: 0.111700 ms)

========================================================================
Received Prepare
Registering precompiled user dll's ...
Registered in 0.227452 seconds.
Begin MonoManager ReloadAssembly
Native extension for WindowsStandalone target not found
Refreshing native plugins compatible for Editor in 0.88 ms, found 2 plugins.
Preloading 0 native plugins for Editor in 0.00 ms.
Mono: successfully reloaded assembly
- Completed reload, in  3.932 seconds
Platform modules already initialized, skipping
Refreshing native plugins compatible for Editor in 0.74 ms, found 2 plugins.
Preloading 0 native plugins for Editor in 0.00 ms.
Unloading 1408 Unused Serialized files (Serialized files now loaded: 0)
System memory in use before: 89.9 MB.
System memory in use after: 90.0 MB.

Unloading 14 unused Assets to reduce memory usage. Loaded Objects now: 2062.
Total: 12.638100 ms (FindLiveObjects: 0.256800 ms CreateObjectMapping: 0.074700 ms MarkObjects: 11.359500 ms  DeleteObjects: 0.944700 ms)

========================================================================
Received Prepare
Registering precompiled user dll's ...
Registered in 0.076702 seconds.
Begin MonoManager ReloadAssembly
Native extension for WindowsStandalone target not found
Refreshing native plugins compatible for Editor in 0.67 ms, found 2 plugins.
Preloading 0 native plugins for Editor in 0.00 ms.
Mono: successfully reloaded assembly
- Completed reload, in  2.492 seconds
Platform modules already initialized, skipping
Refreshing native plugins compatible for Editor in 0.64 ms, found 2 plugins.
Preloading 0 native plugins for Editor in 0.00 ms.
Unloading 1408 Unused Serialized files (Serialized files now loaded: 0)
System memory in use before: 89.9 MB.
System memory in use after: 90.0 MB.

Unloading 14 unused Assets to reduce memory usage. Loaded Objects now: 2065.
Total: 7.498800 ms (FindLiveObjects: 0.318500 ms CreateObjectMapping: 0.078300 ms MarkObjects: 6.081100 ms  DeleteObjects: 1.017900 ms)

========================================================================
Received Prepare
Registering precompiled user dll's ...
Registered in 0.114137 seconds.
Begin MonoManager ReloadAssembly
Native extension for WindowsStandalone target not found
Refreshing native plugins compatible for Editor in 0.75 ms, found 2 plugins.
Preloading 0 native plugins for Editor in 0.00 ms.
Mono: successfully reloaded assembly
- Completed reload, in  2.120 seconds
Platform modules already initialized, skipping
Refreshing native plugins compatible for Editor in 0.71 ms, found 2 plugins.
Preloading 0 native plugins for Editor in 0.00 ms.
Unloading 1408 Unused Serialized files (Serialized files now loaded: 0)
System memory in use before: 89.9 MB.
System memory in use after: 90.0 MB.

Unloading 14 unused Assets to reduce memory usage. Loaded Objects now: 2068.
Total: 6.021200 ms (FindLiveObjects: 0.257800 ms CreateObjectMapping: 0.079900 ms MarkObjects: 5.570300 ms  DeleteObjects: 0.110800 ms)

========================================================================
Received Prepare
Registering precompiled user dll's ...
Registered in 0.080998 seconds.
Begin MonoManager ReloadAssembly
Native extension for WindowsStandalone target not found
Refreshing native plugins compatible for Editor in 0.72 ms, found 2 plugins.
Preloading 0 native plugins for Editor in 0.00 ms.
Mono: successfully reloaded assembly
- Completed reload, in  1.790 seconds
Platform modules already initialized, skipping
Refreshing native plugins compatible for Editor in 0.69 ms, found 2 plugins.
Preloading 0 native plugins for Editor in 0.00 ms.
Unloading 1408 Unused Serialized files (Serialized files now loaded: 0)
System memory in use before: 89.9 MB.
System memory in use after: 90.0 MB.

Unloading 14 unused Assets to reduce memory usage. Loaded Objects now: 2071.
Total: 3.052700 ms (FindLiveObjects: 0.286400 ms CreateObjectMapping: 0.078900 ms MarkObjects: 2.576400 ms  DeleteObjects: 0.108900 ms)

========================================================================
Received Prepare
Registering precompiled user dll's ...
Registered in 0.007549 seconds.
Begin MonoManager ReloadAssembly
Native extension for WindowsStandalone target not found
Refreshing native plugins compatible for Editor in 0.68 ms, found 2 plugins.
Preloading 0 native plugins for Editor in 0.00 ms.
Mono: successfully reloaded assembly
- Completed reload, in  1.779 seconds
Platform modules already initialized, skipping
Refreshing native plugins compatible for Editor in 0.55 ms, found 2 plugins.
Preloading 0 native plugins for Editor in 0.00 ms.
Unloading 1408 Unused Serialized files (Serialized files now loaded: 0)
System memory in use before: 89.9 MB.
System memory in use after: 90.0 MB.

Unloading 14 unused Assets to reduce memory usage. Loaded Objects now: 2074.
Total: 2.661400 ms (FindLiveObjects: 0.211000 ms CreateObjectMapping: 0.073300 ms MarkObjects: 2.225700 ms  DeleteObjects: 0.149100 ms)

========================================================================
Received Prepare
Registering precompiled user dll's ...
Registered in 0.204255 seconds.
Begin MonoManager ReloadAssembly
Native extension for WindowsStandalone target not found
Refreshing native plugins compatible for Editor in 0.76 ms, found 2 plugins.
Preloading 0 native plugins for Editor in 0.00 ms.
Mono: successfully reloaded assembly
- Completed reload, in  4.009 seconds
Platform modules already initialized, skipping
Refreshing native plugins compatible for Editor in 0.75 ms, found 2 plugins.
Preloading 0 native plugins for Editor in 0.00 ms.
Unloading 1408 Unused Serialized files (Serialized files now loaded: 0)
System memory in use before: 89.9 MB.
System memory in use after: 90.0 MB.

Unloading 14 unused Assets to reduce memory usage. Loaded Objects now: 2077.
Total: 10.856000 ms (FindLiveObjects: 1.390900 ms CreateObjectMapping: 0.074800 ms MarkObjects: 8.790000 ms  DeleteObjects: 0.598500 ms)

========================================================================
Received Prepare
Registering precompiled user dll's ...
Registered in 0.093444 seconds.
Begin MonoManager ReloadAssembly
Native extension for WindowsStandalone target not found
Refreshing native plugins compatible for Editor in 0.53 ms, found 2 plugins.
Preloading 0 native plugins for Editor in 0.00 ms.
Mono: successfully reloaded assembly
- Completed reload, in  3.004 seconds
Platform modules already initialized, skipping
Refreshing native plugins compatible for Editor in 0.58 ms, found 2 plugins.
Preloading 0 native plugins for Editor in 0.00 ms.
Unloading 1408 Unused Serialized files (Serialized files now loaded: 0)
System memory in use before: 89.9 MB.
System memory in use after: 90.0 MB.

Unloading 14 unused Assets to reduce memory usage. Loaded Objects now: 2080.
Total: 3.423400 ms (FindLiveObjects: 0.235500 ms CreateObjectMapping: 0.072400 ms MarkObjects: 2.972700 ms  DeleteObjects: 0.140200 ms)

========================================================================
Received Prepare
Registering precompiled user dll's ...
Registered in 0.076641 seconds.
Begin MonoManager ReloadAssembly
Native extension for WindowsStandalone target not found
Refreshing native plugins compatible for Editor in 0.55 ms, found 2 plugins.
Preloading 0 native plugins for Editor in 0.00 ms.
Mono: successfully reloaded assembly
- Completed reload, in  1.524 seconds
Platform modules already initialized, skipping
Refreshing native plugins compatible for Editor in 2.42 ms, found 2 plugins.
Preloading 0 native plugins for Editor in 0.00 ms.
Unloading 1408 Unused Serialized files (Serialized files now loaded: 0)
System memory in use before: 89.9 MB.
System memory in use after: 90.0 MB.

Unloading 14 unused Assets to reduce memory usage. Loaded Objects now: 2083.
Total: 3.498800 ms (FindLiveObjects: 0.326100 ms CreateObjectMapping: 0.075800 ms MarkObjects: 2.964500 ms  DeleteObjects: 0.130100 ms)

========================================================================
Received Prepare
Registering precompiled user dll's ...
Registered in 0.288526 seconds.
Begin MonoManager ReloadAssembly
Native extension for WindowsStandalone target not found
Refreshing native plugins compatible for Editor in 1.16 ms, found 2 plugins.
Preloading 0 native plugins for Editor in 0.00 ms.
Mono: successfully reloaded assembly
- Completed reload, in  6.680 seconds
Platform modules already initialized, skipping
Refreshing native plugins compatible for Editor in 0.58 ms, found 2 plugins.
Preloading 0 native plugins for Editor in 0.00 ms.
Unloading 1408 Unused Serialized files (Serialized files now loaded: 0)
System memory in use before: 89.9 MB.
System memory in use after: 90.0 MB.

Unloading 14 unused Assets to reduce memory usage. Loaded Objects now: 2086.
Total: 18.909900 ms (FindLiveObjects: 0.637200 ms CreateObjectMapping: 0.076500 ms MarkObjects: 17.035200 ms  DeleteObjects: 1.159300 ms)

AssetImportWorkerClient::OnTransportError - code=2 error=End of file
